Comparison #6
  Timestamp: 2026-05-04T11:16:40.264404+00:00
Run Comparison
  Reference: system_a  experiment=dedd97a11bc345aebcde4f4e39baf5d8  run=run-0000
  Candidate: system_aw  experiment=e2768c1543e04ffb9bbba3fa77c328bb  run=run-0000
  Episodes: 50 compared, 50 valid, 0 invalid

Per-episode Results
                      Per-episode Results                      
┏━━━━━━━━━┳━━━━━━━━━━┳━━━━━━━━━┳━━━━━━━━━━━┳━━━━━━━━━━┳━━━━━━━┓
┃ Episode ┃ Mismatch ┃ Pos div ┃ Steps r/c ┃ Survivor ┃ Notes ┃
┡━━━━━━━━━╇━━━━━━━━━━╇━━━━━━━━━╇━━━━━━━━━━━╇━━━━━━━━━━╇━━━━━━━┩
│ 1       │    83.0% │    8.93 │   400/400 │ equal    │       │
│ 2       │    84.8% │    6.97 │   400/400 │ equal    │       │
│ 3       │    87.2% │    7.69 │   400/400 │ equal    │       │
│ 4       │    86.8% │    8.04 │   400/400 │ equal    │       │
│ 5       │    84.8% │    6.80 │   400/400 │ equal    │       │
│ 6       │    86.8% │    9.21 │   400/400 │ equal    │       │
│ 7       │    85.5% │    9.03 │   400/400 │ equal    │       │
│ 8       │    84.5% │    9.90 │   400/400 │ equal    │       │
│ 9       │    85.0% │   10.06 │   400/400 │ equal    │       │
│ 10      │    87.0% │   11.48 │   400/400 │ equal    │       │
│ 11      │    86.0% │    8.57 │   400/400 │ equal    │       │
│ 12      │    83.0% │    8.95 │   400/400 │ equal    │       │
│ 13      │    87.0% │    8.52 │   400/400 │ equal    │       │
│ 14      │    87.0% │    9.70 │   400/400 │ equal    │       │
│ 15      │    86.5% │   12.17 │   400/400 │ equal    │       │
│ 16      │    84.8% │    5.76 │   400/400 │ equal    │       │
│ 17      │    85.0% │   13.71 │   400/400 │ equal    │       │
│ 18      │    86.2% │    5.74 │   400/400 │ equal    │       │
│ 19      │    85.0% │    8.58 │   400/400 │ equal    │       │
│ 20      │    86.2% │    8.71 │   400/400 │ equal    │       │
│ 21      │    86.5% │    9.77 │   400/400 │ equal    │       │
│ 22      │    82.8% │    7.58 │   400/400 │ equal    │       │
│ 23      │    87.8% │    8.83 │   400/400 │ equal    │       │
│ 24      │    85.0% │    8.40 │   400/400 │ equal    │       │
│ 25      │    87.8% │    8.72 │   400/400 │ equal    │       │
│ 26      │    86.0% │   14.01 │   400/400 │ equal    │       │
│ 27      │    84.8% │   12.22 │   400/400 │ equal    │       │
│ 28      │    81.5% │    9.08 │   400/400 │ equal    │       │
│ 29      │    81.8% │    9.58 │   400/400 │ equal    │       │
│ 30      │    86.5% │    6.38 │   400/400 │ equal    │       │
│ 31      │    85.8% │    9.49 │   400/400 │ equal    │       │
│ 32      │    83.5% │    9.88 │   400/400 │ equal    │       │
│ 33      │    86.8% │    8.66 │   400/400 │ equal    │       │
│ 34      │    86.5% │    6.00 │   400/400 │ equal    │       │
│ 35      │    85.8% │   13.57 │   400/400 │ equal    │       │
│ 36      │    86.2% │    4.31 │   400/400 │ equal    │       │
│ 37      │    84.0% │    8.82 │   400/400 │ equal    │       │
│ 38      │    81.0% │    8.74 │   400/400 │ equal    │       │
│ 39      │    82.2% │    5.05 │   400/400 │ equal    │       │
│ 40      │    85.5% │    9.13 │   400/400 │ equal    │       │
│ 41      │    86.0% │   10.92 │   400/400 │ equal    │       │
│ 42      │    87.0% │    4.18 │   400/400 │ equal    │       │
│ 43      │    87.2% │    7.10 │   400/400 │ equal    │       │
│ 44      │    85.2% │    5.89 │   400/400 │ equal    │       │
│ 45      │    84.0% │    6.89 │   400/400 │ equal    │       │
│ 46      │    87.5% │    9.62 │   400/400 │ equal    │       │
│ 47      │    87.0% │    7.98 │   400/400 │ equal    │       │
│ 48      │    84.8% │    6.68 │   400/400 │ equal    │       │
│ 49      │    86.0% │    7.08 │   400/400 │ equal    │       │
│ 50      │    85.2% │   11.71 │   400/400 │ equal    │       │
└─────────┴──────────┴─────────┴───────────┴──────────┴───────┘
  Aligned run-level comparison across matched episode pairs.   

Statistical Summary
                          Statistical Summary                           
┏━━━━━━━━━━━━━━━━━━━━━━━━━━┳━━━━━━━━━┳━━━━━━━━┳━━━━━━━━━┳━━━━━━━━━┳━━━━┓
┃ Metric                   ┃    Mean ┃    Std ┃     Min ┃     Max ┃  N ┃
┡━━━━━━━━━━━━━━━━━━━━━━━━━━╇━━━━━━━━━╇━━━━━━━━╇━━━━━━━━━╇━━━━━━━━━╇━━━━┩
│ Action mismatch rate     │  0.8539 │ 0.0167 │  0.8100 │  0.8775 │ 50 │
│ Mean trajectory distance │  8.6958 │ 2.2431 │  4.1850 │ 14.0100 │ 50 │
│ Mean vitality difference │  0.1728 │ 0.0051 │  0.1633 │  0.1850 │ 50 │
│ Final vitality delta     │ -0.1730 │ 0.0615 │ -0.2702 │ -0.0586 │ 50 │
│ Total steps delta        │ +0.0000 │ 0.0000 │ +0.0000 │ +0.0000 │ 50 │
└──────────────────────────┴─────────┴────────┴─────────┴─────────┴────┘
           Descriptive statistics across valid episode pairs.           
  Hint: How often the two agents chose different actions at the same timestep.
  Hint: Average Manhattan distance between the two agents per episode.
  Hint: Average absolute difference in vitality between the two agents.
  Hint: Candidate final vitality minus reference final vitality.
  Hint: Candidate episode length minus reference episode length.
  Survival rates: reference=100%  candidate=100%
  Longer survivor: candidate=0  reference=0  equal=50

Configurations
  Hint: Differing config values are highlighted when terminal styling is enabled.
  Reference config: system_type=system_a
    system_type: system_a
    experiment_type: single_run
    general.seed: 42
    execution.max_steps: 400
    execution.trace_mode: full
    execution.parallelism_mode: episodes
    execution.max_workers: 6
    world.world_type: grid_2d
    world.grid_width: 12
    world.grid_height: 12
    world.obstacle_density: 0.15
    world.resource_regen_rate: 0.018
    world.resource_regen_cooldown_steps: 5
    world.topology: bounded
    world.regeneration_mode: all_traversable
    system.agent.initial_energy: 100.0
    system.agent.max_energy: 100.0
    system.agent.buffer_capacity: 30
    system.policy.selection_mode: argmax
    system.policy.temperature: 10.0
    system.policy.stay_suppression: 0.1
    system.policy.consume_weight: 2.5
    system.transition.move_cost: 1.0
    system.transition.consume_cost: 0.5
    system.transition.stay_cost: 0.3
    system.transition.max_consume: 1.0
    system.transition.energy_gain_factor: 15.0
    num_episodes_per_run: 50
    agent_start_position.x: 10
    agent_start_position.y: 10
  Candidate config: system_type=system_aw
    system_type: system_aw
    experiment_type: single_run
    general.seed: 42
    execution.max_steps: 400
    execution.trace_mode: full
    execution.parallelism_mode: episodes
    execution.max_workers: 6
    world.world_type: grid_2d
    world.grid_width: 12
    world.grid_height: 12
    world.obstacle_density: 0.15
    world.resource_regen_rate: 0.018
    world.resource_regen_cooldown_steps: 5
    world.topology: bounded
    world.regeneration_mode: all_traversable
    system.agent.initial_energy: 100.0
    system.agent.max_energy: 100.0
    system.agent.buffer_capacity: 30
    system.policy.selection_mode: argmax
    system.policy.temperature: 10.0
    system.policy.stay_suppression: 0.1
    system.policy.consume_weight: 2.5
    system.transition.move_cost: 1.0
    system.transition.consume_cost: 0.5
    system.transition.stay_cost: 0.3
    system.transition.max_consume: 1.0
    system.transition.energy_gain_factor: 15.0
    system.curiosity.base_curiosity: 0.42
    system.curiosity.spatial_sensory_balance: 0.2
    system.curiosity.explore_suppression: 0.16
    system.curiosity.novelty_sharpness: 1.3
    system.arbitration.hunger_weight_base: 0.5
    system.arbitration.curiosity_weight_base: 0.72
    system.arbitration.gating_sharpness: 2.0
    num_episodes_per_run: 50
    agent_start_position.x: 10
    agent_start_position.y: 10
