Run run-0000
  Experiment: e2768c1543e04ffb9bbba3fa77c328bb
  Status: completed
  Output form: point
  Variation: baseline
  Created: 2026-05-04T11:15:48.890137+00:00
  Trace mode: full
  Base seed: 42
  Episodes: 50

Summary
  mean_steps=400.0  death_rate=0.00  mean_final_vitality=0.821

Behavioral Metrics
           Standard Metrics            
┏━━━━━━━━━━━━━━━━━━━━━━━━━┳━━━━━━━━━━━┓
┃ Metric                  ┃     Value ┃
┡━━━━━━━━━━━━━━━━━━━━━━━━━╇━━━━━━━━━━━┩
│ resource_gain_per_step  │  0.923409 │
│ net_energy_efficiency   │  0.953722 │
│ successful_consume_rate │  1.000000 │
│ failed_movement_rate    │  0.000000 │
│ action_entropy          │  1.454658 │
│ policy_sharpness        │  0.320300 │
│ unique_cells_visited    │ 49.480000 │
│ coverage_efficiency     │  0.127755 │
│ revisit_rate            │  0.869304 │
└─────────────────────────┴───────────┘
      Mean values across the run.      

System Metrics
         system_aw_arbitration         
┏━━━━━━━━━━━━━━━━━━━━━━━━━━┳━━━━━━━━━━┓
┃ Metric                   ┃    Value ┃
┡━━━━━━━━━━━━━━━━━━━━━━━━━━╇━━━━━━━━━━┩
│ curiosity_dominance_rate │ 0.358050 │
│ mean_curiosity_weight    │ 0.486852 │
│ mean_hunger_weight       │ 0.517960 │
│ arbitrated_step_count    │    20000 │
└──────────────────────────┴──────────┘
          system_aw_curiosity           
┏━━━━━━━━━━━━━━━━━━━━━━━━━━━┳━━━━━━━━━━┓
┃ Metric                    ┃    Value ┃
┡━━━━━━━━━━━━━━━━━━━━━━━━━━━╇━━━━━━━━━━┩
│ mean_curiosity_activation │ 0.318439 │
│ mean_spatial_novelty      │ 0.475306 │
│ mean_sensory_novelty      │ 0.266943 │
│ mean_composite_novelty    │ 0.308616 │
│ curiosity_pressure_rate   │ 0.843750 │
└───────────────────────────┴──────────┘
           system_aw_world_model           
┏━━━━━━━━━━━━━━━━━━━━━━━━━━━━━┳━━━━━━━━━━━┓
┃ Metric                      ┃     Value ┃
┡━━━━━━━━━━━━━━━━━━━━━━━━━━━━━╇━━━━━━━━━━━┩
│ world_model_unique_cells    │ 49.480000 │
│ mean_visit_count_at_current │ 15.085200 │
│ world_model_revisit_ratio   │  0.876608 │
└─────────────────────────────┴───────────┘
                 system_aw_behavior                 
┏━━━━━━━━━━━━━━━━━━━━━━━━━━━━━━━━━━━━━━━┳━━━━━━━━━━┓
┃ Metric                                ┃    Value ┃
┡━━━━━━━━━━━━━━━━━━━━━━━━━━━━━━━━━━━━━━━╇━━━━━━━━━━┩
│ curiosity_led_move_rate               │ 0.818800 │
│ consume_under_curiosity_pressure_rate │ 0.029570 │
│ movement_step_rate                    │ 0.936450 │
│ consume_step_rate                     │ 0.063550 │
└───────────────────────────────────────┴──────────┘
