Run run-0000
  Experiment: 31eaad8e66e64e66a702f4a646f07f86
  Status: completed
  Output form: point
  Variation: baseline
  Created: 2026-05-04T11:11:25.454246+00:00
  Trace mode: full
  Base seed: 42
  Episodes: 50

Summary
  mean_steps=389.8  death_rate=0.06  mean_final_vitality=0.726

Behavioral Metrics
            Standard Metrics            
┏━━━━━━━━━━━━━━━━━━━━━━━━━┳━━━━━━━━━━━━┓
┃ Metric                  ┃      Value ┃
┡━━━━━━━━━━━━━━━━━━━━━━━━━╇━━━━━━━━━━━━┩
│ resource_gain_per_step  │   0.878167 │
│ net_energy_efficiency   │   0.909854 │
│ successful_consume_rate │   0.980000 │
│ failed_movement_rate    │   0.000000 │
│ action_entropy          │   1.515408 │
│ policy_sharpness        │   0.310041 │
│ unique_cells_visited    │ 116.980000 │
│ coverage_efficiency     │   0.321761 │
│ revisit_rate            │   0.668764 │
└─────────────────────────┴────────────┘
      Mean values across the run.       

System Metrics
         system_aw_arbitration         
┏━━━━━━━━━━━━━━━━━━━━━━━━━━┳━━━━━━━━━━┓
┃ Metric                   ┃    Value ┃
┡━━━━━━━━━━━━━━━━━━━━━━━━━━╇━━━━━━━━━━┩
│ curiosity_dominance_rate │ 0.221806 │
│ mean_curiosity_weight    │ 0.429865 │
│ mean_hunger_weight       │ 0.535003 │
│ arbitrated_step_count    │    19490 │
└──────────────────────────┴──────────┘
          system_aw_curiosity           
┏━━━━━━━━━━━━━━━━━━━━━━━━━━━┳━━━━━━━━━━┓
┃ Metric                    ┃    Value ┃
┡━━━━━━━━━━━━━━━━━━━━━━━━━━━╇━━━━━━━━━━┩
│ mean_curiosity_activation │ 0.329454 │
│ mean_spatial_novelty      │ 0.604030 │
│ mean_sensory_novelty      │ 0.233750 │
│ mean_composite_novelty    │ 0.307806 │
│ curiosity_pressure_rate   │ 0.598974 │
└───────────────────────────┴──────────┘
           system_aw_world_model            
┏━━━━━━━━━━━━━━━━━━━━━━━━━━━━━┳━━━━━━━━━━━━┓
┃ Metric                      ┃      Value ┃
┡━━━━━━━━━━━━━━━━━━━━━━━━━━━━━╇━━━━━━━━━━━━┩
│ world_model_unique_cells    │ 141.680000 │
│ mean_visit_count_at_current │   5.556901 │
│ world_model_revisit_ratio   │   0.628032 │
└─────────────────────────────┴────────────┘
                 system_aw_behavior                 
┏━━━━━━━━━━━━━━━━━━━━━━━━━━━━━━━━━━━━━━━┳━━━━━━━━━━┓
┃ Metric                                ┃    Value ┃
┡━━━━━━━━━━━━━━━━━━━━━━━━━━━━━━━━━━━━━━━╇━━━━━━━━━━┩
│ curiosity_led_move_rate               │ 0.585634 │
│ consume_under_curiosity_pressure_rate │ 0.022272 │
│ movement_step_rate                    │ 0.930785 │
│ consume_step_rate                     │ 0.069215 │
└───────────────────────────────────────┴──────────┘
