Comparison #5
  Timestamp: 2026-05-04T11:15:07.068450+00:00
Run Comparison
  Reference: system_a  experiment=b759160df1ce40bea9ba3e58cafd5c20  run=run-0000
  Candidate: system_aw  experiment=31eaad8e66e64e66a702f4a646f07f86  run=run-0000
  Episodes: 50 compared, 50 valid, 0 invalid

Per-episode Results
                      Per-episode Results                       
┏━━━━━━━━━┳━━━━━━━━━━┳━━━━━━━━━┳━━━━━━━━━━━┳━━━━━━━━━━━┳━━━━━━━┓
┃ Episode ┃ Mismatch ┃ Pos div ┃ Steps r/c ┃ Survivor  ┃ Notes ┃
┡━━━━━━━━━╇━━━━━━━━━━╇━━━━━━━━━╇━━━━━━━━━━━╇━━━━━━━━━━━╇━━━━━━━┩
│ 1       │    78.5% │   11.97 │   400/400 │ equal     │       │
│ 2       │    83.5% │    6.78 │   400/400 │ equal     │       │
│ 3       │    81.0% │   13.40 │   100/400 │ candidate │       │
│ 4       │    81.0% │   11.34 │   400/400 │ equal     │       │
│ 5       │    84.0% │    8.08 │   400/400 │ equal     │       │
│ 6       │    79.1% │    9.23 │   115/400 │ candidate │       │
│ 7       │    84.1% │    9.67 │   384/400 │ candidate │       │
│ 8       │    79.8% │   11.29 │   400/400 │ equal     │       │
│ 9       │    74.3% │    7.46 │   101/400 │ candidate │       │
│ 10      │    80.4% │   12.80 │   138/400 │ candidate │       │
│ 11      │    78.0% │   13.27 │   159/400 │ candidate │       │
│ 12      │    78.0% │    8.52 │   101/100 │ reference │       │
│ 13      │    77.0% │    7.89 │   400/400 │ equal     │       │
│ 14      │    78.2% │    5.96 │   400/400 │ equal     │       │
│ 15      │    79.5% │    9.36 │   391/400 │ candidate │       │
│ 16      │    76.4% │   15.38 │   284/400 │ candidate │       │
│ 17      │    79.8% │   11.24 │   400/400 │ equal     │       │
│ 18      │    75.6% │    7.32 │   312/400 │ candidate │       │
│ 19      │    74.8% │   14.73 │   103/400 │ candidate │       │
│ 20      │    83.5% │   11.77 │   400/400 │ equal     │       │
│ 21      │    82.5% │    7.14 │   400/400 │ equal     │       │
│ 22      │    81.0% │   10.41 │   100/400 │ candidate │       │
│ 23      │    78.0% │   11.55 │   100/400 │ candidate │       │
│ 24      │    77.4% │   12.99 │   115/366 │ candidate │       │
│ 25      │    77.6% │   16.75 │   339/400 │ candidate │       │
│ 26      │    78.0% │    9.07 │   400/400 │ equal     │       │
│ 27      │    83.0% │    5.83 │   400/400 │ equal     │       │
│ 28      │    82.7% │    7.90 │   335/400 │ candidate │       │
│ 29      │    79.9% │   10.76 │   214/400 │ candidate │       │
│ 30      │    78.6% │   10.70 │   299/400 │ candidate │       │
│ 31      │    82.5% │   12.34 │   337/400 │ candidate │       │
│ 32      │    79.5% │    9.93 │   400/400 │ equal     │       │
│ 33      │    76.8% │    9.56 │   400/400 │ equal     │       │
│ 34      │    80.5% │   14.59 │   318/400 │ candidate │       │
│ 35      │    78.1% │    9.97 │   306/400 │ candidate │       │
│ 36      │    79.5% │    9.06 │   400/400 │ equal     │       │
│ 37      │    83.0% │    8.71 │   331/224 │ reference │       │
│ 38      │    75.4% │    9.15 │   114/400 │ candidate │       │
│ 39      │    75.2% │    9.07 │   101/400 │ candidate │       │
│ 40      │    76.0% │   10.31 │   400/400 │ equal     │       │
│ 41      │    80.5% │    6.59 │   400/400 │ equal     │       │
│ 42      │    79.2% │   10.04 │   168/400 │ candidate │       │
│ 43      │    81.0% │   10.63 │   237/400 │ candidate │       │
│ 44      │    79.0% │   12.38 │   400/400 │ equal     │       │
│ 45      │    81.8% │    8.87 │   400/400 │ equal     │       │
│ 46      │    73.6% │   12.15 │   201/400 │ candidate │       │
│ 47      │    83.0% │   13.43 │   400/400 │ equal     │       │
│ 48      │    71.4% │   10.94 │   189/400 │ candidate │       │
│ 49      │    82.2% │    9.12 │   400/400 │ equal     │       │
│ 50      │    77.9% │   14.55 │   231/400 │ candidate │       │
└─────────┴──────────┴─────────┴───────────┴───────────┴───────┘
   Aligned run-level comparison across matched episode pairs.   

Statistical Summary
                              Statistical Summary                              
┏━━━━━━━━━━━━━━━━━━━━━━━━━━┳━━━━━━━━━━┳━━━━━━━━━━┳━━━━━━━━━━━┳━━━━━━━━━━━┳━━━━┓
┃ Metric                   ┃     Mean ┃      Std ┃       Min ┃       Max ┃  N ┃
┡━━━━━━━━━━━━━━━━━━━━━━━━━━╇━━━━━━━━━━╇━━━━━━━━━━╇━━━━━━━━━━━╇━━━━━━━━━━━╇━━━━┩
│ Action mismatch rate     │   0.7923 │   0.0293 │    0.7143 │    0.8411 │ 50 │
│ Mean trajectory distance │  10.4385 │   2.5287 │    5.8250 │   16.7522 │ 50 │
│ Mean vitality difference │   0.2200 │   0.0693 │    0.0070 │    0.3535 │ 50 │
│ Final vitality delta     │  +0.4000 │   0.4150 │   -0.4465 │   +0.8960 │ 50 │
│ Total steps delta        │ +97.3400 │ 120.7408 │ -107.0000 │ +300.0000 │ 50 │
└──────────────────────────┴──────────┴──────────┴───────────┴───────────┴────┘
              Descriptive statistics across valid episode pairs.               
  Hint: How often the two agents chose different actions at the same timestep.
  Hint: Average Manhattan distance between the two agents per episode.
  Hint: Average absolute difference in vitality between the two agents.
  Hint: Candidate final vitality minus reference final vitality.
  Hint: Candidate episode length minus reference episode length.
  Survival rates: reference=42%  candidate=94%
  Longer survivor: candidate=27  reference=2  equal=21

Configurations
  Hint: Differing config values are highlighted when terminal styling is enabled.
  Reference config: system_type=system_a
    system_type: system_a
    experiment_type: single_run
    general.seed: 42
    execution.max_steps: 400
    execution.trace_mode: full
    execution.parallelism_mode: episodes
    execution.max_workers: 6
    world.world_type: grid_2d
    world.grid_width: 20
    world.grid_height: 20
    world.obstacle_density: 0.2
    world.resource_regen_rate: 0.01
    world.resource_regen_cooldown_steps: 10
    world.topology: toroidal
    world.regeneration_mode: clustered
    world.num_clusters: 3
    world.regen_eligible_ratio: 0.1
    system.agent.initial_energy: 100.0
    system.agent.max_energy: 100.0
    system.agent.buffer_capacity: 30
    system.policy.selection_mode: argmax
    system.policy.temperature: 10.0
    system.policy.stay_suppression: 0.1
    system.policy.consume_weight: 2.5
    system.transition.move_cost: 1.0
    system.transition.consume_cost: 0.5
    system.transition.stay_cost: 0.3
    system.transition.max_consume: 1.0
    system.transition.energy_gain_factor: 15.0
    num_episodes_per_run: 50
    agent_start_position.x: 10
    agent_start_position.y: 10
  Candidate config: system_type=system_aw
    system_type: system_aw
    experiment_type: single_run
    general.seed: 42
    execution.max_steps: 400
    execution.trace_mode: full
    execution.parallelism_mode: episodes
    execution.max_workers: 6
    world.world_type: grid_2d
    world.grid_width: 20
    world.grid_height: 20
    world.obstacle_density: 0.2
    world.resource_regen_rate: 0.01
    world.resource_regen_cooldown_steps: 10
    world.topology: toroidal
    world.regeneration_mode: clustered
    world.num_clusters: 3
    world.regen_eligible_ratio: 0.1
    system.agent.initial_energy: 100.0
    system.agent.max_energy: 100.0
    system.agent.buffer_capacity: 30
    system.policy.selection_mode: argmax
    system.policy.temperature: 10.0
    system.policy.stay_suppression: 0.1
    system.policy.consume_weight: 2.5
    system.transition.move_cost: 1.0
    system.transition.consume_cost: 0.5
    system.transition.stay_cost: 0.3
    system.transition.max_consume: 1.0
    system.transition.energy_gain_factor: 15.0
    system.curiosity.base_curiosity: 0.42
    system.curiosity.spatial_sensory_balance: 0.2
    system.curiosity.explore_suppression: 0.16
    system.curiosity.novelty_sharpness: 1.3
    system.arbitration.hunger_weight_base: 0.5
    system.arbitration.curiosity_weight_base: 0.72
    system.arbitration.gating_sharpness: 2.0
    num_episodes_per_run: 50
    agent_start_position.x: 10
    agent_start_position.y: 10
