Comparison #8
  Timestamp: 2026-05-04T07:54:11.713741+00:00
Run Comparison
  Reference: system_aw  experiment=d399e549ce624851ad46de2b8aa6ae84  run=run-0000
  Candidate: system_aw  experiment=bee2ea945d4f4f42b19eba41d940e903  run=run-0000
  Episodes: 50 compared, 50 valid, 0 invalid

Per-episode Results
                      Per-episode Results                       
┏━━━━━━━━━┳━━━━━━━━━━┳━━━━━━━━━┳━━━━━━━━━━━┳━━━━━━━━━━━┳━━━━━━━┓
┃ Episode ┃ Mismatch ┃ Pos div ┃ Steps r/c ┃ Survivor  ┃ Notes ┃
┡━━━━━━━━━╇━━━━━━━━━━╇━━━━━━━━━╇━━━━━━━━━━━╇━━━━━━━━━━━╇━━━━━━━┩
│ 1       │    77.0% │    7.94 │   400/243 │ reference │       │
│ 2       │    82.6% │    9.42 │   232/115 │ reference │       │
│ 3       │    74.0% │   12.05 │   100/400 │ candidate │       │
│ 4       │    78.5% │    7.42 │   400/386 │ reference │       │
│ 5       │    79.8% │   11.96 │   400/400 │ equal     │       │
│ 6       │    73.9% │   10.89 │   115/400 │ candidate │       │
│ 7       │    78.0% │   13.17 │   191/400 │ candidate │       │
│ 8       │    63.0% │    8.82 │   400/100 │ reference │       │
│ 9       │    78.2% │    9.40 │   101/400 │ candidate │       │
│ 10      │    76.5% │   16.30 │   289/400 │ candidate │       │
│ 11      │    81.2% │   15.48 │   128/400 │ candidate │       │
│ 12      │    78.2% │   11.02 │   101/315 │ candidate │       │
│ 13      │    79.2% │    6.48 │   400/400 │ equal     │       │
│ 14      │    81.4% │    7.54 │   400/204 │ reference │       │
│ 15      │    83.5% │   10.18 │   400/400 │ equal     │       │
│ 16      │    78.0% │   16.18 │   396/100 │ reference │       │
│ 17      │    80.0% │    8.38 │   285/120 │ reference │       │
│ 18      │    79.5% │    8.34 │   299/176 │ reference │       │
│ 19      │    75.7% │   19.28 │   103/400 │ candidate │       │
│ 20      │    83.6% │    9.10 │   213/391 │ candidate │       │
│ 21      │    78.5% │   10.96 │   400/400 │ equal     │       │
│ 22      │    83.0% │    5.50 │   100/400 │ candidate │       │
│ 23      │    81.0% │   10.76 │   100/400 │ candidate │       │
│ 24      │    79.1% │   10.85 │   115/190 │ candidate │       │
│ 25      │    76.2% │   10.47 │   101/400 │ candidate │       │
│ 26      │    74.4% │    4.97 │   121/400 │ candidate │       │
│ 27      │    93.0% │   16.79 │   400/100 │ reference │       │
│ 28      │    79.0% │    7.75 │   347/400 │ candidate │       │
│ 29      │    78.5% │   11.86 │   400/400 │ equal     │       │
│ 30      │    83.2% │   13.48 │   400/400 │ equal     │       │
│ 31      │    81.0% │    9.19 │   400/100 │ reference │       │
│ 32      │    71.3% │   11.75 │   101/202 │ candidate │       │
│ 33      │    67.0% │   13.84 │   400/100 │ reference │       │
│ 34      │    79.0% │   13.32 │   100/132 │ candidate │       │
│ 35      │    72.5% │   18.21 │   189/400 │ candidate │       │
│ 36      │    79.9% │   10.57 │   400/189 │ reference │       │
│ 37      │    83.6% │    5.78 │   400/365 │ reference │       │
│ 38      │    77.8% │   19.69 │   194/400 │ candidate │       │
│ 39      │    71.3% │    7.38 │   101/400 │ candidate │       │
│ 40      │    77.0% │   11.52 │   400/100 │ reference │       │
│ 41      │    79.0% │    5.69 │   400/400 │ equal     │       │
│ 42      │    78.6% │    7.01 │   168/223 │ candidate │       │
│ 43      │    81.7% │    9.03 │   235/261 │ candidate │       │
│ 44      │    71.1% │   15.33 │   232/400 │ candidate │       │
│ 45      │    82.2% │   10.26 │   225/400 │ candidate │       │
│ 46      │    80.2% │    5.90 │   400/400 │ equal     │       │
│ 47      │    82.0% │    5.29 │   400/400 │ equal     │       │
│ 48      │    75.2% │   16.09 │   101/208 │ candidate │       │
│ 49      │    81.6% │   13.66 │   347/400 │ candidate │       │
│ 50      │    75.8% │   14.80 │   182/400 │ candidate │       │
└─────────┴──────────┴─────────┴───────────┴───────────┴───────┘
   Aligned run-level comparison across matched episode pairs.   

Statistical Summary
                              Statistical Summary                              
┏━━━━━━━━━━━━━━━━━━━━━━━━━━┳━━━━━━━━━━┳━━━━━━━━━━┳━━━━━━━━━━━┳━━━━━━━━━━━┳━━━━┓
┃ Metric                   ┃     Mean ┃      Std ┃       Min ┃       Max ┃  N ┃
┡━━━━━━━━━━━━━━━━━━━━━━━━━━╇━━━━━━━━━━╇━━━━━━━━━━╇━━━━━━━━━━━╇━━━━━━━━━━━╇━━━━┩
│ Action mismatch rate     │   0.7831 │   0.0473 │    0.6300 │    0.9300 │ 50 │
│ Mean trajectory distance │  10.9402 │   3.8057 │    4.9669 │   19.6907 │ 50 │
│ Mean vitality difference │   0.2412 │   0.1152 │    0.0060 │    0.5300 │ 50 │
│ Final vitality delta     │  +0.0129 │   0.5298 │   -1.0000 │   +0.6860 │ 50 │
│ Total steps delta        │ +46.1600 │ 192.7259 │ -300.0000 │ +300.0000 │ 50 │
└──────────────────────────┴──────────┴──────────┴───────────┴───────────┴────┘
              Descriptive statistics across valid episode pairs.               
  Hint: How often the two agents chose different actions at the same timestep.
  Hint: Average Manhattan distance between the two agents per episode.
  Hint: Average absolute difference in vitality between the two agents.
  Hint: Candidate final vitality minus reference final vitality.
  Hint: Candidate episode length minus reference episode length.
  Survival rates: reference=38%  candidate=56%
  Longer survivor: candidate=27  reference=14  equal=9

Configurations
  Hint: Differing config values are highlighted when terminal styling is enabled.
  Reference config: system_type=system_aw
    system_type: system_aw
    experiment_type: single_run
    general.seed: 42
    execution.max_steps: 400
    execution.trace_mode: full
    execution.parallelism_mode: episodes
    execution.max_workers: 8
    world.world_type: grid_2d
    world.grid_width: 20
    world.grid_height: 20
    world.obstacle_density: 0.2
    world.resource_regen_rate: 0.01
    world.resource_regen_cooldown_steps: 10
    world.topology: bounded
    world.regeneration_mode: clustered
    world.num_clusters: 3
    world.regen_eligible_ratio: 0.1
    system.agent.initial_energy: 100.0
    system.agent.max_energy: 100.0
    system.agent.buffer_capacity: 50
    system.policy.selection_mode: argmax
    system.policy.temperature: 10.0
    system.policy.stay_suppression: 0.1
    system.policy.consume_weight: 2.0
    system.transition.move_cost: 1.0
    system.transition.consume_cost: 0.5
    system.transition.stay_cost: 0.3
    system.transition.max_consume: 1.0
    system.transition.energy_gain_factor: 15.0
    system.curiosity.base_curiosity: 0.0
    system.curiosity.spatial_sensory_balance: 0.7
    system.curiosity.explore_suppression: 0.35
    system.curiosity.novelty_sharpness: 1.5
    system.arbitration.hunger_weight_base: 1.0
    system.arbitration.curiosity_weight_base: 1.0
    system.arbitration.gating_sharpness: 2.0
    num_episodes_per_run: 50
    agent_start_position.x: 10
    agent_start_position.y: 10
  Candidate config: system_type=system_aw
    system_type: system_aw
    experiment_type: single_run
    general.seed: 42
    execution.max_steps: 400
    execution.trace_mode: full
    execution.parallelism_mode: episodes
    execution.max_workers: 8
    world.world_type: grid_2d
    world.grid_width: 20
    world.grid_height: 20
    world.obstacle_density: 0.2
    world.resource_regen_rate: 0.01
    world.resource_regen_cooldown_steps: 10
    world.topology: bounded
    world.regeneration_mode: clustered
    world.num_clusters: 3
    world.regen_eligible_ratio: 0.1
    system.agent.initial_energy: 100.0
    system.agent.max_energy: 100.0
    system.agent.buffer_capacity: 50
    system.policy.selection_mode: argmax
    system.policy.temperature: 10.0
    system.policy.stay_suppression: 0.1
    system.policy.consume_weight: 2.0
    system.transition.move_cost: 1.0
    system.transition.consume_cost: 0.5
    system.transition.stay_cost: 0.3
    system.transition.max_consume: 1.0
    system.transition.energy_gain_factor: 15.0
    system.curiosity.base_curiosity: 1.0
    system.curiosity.spatial_sensory_balance: 0.25
    system.curiosity.explore_suppression: 0.35
    system.curiosity.novelty_sharpness: 1.5
    system.arbitration.hunger_weight_base: 0.3
    system.arbitration.curiosity_weight_base: 1.0
    system.arbitration.gating_sharpness: 2.0
    num_episodes_per_run: 50
    agent_start_position.x: 10
    agent_start_position.y: 10
