Comparison #5
  Timestamp: 2026-05-04T10:34:00.677412+00:00
Run Comparison
  Reference: system_a  experiment=1cc4dad22cfe485ca54d6b223c3eee8a  run=run-0000
  Candidate: system_aw  experiment=e8f2bfb2177e46208f13e697bbace06f  run=run-0000
  Episodes: 50 compared, 50 valid, 0 invalid

Per-episode Results
                      Per-episode Results                       
┏━━━━━━━━━┳━━━━━━━━━━┳━━━━━━━━━┳━━━━━━━━━━━┳━━━━━━━━━━━┳━━━━━━━┓
┃ Episode ┃ Mismatch ┃ Pos div ┃ Steps r/c ┃ Survivor  ┃ Notes ┃
┡━━━━━━━━━╇━━━━━━━━━━╇━━━━━━━━━╇━━━━━━━━━━━╇━━━━━━━━━━━╇━━━━━━━┩
│ 1       │    84.7% │   10.30 │   400/150 │ reference │       │
│ 2       │    80.7% │    8.92 │   400/192 │ reference │       │
│ 3       │    75.0% │    8.04 │   100/400 │ candidate │       │
│ 4       │    80.5% │    9.99 │   400/400 │ equal     │       │
│ 5       │    83.1% │    9.92 │   270/255 │ reference │       │
│ 6       │    78.3% │    7.43 │   115/133 │ candidate │       │
│ 7       │    82.8% │   14.19 │   191/116 │ reference │       │
│ 8       │    63.0% │    8.82 │   400/100 │ reference │       │
│ 9       │    76.2% │    6.45 │   101/374 │ candidate │       │
│ 10      │    79.7% │    8.48 │   293/182 │ reference │       │
│ 11      │    78.1% │   13.35 │   128/400 │ candidate │       │
│ 12      │    76.2% │   10.31 │   101/400 │ candidate │       │
│ 13      │    75.5% │    9.09 │   387/400 │ candidate │       │
│ 14      │    78.7% │   14.03 │   400/174 │ reference │       │
│ 15      │    77.2% │   12.12 │   400/400 │ equal     │       │
│ 16      │    78.0% │   16.18 │   396/100 │ reference │       │
│ 17      │    77.7% │    8.12 │   265/400 │ candidate │       │
│ 18      │    79.8% │   10.50 │   307/400 │ candidate │       │
│ 19      │    79.6% │   17.29 │   103/286 │ candidate │       │
│ 20      │    80.3% │    7.64 │   213/127 │ reference │       │
│ 21      │    86.0% │   10.85 │   400/114 │ reference │       │
│ 22      │    74.0% │    7.17 │   100/400 │ candidate │       │
│ 23      │    77.0% │   10.19 │   100/280 │ candidate │       │
│ 24      │    70.0% │    9.89 │   115/100 │ reference │       │
│ 25      │    74.3% │   10.91 │   101/400 │ candidate │       │
│ 26      │    79.6% │    8.39 │   400/108 │ reference │       │
│ 27      │    93.0% │   16.79 │   400/100 │ reference │       │
│ 28      │    79.4% │    8.72 │   335/400 │ candidate │       │
│ 29      │    77.7% │   11.82 │   400/364 │ reference │       │
│ 30      │    88.2% │   10.96 │   299/127 │ reference │       │
│ 31      │    77.0% │   13.09 │   400/100 │ reference │       │
│ 32      │    79.2% │   16.30 │   101/219 │ candidate │       │
│ 33      │    67.0% │   13.84 │   400/100 │ reference │       │
│ 34      │    80.0% │    9.03 │   100/265 │ candidate │       │
│ 35      │    87.0% │   13.93 │   189/108 │ reference │       │
│ 36      │    84.3% │   11.74 │   400/108 │ reference │       │
│ 37      │    81.6% │   12.60 │   400/179 │ reference │       │
│ 38      │    75.8% │   19.34 │   194/400 │ candidate │       │
│ 39      │    72.3% │    7.21 │   101/170 │ candidate │       │
│ 40      │    82.0% │   11.66 │   400/100 │ reference │       │
│ 41      │    81.9% │   10.07 │   400/260 │ reference │       │
│ 42      │    81.0% │   13.72 │   168/400 │ candidate │       │
│ 43      │    80.6% │   14.09 │   237/400 │ candidate │       │
│ 44      │    77.8% │    8.08 │   232/153 │ reference │       │
│ 45      │    76.4% │   12.72 │   225/240 │ candidate │       │
│ 46      │    76.1% │    9.26 │   201/400 │ candidate │       │
│ 47      │    78.3% │   11.47 │   400/166 │ reference │       │
│ 48      │    73.3% │   17.83 │   101/321 │ candidate │       │
│ 49      │    84.0% │   12.48 │   400/100 │ reference │       │
│ 50      │    81.9% │   16.71 │   182/198 │ candidate │       │
└─────────┴──────────┴─────────┴───────────┴───────────┴───────┘
   Aligned run-level comparison across matched episode pairs.   

Statistical Summary
                              Statistical Summary                              
┏━━━━━━━━━━━━━━━━━━━━━━━━━━┳━━━━━━━━━━┳━━━━━━━━━━┳━━━━━━━━━━━┳━━━━━━━━━━━┳━━━━┓
┃ Metric                   ┃     Mean ┃      Std ┃       Min ┃       Max ┃  N ┃
┡━━━━━━━━━━━━━━━━━━━━━━━━━━╇━━━━━━━━━━╇━━━━━━━━━━╇━━━━━━━━━━━╇━━━━━━━━━━━╇━━━━┩
│ Action mismatch rate     │   0.7884 │   0.0505 │    0.6300 │    0.9300 │ 50 │
│ Mean trajectory distance │  11.4407 │   3.1436 │    6.4455 │   19.3351 │ 50 │
│ Mean vitality difference │   0.2524 │   0.1195 │    0.0060 │    0.4827 │ 50 │
│ Final vitality delta     │  -0.1102 │   0.5533 │   -1.0000 │   +0.8625 │ 50 │
│ Total steps delta        │ -21.6400 │ 205.4390 │ -300.0000 │ +300.0000 │ 50 │
└──────────────────────────┴──────────┴──────────┴───────────┴───────────┴────┘
              Descriptive statistics across valid episode pairs.               
  Hint: How often the two agents chose different actions at the same timestep.
  Hint: Average Manhattan distance between the two agents per episode.
  Hint: Average absolute difference in vitality between the two agents.
  Hint: Candidate final vitality minus reference final vitality.
  Hint: Candidate episode length minus reference episode length.
  Survival rates: reference=36%  candidate=30%
  Longer survivor: candidate=23  reference=25  equal=2

Configurations
  Hint: Differing config values are highlighted when terminal styling is enabled.
  Reference config: system_type=system_a
    system_type: system_a
    experiment_type: single_run
    general.seed: 42
    execution.max_steps: 400
    execution.trace_mode: full
    execution.parallelism_mode: episodes
    execution.max_workers: 6
    world.world_type: grid_2d
    world.grid_width: 20
    world.grid_height: 20
    world.obstacle_density: 0.2
    world.resource_regen_rate: 0.01
    world.resource_regen_cooldown_steps: 10
    world.topology: bounded
    world.regeneration_mode: clustered
    world.num_clusters: 3
    world.regen_eligible_ratio: 0.1
    system.agent.initial_energy: 100.0
    system.agent.max_energy: 100.0
    system.agent.buffer_capacity: 30
    system.policy.selection_mode: argmax
    system.policy.temperature: 10.0
    system.policy.stay_suppression: 0.1
    system.policy.consume_weight: 2.5
    system.transition.move_cost: 1.0
    system.transition.consume_cost: 0.5
    system.transition.stay_cost: 0.3
    system.transition.max_consume: 1.0
    system.transition.energy_gain_factor: 15.0
    num_episodes_per_run: 50
    agent_start_position.x: 10
    agent_start_position.y: 10
  Candidate config: system_type=system_aw
    system_type: system_aw
    experiment_type: single_run
    general.seed: 42
    execution.max_steps: 400
    execution.trace_mode: full
    execution.parallelism_mode: episodes
    execution.max_workers: 6
    world.world_type: grid_2d
    world.grid_width: 20
    world.grid_height: 20
    world.obstacle_density: 0.2
    world.resource_regen_rate: 0.01
    world.resource_regen_cooldown_steps: 10
    world.topology: bounded
    world.regeneration_mode: clustered
    world.num_clusters: 3
    world.regen_eligible_ratio: 0.1
    system.agent.initial_energy: 100.0
    system.agent.max_energy: 100.0
    system.agent.buffer_capacity: 30
    system.policy.selection_mode: argmax
    system.policy.temperature: 10.0
    system.policy.stay_suppression: 0.1
    system.policy.consume_weight: 2.5
    system.transition.move_cost: 1.0
    system.transition.consume_cost: 0.5
    system.transition.stay_cost: 0.3
    system.transition.max_consume: 1.0
    system.transition.energy_gain_factor: 15.0
    system.curiosity.base_curiosity: 0.46
    system.curiosity.spatial_sensory_balance: 0.9
    system.curiosity.explore_suppression: 0.26
    system.curiosity.novelty_sharpness: 1.9
    system.arbitration.hunger_weight_base: 0.46
    system.arbitration.curiosity_weight_base: 0.9
    system.arbitration.gating_sharpness: 2.4
    num_episodes_per_run: 50
    agent_start_position.x: 10
    agent_start_position.y: 10
