Run run-0000
  Experiment: e8f2bfb2177e46208f13e697bbace06f
  Status: completed
  Output form: point
  Variation: baseline
  Created: 2026-05-04T10:32:26.189326+00:00
  Trace mode: full
  Base seed: 42
  Episodes: 50

Summary
  mean_steps=243.4  death_rate=0.70  mean_final_vitality=0.167

Behavioral Metrics
            Standard Metrics            
┏━━━━━━━━━━━━━━━━━━━━━━━━━┳━━━━━━━━━━━━┓
┃ Metric                  ┃      Value ┃
┡━━━━━━━━━━━━━━━━━━━━━━━━━╇━━━━━━━━━━━━┩
│ resource_gain_per_step  │   0.472920 │
│ net_energy_efficiency   │   0.486043 │
│ successful_consume_rate │   0.840000 │
│ failed_movement_rate    │   0.000000 │
│ action_entropy          │   1.476430 │
│ policy_sharpness        │   0.380273 │
│ unique_cells_visited    │ 156.220000 │
│ coverage_efficiency     │   0.709894 │
│ revisit_rate            │   0.281966 │
└─────────────────────────┴────────────┘
      Mean values across the run.       

System Metrics
         system_aw_arbitration         
┏━━━━━━━━━━━━━━━━━━━━━━━━━━┳━━━━━━━━━━┓
┃ Metric                   ┃    Value ┃
┡━━━━━━━━━━━━━━━━━━━━━━━━━━╇━━━━━━━━━━┩
│ curiosity_dominance_rate │ 0.219821 │
│ mean_curiosity_weight    │ 0.315467 │
│ mean_hunger_weight       │ 0.553066 │
│ arbitrated_step_count    │    12169 │
└──────────────────────────┴──────────┘
          system_aw_curiosity           
┏━━━━━━━━━━━━━━━━━━━━━━━━━━━┳━━━━━━━━━━┓
┃ Metric                    ┃    Value ┃
┡━━━━━━━━━━━━━━━━━━━━━━━━━━━╇━━━━━━━━━━┩
│ mean_curiosity_activation │ 0.409265 │
│ mean_spatial_novelty      │ 0.620799 │
│ mean_sensory_novelty      │ 0.116345 │
│ mean_composite_novelty    │ 0.570353 │
│ curiosity_pressure_rate   │ 0.357712 │
└───────────────────────────┴──────────┘
           system_aw_world_model            
┏━━━━━━━━━━━━━━━━━━━━━━━━━━━━━┳━━━━━━━━━━━━┓
┃ Metric                      ┃      Value ┃
┡━━━━━━━━━━━━━━━━━━━━━━━━━━━━━╇━━━━━━━━━━━━┩
│ world_model_unique_cells    │ 156.220000 │
│ mean_visit_count_at_current │   1.636371 │
│ world_model_revisit_ratio   │   0.306587 │
└─────────────────────────────┴────────────┘
                 system_aw_behavior                 
┏━━━━━━━━━━━━━━━━━━━━━━━━━━━━━━━━━━━━━━━┳━━━━━━━━━━┓
┃ Metric                                ┃    Value ┃
┡━━━━━━━━━━━━━━━━━━━━━━━━━━━━━━━━━━━━━━━╇━━━━━━━━━━┩
│ curiosity_led_move_rate               │ 0.352946 │
│ consume_under_curiosity_pressure_rate │ 0.013324 │
│ movement_step_rate                    │ 0.951023 │
│ consume_step_rate                     │ 0.048977 │
└───────────────────────────────────────┴──────────┘
