Run run-0000
  Experiment: 09b8ca55f1f24ca4ab1f52a06b47e664
  Status: completed
  Output form: point
  Variation: baseline
  Created: 2026-05-01T10:06:14.553177+00:00
  Trace mode: delta
  Base seed: 42
  Episodes: 50

Summary
  mean_steps=200.0  death_rate=0.00  mean_final_vitality=0.842

Behavioral Metrics
           Standard Metrics            
┏━━━━━━━━━━━━━━━━━━━━━━━━━┳━━━━━━━━━━━┓
┃ Metric                  ┃     Value ┃
┡━━━━━━━━━━━━━━━━━━━━━━━━━╇━━━━━━━━━━━┩
│ resource_gain_per_step  │  0.890850 │
│ net_energy_efficiency   │  0.918402 │
│ successful_consume_rate │  1.000000 │
│ failed_movement_rate    │  0.000000 │
│ action_entropy          │  1.435387 │
│ policy_sharpness        │  0.307669 │
│ unique_cells_visited    │ 57.100000 │
│ coverage_efficiency     │  0.294330 │
│ revisit_rate            │  0.701489 │
└─────────────────────────┴───────────┘
      Mean values across the run.      

System Metrics
         system_aw_arbitration         
┏━━━━━━━━━━━━━━━━━━━━━━━━━━┳━━━━━━━━━━┓
┃ Metric                   ┃    Value ┃
┡━━━━━━━━━━━━━━━━━━━━━━━━━━╇━━━━━━━━━━┩
│ curiosity_dominance_rate │ 0.353900 │
│ mean_curiosity_weight    │ 0.486499 │
│ mean_hunger_weight       │ 0.518158 │
│ arbitrated_step_count    │    10000 │
└──────────────────────────┴──────────┘
          system_aw_curiosity           
┏━━━━━━━━━━━━━━━━━━━━━━━━━━━┳━━━━━━━━━━┓
┃ Metric                    ┃    Value ┃
┡━━━━━━━━━━━━━━━━━━━━━━━━━━━╇━━━━━━━━━━┩
│ mean_curiosity_activation │ 0.326621 │
│ mean_spatial_novelty      │ 0.576765 │
│ mean_sensory_novelty      │ 0.256577 │
│ mean_composite_novelty    │ 0.320615 │
│ curiosity_pressure_rate   │ 0.846300 │
└───────────────────────────┴──────────┘
           system_aw_world_model           
┏━━━━━━━━━━━━━━━━━━━━━━━━━━━━━┳━━━━━━━━━━━┓
┃ Metric                      ┃     Value ┃
┡━━━━━━━━━━━━━━━━━━━━━━━━━━━━━╇━━━━━━━━━━━┩
│ world_model_unique_cells    │ 57.100000 │
│ mean_visit_count_at_current │  9.375000 │
│ world_model_revisit_ratio   │  0.715920 │
└─────────────────────────────┴───────────┘
                 system_aw_behavior                 
┏━━━━━━━━━━━━━━━━━━━━━━━━━━━━━━━━━━━━━━━┳━━━━━━━━━━┓
┃ Metric                                ┃    Value ┃
┡━━━━━━━━━━━━━━━━━━━━━━━━━━━━━━━━━━━━━━━╇━━━━━━━━━━┩
│ curiosity_led_move_rate               │ 0.826700 │
│ consume_under_curiosity_pressure_rate │ 0.023160 │
│ movement_step_rate                    │ 0.940000 │
│ consume_step_rate                     │ 0.060000 │
└───────────────────────────────────────┴──────────┘
