Comparison #2
  Timestamp: 2026-05-01T10:07:57.461497+00:00
Run Comparison
  Reference: system_a  experiment=f7a863957a3348aa9e6f24ff1fa433b0  run=run-0000
  Candidate: system_aw  experiment=09b8ca55f1f24ca4ab1f52a06b47e664  run=run-0000
  Episodes: 50 compared, 50 valid, 0 invalid

Per-episode Results
                      Per-episode Results                      
┏━━━━━━━━━┳━━━━━━━━━━┳━━━━━━━━━┳━━━━━━━━━━━┳━━━━━━━━━━┳━━━━━━━┓
┃ Episode ┃ Mismatch ┃ Pos div ┃ Steps r/c ┃ Survivor ┃ Notes ┃
┡━━━━━━━━━╇━━━━━━━━━━╇━━━━━━━━━╇━━━━━━━━━━━╇━━━━━━━━━━╇━━━━━━━┩
│ 1       │    84.5% │   18.07 │   200/200 │ equal    │       │
│ 2       │    82.0% │    9.16 │   200/200 │ equal    │       │
│ 3       │    86.5% │   13.98 │   200/200 │ equal    │       │
│ 4       │    85.5% │   13.14 │   200/200 │ equal    │       │
│ 5       │    85.5% │   14.98 │   200/200 │ equal    │       │
│ 6       │    86.0% │   23.80 │   200/200 │ equal    │       │
│ 7       │    87.5% │   16.09 │   200/200 │ equal    │       │
│ 8       │    85.0% │   17.05 │   200/200 │ equal    │       │
│ 9       │    86.0% │   10.23 │   200/200 │ equal    │       │
│ 10      │    86.0% │    7.26 │   200/200 │ equal    │       │
│ 11      │    83.5% │   13.61 │   200/200 │ equal    │       │
│ 12      │    87.0% │   12.80 │   200/200 │ equal    │       │
│ 13      │    87.5% │    7.79 │   200/200 │ equal    │       │
│ 14      │    88.0% │   21.35 │   200/200 │ equal    │       │
│ 15      │    87.0% │    9.10 │   200/200 │ equal    │       │
│ 16      │    86.5% │   21.13 │   200/200 │ equal    │       │
│ 17      │    83.5% │   23.32 │   200/200 │ equal    │       │
│ 18      │    85.0% │   13.07 │   200/200 │ equal    │       │
│ 19      │    88.5% │   13.46 │   200/200 │ equal    │       │
│ 20      │    89.5% │   14.29 │   200/200 │ equal    │       │
│ 21      │    81.0% │    9.88 │   200/200 │ equal    │       │
│ 22      │    81.0% │    7.71 │   200/200 │ equal    │       │
│ 23      │    85.5% │   15.65 │   200/200 │ equal    │       │
│ 24      │    83.5% │   14.38 │   200/200 │ equal    │       │
│ 25      │    87.5% │    7.84 │   200/200 │ equal    │       │
│ 26      │    82.5% │   15.00 │   200/200 │ equal    │       │
│ 27      │    83.5% │    7.79 │   200/200 │ equal    │       │
│ 28      │    87.0% │    8.18 │   200/200 │ equal    │       │
│ 29      │    85.5% │   13.97 │   200/200 │ equal    │       │
│ 30      │    88.0% │   19.70 │   200/200 │ equal    │       │
│ 31      │    88.5% │    7.52 │   200/200 │ equal    │       │
│ 32      │    83.0% │    6.84 │   200/200 │ equal    │       │
│ 33      │    84.5% │   16.36 │   200/200 │ equal    │       │
│ 34      │    83.5% │    5.63 │   200/200 │ equal    │       │
│ 35      │    86.0% │   17.29 │   200/200 │ equal    │       │
│ 36      │    88.5% │   16.12 │   200/200 │ equal    │       │
│ 37      │    87.5% │   23.19 │   200/200 │ equal    │       │
│ 38      │    84.5% │   16.91 │   200/200 │ equal    │       │
│ 39      │    89.5% │   21.75 │   200/200 │ equal    │       │
│ 40      │    85.0% │   20.06 │   200/200 │ equal    │       │
│ 41      │    84.0% │   20.05 │   200/200 │ equal    │       │
│ 42      │    85.5% │   12.46 │   200/200 │ equal    │       │
│ 43      │    85.5% │    7.87 │   200/200 │ equal    │       │
│ 44      │    86.0% │   19.24 │   200/200 │ equal    │       │
│ 45      │    85.0% │    7.38 │   200/200 │ equal    │       │
│ 46      │    86.0% │    7.78 │   200/200 │ equal    │       │
│ 47      │    85.0% │   12.80 │   200/200 │ equal    │       │
│ 48      │    86.0% │    6.49 │   200/200 │ equal    │       │
│ 49      │    88.0% │    8.22 │   200/200 │ equal    │       │
│ 50      │    85.0% │   19.08 │   200/200 │ equal    │       │
└─────────┴──────────┴─────────┴───────────┴──────────┴───────┘
  Aligned run-level comparison across matched episode pairs.   

Statistical Summary
                          Statistical Summary                           
┏━━━━━━━━━━━━━━━━━━━━━━━━━━┳━━━━━━━━━┳━━━━━━━━┳━━━━━━━━━┳━━━━━━━━━┳━━━━┓
┃ Metric                   ┃    Mean ┃    Std ┃     Min ┃     Max ┃  N ┃
┡━━━━━━━━━━━━━━━━━━━━━━━━━━╇━━━━━━━━━╇━━━━━━━━╇━━━━━━━━━╇━━━━━━━━━╇━━━━┩
│ Action mismatch rate     │  0.8564 │ 0.0201 │  0.8100 │  0.8950 │ 50 │
│ Mean trajectory distance │ 13.7367 │ 5.2400 │  5.6350 │ 23.8000 │ 50 │
│ Mean vitality difference │  0.1743 │ 0.0080 │  0.1536 │  0.1914 │ 50 │
│ Final vitality delta     │ -0.1515 │ 0.0203 │ -0.2030 │ -0.1175 │ 50 │
│ Total steps delta        │ +0.0000 │ 0.0000 │ +0.0000 │ +0.0000 │ 50 │
└──────────────────────────┴─────────┴────────┴─────────┴─────────┴────┘
           Descriptive statistics across valid episode pairs.           
  Hint: How often the two agents chose different actions at the same timestep.
  Hint: Average Manhattan distance between the two agents per episode.
  Hint: Average absolute difference in vitality between the two agents.
  Hint: Candidate final vitality minus reference final vitality.
  Hint: Candidate episode length minus reference episode length.
  Survival rates: reference=100%  candidate=100%
  Longer survivor: candidate=0  reference=0  equal=50

Configurations
  Hint: Differing config values are highlighted when terminal styling is enabled.
  Reference config: system_type=system_a
    system_type: system_a
    experiment_type: single_run
    general.seed: 42
    execution.max_steps: 200
    execution.trace_mode: delta
    execution.parallelism_mode: episodes
    execution.max_workers: 4
    world.world_type: grid_2d
    world.grid_width: 20
    world.grid_height: 20
    world.obstacle_density: 0.1
    world.resource_regen_rate: 0.03
    world.resource_regen_cooldown_steps: 4
    world.topology: bounded
    world.regeneration_mode: all_traversable
    system.agent.initial_energy: 100.0
    system.agent.max_energy: 100.0
    system.agent.buffer_capacity: 30
    system.policy.selection_mode: argmax
    system.policy.temperature: 10.0
    system.policy.stay_suppression: 0.1
    system.policy.consume_weight: 2.5
    system.transition.move_cost: 1.0
    system.transition.consume_cost: 0.5
    system.transition.stay_cost: 0.3
    system.transition.max_consume: 1.0
    system.transition.energy_gain_factor: 15.0
    num_episodes_per_run: 50
    agent_start_position.x: 10
    agent_start_position.y: 10
  Candidate config: system_type=system_aw
    system_type: system_aw
    experiment_type: single_run
    general.seed: 42
    execution.max_steps: 200
    execution.trace_mode: delta
    execution.parallelism_mode: episodes
    execution.max_workers: 4
    world.world_type: grid_2d
    world.grid_width: 20
    world.grid_height: 20
    world.obstacle_density: 0.1
    world.resource_regen_rate: 0.03
    world.resource_regen_cooldown_steps: 4
    world.topology: bounded
    world.regeneration_mode: all_traversable
    system.agent.initial_energy: 100.0
    system.agent.max_energy: 100.0
    system.agent.buffer_capacity: 30
    system.policy.selection_mode: argmax
    system.policy.temperature: 10.0
    system.policy.stay_suppression: 0.1
    system.policy.consume_weight: 2.5
    system.transition.move_cost: 1.0
    system.transition.consume_cost: 0.5
    system.transition.stay_cost: 0.3
    system.transition.max_consume: 1.0
    system.transition.energy_gain_factor: 15.0
    system.curiosity.base_curiosity: 0.42
    system.curiosity.spatial_sensory_balance: 0.2
    system.curiosity.explore_suppression: 0.16
    system.curiosity.novelty_sharpness: 1.3
    system.arbitration.hunger_weight_base: 0.5
    system.arbitration.curiosity_weight_base: 0.72
    system.arbitration.gating_sharpness: 2.0
    num_episodes_per_run: 50
    agent_start_position.x: 10
    agent_start_position.y: 10
