Run run-0000
  Experiment: 89b64425e60a4efd8dedbf19ac1ad996
  Status: completed
  Output form: point
  Variation: baseline
  Created: 2026-05-01T09:39:36.730877+00:00
  Trace mode: delta
  Base seed: 42
  Episodes: 50

Summary
  mean_steps=171.8  death_rate=0.38  mean_final_vitality=0.462

Behavioral Metrics
           Standard Metrics            
┏━━━━━━━━━━━━━━━━━━━━━━━━━┳━━━━━━━━━━━┓
┃ Metric                  ┃     Value ┃
┡━━━━━━━━━━━━━━━━━━━━━━━━━╇━━━━━━━━━━━┩
│ resource_gain_per_step  │  0.738489 │
│ net_energy_efficiency   │  0.840050 │
│ successful_consume_rate │  0.800000 │
│ failed_movement_rate    │  0.000000 │
│ action_entropy          │  1.571069 │
│ policy_sharpness        │  0.256839 │
│ unique_cells_visited    │ 47.700000 │
│ coverage_efficiency     │  0.310025 │
│ revisit_rate            │  0.663771 │
└─────────────────────────┴───────────┘
      Mean values across the run.      

System Metrics
         system_aw_arbitration         
┏━━━━━━━━━━━━━━━━━━━━━━━━━━┳━━━━━━━━━━┓
┃ Metric                   ┃    Value ┃
┡━━━━━━━━━━━━━━━━━━━━━━━━━━╇━━━━━━━━━━┩
│ curiosity_dominance_rate │ 0.000000 │
│ mean_curiosity_weight    │ 0.614000 │
│ mean_hunger_weight       │ 1.000000 │
│ arbitrated_step_count    │     8591 │
└──────────────────────────┴──────────┘
          system_aw_curiosity           
┏━━━━━━━━━━━━━━━━━━━━━━━━━━━┳━━━━━━━━━━┓
┃ Metric                    ┃    Value ┃
┡━━━━━━━━━━━━━━━━━━━━━━━━━━━╇━━━━━━━━━━┩
│ mean_curiosity_activation │ 0.000000 │
│ mean_spatial_novelty      │ 0.617290 │
│ mean_sensory_novelty      │ 0.046028 │
│ mean_composite_novelty    │ 0.331659 │
│ curiosity_pressure_rate   │ 0.000000 │
└───────────────────────────┴──────────┘
           system_aw_world_model           
┏━━━━━━━━━━━━━━━━━━━━━━━━━━━━━┳━━━━━━━━━━━┓
┃ Metric                      ┃     Value ┃
┡━━━━━━━━━━━━━━━━━━━━━━━━━━━━━╇━━━━━━━━━━━┩
│ world_model_unique_cells    │ 47.700000 │
│ mean_visit_count_at_current │  3.921080 │
│ world_model_revisit_ratio   │  0.715533 │
└─────────────────────────────┴───────────┘
                 system_aw_behavior                 
┏━━━━━━━━━━━━━━━━━━━━━━━━━━━━━━━━━━━━━━━┳━━━━━━━━━━┓
┃ Metric                                ┃    Value ┃
┡━━━━━━━━━━━━━━━━━━━━━━━━━━━━━━━━━━━━━━━╇━━━━━━━━━━┩
│ curiosity_led_move_rate               │ 0.000000 │
│ consume_under_curiosity_pressure_rate │        - │
│ movement_step_rate                    │ 0.820161 │
│ consume_step_rate                     │ 0.167617 │
└───────────────────────────────────────┴──────────┘
