Comparison #4
  Timestamp: 2026-05-04T11:10:18.703704+00:00
Run Comparison
  Reference: system_a  experiment=1ff5cf68de83487fb721992cf23dfe24  run=run-0000
  Candidate: system_aw  experiment=d15fe6d5c88c4b06beb8982735cf050f  run=run-0000
  Episodes: 50 compared, 50 valid, 0 invalid

Per-episode Results
                      Per-episode Results                       
┏━━━━━━━━━┳━━━━━━━━━━┳━━━━━━━━━┳━━━━━━━━━━━┳━━━━━━━━━━━┳━━━━━━━┓
┃ Episode ┃ Mismatch ┃ Pos div ┃ Steps r/c ┃ Survivor  ┃ Notes ┃
┡━━━━━━━━━╇━━━━━━━━━━╇━━━━━━━━━╇━━━━━━━━━━━╇━━━━━━━━━━━╇━━━━━━━┩
│ 1       │    69.2% │    7.43 │   117/400 │ candidate │       │
│ 2       │    85.5% │   11.15 │   366/330 │ reference │       │
│ 3       │    77.5% │    8.38 │   400/400 │ equal     │       │
│ 4       │    83.2% │   12.73 │   101/400 │ candidate │       │
│ 5       │    86.5% │   10.22 │   400/400 │ equal     │       │
│ 6       │    74.0% │    9.60 │   100/100 │ equal     │       │
│ 7       │    80.1% │    8.58 │   311/400 │ candidate │       │
│ 8       │    76.0% │   12.53 │   100/338 │ candidate │       │
│ 9       │    71.3% │   10.52 │   101/400 │ candidate │       │
│ 10      │    79.3% │   10.49 │   363/400 │ candidate │       │
│ 11      │    77.0% │    7.57 │   400/400 │ equal     │       │
│ 12      │    78.0% │    7.00 │   400/400 │ equal     │       │
│ 13      │    79.2% │    9.46 │   400/400 │ equal     │       │
│ 14      │    77.8% │    9.62 │   400/207 │ reference │       │
│ 15      │    77.3% │    6.03 │   229/400 │ candidate │       │
│ 16      │    77.0% │    8.82 │   400/100 │ reference │       │
│ 17      │    77.5% │    8.50 │   298/400 │ candidate │       │
│ 18      │    76.2% │   12.90 │   143/400 │ candidate │       │
│ 19      │    82.8% │    8.82 │   400/238 │ reference │       │
│ 20      │    78.9% │   12.20 │   400/142 │ reference │       │
│ 21      │    79.3% │   11.63 │   169/400 │ candidate │       │
│ 22      │    79.5% │    8.27 │   400/161 │ reference │       │
│ 23      │    73.0% │   14.66 │   100/400 │ candidate │       │
│ 24      │    76.1% │   16.17 │   400/209 │ reference │       │
│ 25      │    78.2% │   11.33 │   101/313 │ candidate │       │
│ 26      │    80.5% │   12.68 │   400/400 │ equal     │       │
│ 27      │    82.8% │    7.79 │   400/268 │ reference │       │
│ 28      │    78.8% │   14.03 │   400/278 │ reference │       │
│ 29      │    79.2% │    4.90 │   400/400 │ equal     │       │
│ 30      │    83.0% │   13.32 │   400/400 │ equal     │       │
│ 31      │    81.2% │   11.82 │   400/144 │ reference │       │
│ 32      │    74.3% │   10.89 │   101/173 │ candidate │       │
│ 33      │    72.0% │   12.92 │   100/100 │ equal     │       │
│ 34      │    80.0% │    8.38 │   100/400 │ candidate │       │
│ 35      │    76.0% │   16.66 │   100/400 │ candidate │       │
│ 36      │    61.0% │   10.76 │   100/400 │ candidate │       │
│ 37      │    85.0% │    6.55 │   400/254 │ reference │       │
│ 38      │    71.2% │    7.85 │   137/111 │ reference │       │
│ 39      │    71.0% │   12.50 │   101/100 │ reference │       │
│ 40      │    79.0% │   13.77 │   400/400 │ equal     │       │
│ 41      │    70.0% │   12.07 │   100/315 │ candidate │       │
│ 42      │    68.0% │   11.48 │   100/100 │ equal     │       │
│ 43      │    84.8% │    7.97 │   400/400 │ equal     │       │
│ 44      │    73.0% │   10.34 │   100/100 │ equal     │       │
│ 45      │    84.5% │    6.56 │   400/400 │ equal     │       │
│ 46      │    82.2% │    7.84 │   353/400 │ candidate │       │
│ 47      │    78.9% │   17.41 │   394/400 │ candidate │       │
│ 48      │    75.7% │   11.31 │   185/400 │ candidate │       │
│ 49      │    84.5% │    9.63 │   400/362 │ reference │       │
│ 50      │    73.0% │   16.79 │   115/314 │ candidate │       │
└─────────┴──────────┴─────────┴───────────┴───────────┴───────┘
   Aligned run-level comparison across matched episode pairs.   

Statistical Summary
                              Statistical Summary                              
┏━━━━━━━━━━━━━━━━━━━━━━━━━━┳━━━━━━━━━━┳━━━━━━━━━━┳━━━━━━━━━━━┳━━━━━━━━━━━┳━━━━┓
┃ Metric                   ┃     Mean ┃      Std ┃       Min ┃       Max ┃  N ┃
┡━━━━━━━━━━━━━━━━━━━━━━━━━━╇━━━━━━━━━━╇━━━━━━━━━━╇━━━━━━━━━━━╇━━━━━━━━━━━╇━━━━┩
│ Action mismatch rate     │   0.7760 │   0.0512 │    0.6100 │    0.8650 │ 50 │
│ Mean trajectory distance │  10.6168 │   2.9187 │    4.9025 │   17.4137 │ 50 │
│ Mean vitality difference │   0.2357 │   0.1042 │    0.0000 │    0.4407 │ 50 │
│ Final vitality delta     │  +0.0408 │   0.6693 │   -1.0000 │   +0.9450 │ 50 │
│ Total steps delta        │ +41.4400 │ 167.7386 │ -300.0000 │ +300.0000 │ 50 │
└──────────────────────────┴──────────┴──────────┴───────────┴───────────┴────┘
              Descriptive statistics across valid episode pairs.               
  Hint: How often the two agents chose different actions at the same timestep.
  Hint: Average Manhattan distance between the two agents per episode.
  Hint: Average absolute difference in vitality between the two agents.
  Hint: Candidate final vitality minus reference final vitality.
  Hint: Candidate episode length minus reference episode length.
  Survival rates: reference=44%  candidate=54%
  Longer survivor: candidate=21  reference=14  equal=15

Configurations
  Hint: Differing config values are highlighted when terminal styling is enabled.
  Reference config: system_type=system_a
    system_type: system_a
    experiment_type: single_run
    general.seed: 42
    execution.max_steps: 400
    execution.trace_mode: full
    execution.parallelism_mode: episodes
    execution.max_workers: 6
    world.world_type: grid_2d
    world.grid_width: 20
    world.grid_height: 20
    world.obstacle_density: 0.18
    world.resource_regen_rate: 0.025
    world.resource_regen_cooldown_steps: 6
    world.topology: bounded
    world.regeneration_mode: clustered
    world.num_clusters: 2
    world.regen_eligible_ratio: 0.08
    system.agent.initial_energy: 100.0
    system.agent.max_energy: 100.0
    system.agent.buffer_capacity: 30
    system.policy.selection_mode: argmax
    system.policy.temperature: 10.0
    system.policy.stay_suppression: 0.1
    system.policy.consume_weight: 2.5
    system.transition.move_cost: 1.0
    system.transition.consume_cost: 0.5
    system.transition.stay_cost: 0.3
    system.transition.max_consume: 1.0
    system.transition.energy_gain_factor: 15.0
    num_episodes_per_run: 50
    agent_start_position.x: 10
    agent_start_position.y: 10
  Candidate config: system_type=system_aw
    system_type: system_aw
    experiment_type: single_run
    general.seed: 42
    execution.max_steps: 400
    execution.trace_mode: full
    execution.parallelism_mode: episodes
    execution.max_workers: 6
    world.world_type: grid_2d
    world.grid_width: 20
    world.grid_height: 20
    world.obstacle_density: 0.18
    world.resource_regen_rate: 0.025
    world.resource_regen_cooldown_steps: 6
    world.topology: bounded
    world.regeneration_mode: clustered
    world.num_clusters: 2
    world.regen_eligible_ratio: 0.08
    system.agent.initial_energy: 100.0
    system.agent.max_energy: 100.0
    system.agent.buffer_capacity: 30
    system.policy.selection_mode: argmax
    system.policy.temperature: 10.0
    system.policy.stay_suppression: 0.1
    system.policy.consume_weight: 2.5
    system.transition.move_cost: 1.0
    system.transition.consume_cost: 0.5
    system.transition.stay_cost: 0.3
    system.transition.max_consume: 1.0
    system.transition.energy_gain_factor: 15.0
    system.curiosity.base_curiosity: 0.42
    system.curiosity.spatial_sensory_balance: 0.2
    system.curiosity.explore_suppression: 0.16
    system.curiosity.novelty_sharpness: 1.3
    system.arbitration.hunger_weight_base: 0.5
    system.arbitration.curiosity_weight_base: 0.72
    system.arbitration.gating_sharpness: 2.0
    num_episodes_per_run: 50
    agent_start_position.x: 10
    agent_start_position.y: 10
