Run run-0000
  Experiment: d15fe6d5c88c4b06beb8982735cf050f
  Status: completed
  Output form: point
  Variation: baseline
  Created: 2026-05-04T11:07:04.667697+00:00
  Trace mode: full
  Base seed: 42
  Episodes: 50

Summary
  mean_steps=311.1  death_rate=0.46  mean_final_vitality=0.402

Behavioral Metrics
            Standard Metrics            
┏━━━━━━━━━━━━━━━━━━━━━━━━━┳━━━━━━━━━━━━┓
┃ Metric                  ┃      Value ┃
┡━━━━━━━━━━━━━━━━━━━━━━━━━╇━━━━━━━━━━━━┩
│ resource_gain_per_step  │   0.665249 │
│ net_energy_efficiency   │   0.684319 │
│ successful_consume_rate │   0.880000 │
│ failed_movement_rate    │   0.000000 │
│ action_entropy          │   1.478005 │
│ policy_sharpness        │   0.310200 │
│ unique_cells_visited    │ 113.860000 │
│ coverage_efficiency     │   0.442566 │
│ revisit_rate            │   0.552741 │
└─────────────────────────┴────────────┘
      Mean values across the run.       

System Metrics
         system_aw_arbitration         
┏━━━━━━━━━━━━━━━━━━━━━━━━━━┳━━━━━━━━━━┓
┃ Metric                   ┃    Value ┃
┡━━━━━━━━━━━━━━━━━━━━━━━━━━╇━━━━━━━━━━┩
│ curiosity_dominance_rate │ 0.253712 │
│ mean_curiosity_weight    │ 0.414724 │
│ mean_hunger_weight       │ 0.551853 │
│ arbitrated_step_count    │    15557 │
└──────────────────────────┴──────────┘
          system_aw_curiosity           
┏━━━━━━━━━━━━━━━━━━━━━━━━━━━┳━━━━━━━━━━┓
┃ Metric                    ┃    Value ┃
┡━━━━━━━━━━━━━━━━━━━━━━━━━━━╇━━━━━━━━━━┩
│ mean_curiosity_activation │ 0.331668 │
│ mean_spatial_novelty      │ 0.594463 │
│ mean_sensory_novelty      │ 0.225507 │
│ mean_composite_novelty    │ 0.299298 │
│ curiosity_pressure_rate   │ 0.602237 │
└───────────────────────────┴──────────┘
           system_aw_world_model            
┏━━━━━━━━━━━━━━━━━━━━━━━━━━━━━┳━━━━━━━━━━━━┓
┃ Metric                      ┃      Value ┃
┡━━━━━━━━━━━━━━━━━━━━━━━━━━━━━╇━━━━━━━━━━━━┩
│ world_model_unique_cells    │ 113.860000 │
│ mean_visit_count_at_current │   6.773735 │
│ world_model_revisit_ratio   │   0.567722 │
└─────────────────────────────┴────────────┘
                 system_aw_behavior                 
┏━━━━━━━━━━━━━━━━━━━━━━━━━━━━━━━━━━━━━━━┳━━━━━━━━━━┓
┃ Metric                                ┃    Value ┃
┡━━━━━━━━━━━━━━━━━━━━━━━━━━━━━━━━━━━━━━━╇━━━━━━━━━━┩
│ curiosity_led_move_rate               │ 0.588288 │
│ consume_under_curiosity_pressure_rate │ 0.023161 │
│ movement_step_rate                    │ 0.946969 │
│ consume_step_rate                     │ 0.053031 │
└───────────────────────────────────────┴──────────┘
