Run run-0000
  Experiment: 284dade3e7b041068f3e6417535519fc
  Status: completed
  Output form: point
  Variation: baseline
  Created: 2026-05-01T10:19:52.702021+00:00
  Trace mode: delta
  Base seed: 42
  Episodes: 50

Summary
  mean_steps=177.7  death_rate=0.26  mean_final_vitality=0.507

Behavioral Metrics
           Standard Metrics            
┏━━━━━━━━━━━━━━━━━━━━━━━━━┳━━━━━━━━━━━┓
┃ Metric                  ┃     Value ┃
┡━━━━━━━━━━━━━━━━━━━━━━━━━╇━━━━━━━━━━━┩
│ resource_gain_per_step  │  0.623738 │
│ net_energy_efficiency   │  0.644026 │
│ successful_consume_rate │  0.860000 │
│ failed_movement_rate    │  0.000000 │
│ action_entropy          │  1.479551 │
│ policy_sharpness        │  0.285120 │
│ unique_cells_visited    │ 89.480000 │
│ coverage_efficiency     │  0.557655 │
│ revisit_rate            │  0.435758 │
└─────────────────────────┴───────────┘
      Mean values across the run.      

System Metrics
         system_aw_arbitration         
┏━━━━━━━━━━━━━━━━━━━━━━━━━━┳━━━━━━━━━━┓
┃ Metric                   ┃    Value ┃
┡━━━━━━━━━━━━━━━━━━━━━━━━━━╇━━━━━━━━━━┩
│ curiosity_dominance_rate │ 0.222397 │
│ mean_curiosity_weight    │ 0.392323 │
│ mean_hunger_weight       │ 0.560721 │
│ arbitrated_step_count    │     8885 │
└──────────────────────────┴──────────┘
          system_aw_curiosity           
┏━━━━━━━━━━━━━━━━━━━━━━━━━━━┳━━━━━━━━━━┓
┃ Metric                    ┃    Value ┃
┡━━━━━━━━━━━━━━━━━━━━━━━━━━━╇━━━━━━━━━━┩
│ mean_curiosity_activation │ 0.353850 │
│ mean_spatial_novelty      │ 0.649314 │
│ mean_sensory_novelty      │ 0.174664 │
│ mean_composite_novelty    │ 0.269594 │
│ curiosity_pressure_rate   │ 0.531007 │
└───────────────────────────┴──────────┘
           system_aw_world_model           
┏━━━━━━━━━━━━━━━━━━━━━━━━━━━━━┳━━━━━━━━━━━┓
┃ Metric                      ┃     Value ┃
┡━━━━━━━━━━━━━━━━━━━━━━━━━━━━━╇━━━━━━━━━━━┩
│ world_model_unique_cells    │ 89.480000 │
│ mean_visit_count_at_current │  3.718402 │
│ world_model_revisit_ratio   │  0.457222 │
└─────────────────────────────┴───────────┘
                 system_aw_behavior                 
┏━━━━━━━━━━━━━━━━━━━━━━━━━━━━━━━━━━━━━━━┳━━━━━━━━━━┓
┃ Metric                                ┃    Value ┃
┡━━━━━━━━━━━━━━━━━━━━━━━━━━━━━━━━━━━━━━━╇━━━━━━━━━━┩
│ curiosity_led_move_rate               │ 0.521891 │
│ consume_under_curiosity_pressure_rate │ 0.017168 │
│ movement_step_rate                    │ 0.945189 │
│ consume_step_rate                     │ 0.054811 │
└───────────────────────────────────────┴──────────┘
