Comparison #7
  Timestamp: 2026-05-01T10:22:27.757101+00:00
Run Comparison
  Reference: system_a  experiment=13a9d67f3b99408f9d200c2a2d9e8468  run=run-0000
  Candidate: system_aw  experiment=284dade3e7b041068f3e6417535519fc  run=run-0000
  Episodes: 50 compared, 50 valid, 0 invalid

Per-episode Results
                      Per-episode Results                       
┏━━━━━━━━━┳━━━━━━━━━━┳━━━━━━━━━┳━━━━━━━━━━━┳━━━━━━━━━━━┳━━━━━━━┓
┃ Episode ┃ Mismatch ┃ Pos div ┃ Steps r/c ┃ Survivor  ┃ Notes ┃
┡━━━━━━━━━╇━━━━━━━━━━╇━━━━━━━━━╇━━━━━━━━━━━╇━━━━━━━━━━━╇━━━━━━━┩
│ 1       │    73.8% │   12.55 │   172/200 │ candidate │       │
│ 2       │    75.0% │   13.87 │   200/200 │ equal     │       │
│ 3       │    82.5% │    9.19 │   200/200 │ equal     │       │
│ 4       │    66.3% │   11.74 │   101/115 │ candidate │       │
│ 5       │    81.5% │    8.07 │   200/200 │ equal     │       │
│ 6       │    78.0% │    7.32 │   100/200 │ candidate │       │
│ 7       │    82.8% │   12.54 │   200/116 │ reference │       │
│ 8       │    78.0% │   12.73 │   200/200 │ equal     │       │
│ 9       │    73.0% │   12.50 │   100/200 │ candidate │       │
│ 10      │    84.0% │   17.01 │   200/100 │ reference │       │
│ 11      │    85.0% │   12.02 │   200/200 │ equal     │       │
│ 12      │    78.0% │   13.96 │   100/151 │ candidate │       │
│ 13      │    82.5% │    6.84 │   200/200 │ equal     │       │
│ 14      │    73.0% │   10.66 │   101/100 │ reference │       │
│ 15      │    82.5% │   11.29 │   200/200 │ equal     │       │
│ 16      │    86.0% │   21.53 │   100/200 │ candidate │       │
│ 17      │    85.0% │    3.44 │   200/200 │ equal     │       │
│ 18      │    83.0% │    3.58 │   200/200 │ equal     │       │
│ 19      │    76.0% │    9.14 │   100/100 │ equal     │       │
│ 20      │    70.1% │    6.15 │   137/200 │ candidate │       │
│ 21      │    82.5% │    7.38 │   200/200 │ equal     │       │
│ 22      │    83.0% │   18.53 │   200/100 │ reference │       │
│ 23      │    74.5% │    9.55 │   200/200 │ equal     │       │
│ 24      │    86.5% │   14.53 │   200/200 │ equal     │       │
│ 25      │    77.9% │    8.73 │   172/200 │ candidate │       │
│ 26      │    78.9% │   19.00 │   114/200 │ candidate │       │
│ 27      │    81.0% │   13.68 │   100/200 │ candidate │       │
│ 28      │    70.0% │   20.81 │   100/200 │ candidate │       │
│ 29      │    77.8% │    8.20 │   135/200 │ candidate │       │
│ 30      │    69.9% │    9.58 │   103/178 │ candidate │       │
│ 31      │    76.5% │   16.18 │   200/200 │ equal     │       │
│ 32      │    81.0% │    7.21 │   200/200 │ equal     │       │
│ 33      │    78.0% │   13.36 │   100/100 │ equal     │       │
│ 34      │    76.5% │   15.97 │   200/200 │ equal     │       │
│ 35      │    82.0% │   10.31 │   200/200 │ equal     │       │
│ 36      │    79.0% │    9.48 │   200/200 │ equal     │       │
│ 37      │    79.0% │   16.27 │   200/200 │ equal     │       │
│ 38      │    64.0% │    7.48 │   100/100 │ equal     │       │
│ 39      │    78.5% │   20.27 │   200/200 │ equal     │       │
│ 40      │    78.1% │   17.11 │   160/200 │ candidate │       │
│ 41      │    68.0% │   11.24 │   100/200 │ candidate │       │
│ 42      │    78.0% │   22.50 │   200/200 │ equal     │       │
│ 43      │    77.4% │   14.68 │   200/115 │ reference │       │
│ 44      │    71.8% │   15.52 │   170/200 │ candidate │       │
│ 45      │    80.5% │   10.90 │   200/200 │ equal     │       │
│ 46      │    80.0% │   15.06 │   100/100 │ equal     │       │
│ 47      │    73.0% │   14.59 │   100/110 │ candidate │       │
│ 48      │    80.5% │   14.38 │   200/200 │ equal     │       │
│ 49      │    78.3% │    9.72 │   120/200 │ candidate │       │
│ 50      │    78.0% │    8.47 │   200/200 │ equal     │       │
└─────────┴──────────┴─────────┴───────────┴───────────┴───────┘
   Aligned run-level comparison across matched episode pairs.   

Statistical Summary
                             Statistical Summary                              
┏━━━━━━━━━━━━━━━━━━━━━━━━━━┳━━━━━━━━━━┳━━━━━━━━━┳━━━━━━━━━━━┳━━━━━━━━━━━┳━━━━┓
┃ Metric                   ┃     Mean ┃     Std ┃       Min ┃       Max ┃  N ┃
┡━━━━━━━━━━━━━━━━━━━━━━━━━━╇━━━━━━━━━━╇━━━━━━━━━╇━━━━━━━━━━━╇━━━━━━━━━━━╇━━━━┩
│ Action mismatch rate     │   0.7792 │  0.0510 │    0.6400 │    0.8650 │ 50 │
│ Mean trajectory distance │  12.3368 │  4.4898 │    3.4450 │   22.5000 │ 50 │
│ Mean vitality difference │   0.1973 │  0.1042 │    0.0000 │    0.4420 │ 50 │
│ Final vitality delta     │  +0.0920 │  0.4960 │   -0.9800 │   +0.9036 │ 50 │
│ Total steps delta        │ +16.0000 │ 48.6684 │ -100.0000 │ +100.0000 │ 50 │
└──────────────────────────┴──────────┴─────────┴───────────┴───────────┴────┘
              Descriptive statistics across valid episode pairs.              
  Hint: How often the two agents chose different actions at the same timestep.
  Hint: Average Manhattan distance between the two agents per episode.
  Hint: Average absolute difference in vitality between the two agents.
  Hint: Candidate final vitality minus reference final vitality.
  Hint: Candidate episode length minus reference episode length.
  Survival rates: reference=54%  candidate=74%
  Longer survivor: candidate=18  reference=5  equal=27

Configurations
  Hint: Differing config values are highlighted when terminal styling is enabled.
  Reference config: system_type=system_a
    system_type: system_a
    experiment_type: single_run
    general.seed: 42
    execution.max_steps: 200
    execution.trace_mode: delta
    execution.parallelism_mode: episodes
    execution.max_workers: 4
    world.world_type: grid_2d
    world.grid_width: 28
    world.grid_height: 28
    world.obstacle_density: 0.1
    world.resource_regen_rate: 0.012
    world.resource_regen_cooldown_steps: 10
    world.topology: bounded
    world.regeneration_mode: clustered
    world.num_clusters: 4
    world.regen_eligible_ratio: 0.08
    system.agent.initial_energy: 100.0
    system.agent.max_energy: 100.0
    system.agent.buffer_capacity: 30
    system.policy.selection_mode: argmax
    system.policy.temperature: 10.0
    system.policy.stay_suppression: 0.1
    system.policy.consume_weight: 2.5
    system.transition.move_cost: 1.0
    system.transition.consume_cost: 0.5
    system.transition.stay_cost: 0.3
    system.transition.max_consume: 1.0
    system.transition.energy_gain_factor: 15.0
    num_episodes_per_run: 50
    agent_start_position.x: 10
    agent_start_position.y: 10
  Candidate config: system_type=system_aw
    system_type: system_aw
    experiment_type: single_run
    general.seed: 42
    execution.max_steps: 200
    execution.trace_mode: delta
    execution.parallelism_mode: episodes
    execution.max_workers: 4
    world.world_type: grid_2d
    world.grid_width: 28
    world.grid_height: 28
    world.obstacle_density: 0.1
    world.resource_regen_rate: 0.012
    world.resource_regen_cooldown_steps: 10
    world.topology: bounded
    world.regeneration_mode: clustered
    world.num_clusters: 4
    world.regen_eligible_ratio: 0.08
    system.agent.initial_energy: 100.0
    system.agent.max_energy: 100.0
    system.agent.buffer_capacity: 30
    system.policy.selection_mode: argmax
    system.policy.temperature: 10.0
    system.policy.stay_suppression: 0.1
    system.policy.consume_weight: 2.5
    system.transition.move_cost: 1.0
    system.transition.consume_cost: 0.5
    system.transition.stay_cost: 0.3
    system.transition.max_consume: 1.0
    system.transition.energy_gain_factor: 15.0
    system.curiosity.base_curiosity: 0.42
    system.curiosity.spatial_sensory_balance: 0.2
    system.curiosity.explore_suppression: 0.16
    system.curiosity.novelty_sharpness: 1.3
    system.arbitration.hunger_weight_base: 0.5
    system.arbitration.curiosity_weight_base: 0.72
    system.arbitration.gating_sharpness: 2.0
    num_episodes_per_run: 50
    agent_start_position.x: 10
    agent_start_position.y: 10
