Run run-0000
  Experiment: 383646731bea431dac9ce2750ff91685
  Status: completed
  Output form: point
  Variation: baseline
  Created: 2026-05-01T10:15:19.273907+00:00
  Trace mode: delta
  Base seed: 42
  Episodes: 50

Summary
  mean_steps=200.0  death_rate=0.00  mean_final_vitality=0.812

Behavioral Metrics
           Standard Metrics            
┏━━━━━━━━━━━━━━━━━━━━━━━━━┳━━━━━━━━━━━┓
┃ Metric                  ┃     Value ┃
┡━━━━━━━━━━━━━━━━━━━━━━━━━╇━━━━━━━━━━━┩
│ resource_gain_per_step  │  0.875274 │
│ net_energy_efficiency   │  0.903269 │
│ successful_consume_rate │  1.000000 │
│ failed_movement_rate    │  0.000000 │
│ action_entropy          │  1.467942 │
│ policy_sharpness        │  0.313002 │
│ unique_cells_visited    │ 42.380000 │
│ coverage_efficiency     │  0.218639 │
│ revisit_rate            │  0.777163 │
└─────────────────────────┴───────────┘
      Mean values across the run.      

System Metrics
         system_aw_arbitration         
┏━━━━━━━━━━━━━━━━━━━━━━━━━━┳━━━━━━━━━━┓
┃ Metric                   ┃    Value ┃
┡━━━━━━━━━━━━━━━━━━━━━━━━━━╇━━━━━━━━━━┩
│ curiosity_dominance_rate │ 0.333200 │
│ mean_curiosity_weight    │ 0.481130 │
│ mean_hunger_weight       │ 0.519369 │
│ arbitrated_step_count    │    10000 │
└──────────────────────────┴──────────┘
          system_aw_curiosity           
┏━━━━━━━━━━━━━━━━━━━━━━━━━━━┳━━━━━━━━━━┓
┃ Metric                    ┃    Value ┃
┡━━━━━━━━━━━━━━━━━━━━━━━━━━━╇━━━━━━━━━━┩
│ mean_curiosity_activation │ 0.322423 │
│ mean_spatial_novelty      │ 0.524122 │
│ mean_sensory_novelty      │ 0.268980 │
│ mean_composite_novelty    │ 0.320008 │
│ curiosity_pressure_rate   │ 0.802000 │
└───────────────────────────┴──────────┘
           system_aw_world_model           
┏━━━━━━━━━━━━━━━━━━━━━━━━━━━━━┳━━━━━━━━━━━┓
┃ Metric                      ┃     Value ┃
┡━━━━━━━━━━━━━━━━━━━━━━━━━━━━━╇━━━━━━━━━━━┩
│ world_model_unique_cells    │ 42.380000 │
│ mean_visit_count_at_current │  8.370900 │
│ world_model_revisit_ratio   │  0.789154 │
└─────────────────────────────┴───────────┘
                 system_aw_behavior                 
┏━━━━━━━━━━━━━━━━━━━━━━━━━━━━━━━━━━━━━━━┳━━━━━━━━━━┓
┃ Metric                                ┃    Value ┃
┡━━━━━━━━━━━━━━━━━━━━━━━━━━━━━━━━━━━━━━━╇━━━━━━━━━━┩
│ curiosity_led_move_rate               │ 0.783100 │
│ consume_under_curiosity_pressure_rate │ 0.023566 │
│ movement_step_rate                    │ 0.938100 │
│ consume_step_rate                     │ 0.061900 │
└───────────────────────────────────────┴──────────┘
