Run run-0000
  Experiment: ee73ccc98893486a9a883cf05fd22a88
  Status: completed
  Output form: point
  Variation: baseline
  Created: 2026-05-01T10:11:33.873611+00:00
  Trace mode: delta
  Base seed: 42
  Episodes: 50

Summary
  mean_steps=198.0  death_rate=0.02  mean_final_vitality=0.740

Behavioral Metrics
           Standard Metrics            
┏━━━━━━━━━━━━━━━━━━━━━━━━━┳━━━━━━━━━━━┓
┃ Metric                  ┃     Value ┃
┡━━━━━━━━━━━━━━━━━━━━━━━━━╇━━━━━━━━━━━┩
│ resource_gain_per_step  │  0.824490 │
│ net_energy_efficiency   │  0.855820 │
│ successful_consume_rate │  0.980000 │
│ failed_movement_rate    │  0.000000 │
│ action_entropy          │  1.507902 │
│ policy_sharpness        │  0.306364 │
│ unique_cells_visited    │ 80.320000 │
│ coverage_efficiency     │  0.425591 │
│ revisit_rate            │  0.562770 │
└─────────────────────────┴───────────┘
      Mean values across the run.      

System Metrics
         system_aw_arbitration         
┏━━━━━━━━━━━━━━━━━━━━━━━━━━┳━━━━━━━━━━┓
┃ Metric                   ┃    Value ┃
┡━━━━━━━━━━━━━━━━━━━━━━━━━━╇━━━━━━━━━━┩
│ curiosity_dominance_rate │ 0.198485 │
│ mean_curiosity_weight    │ 0.415214 │
│ mean_hunger_weight       │ 0.539882 │
│ arbitrated_step_count    │     9900 │
└──────────────────────────┴──────────┘
          system_aw_curiosity           
┏━━━━━━━━━━━━━━━━━━━━━━━━━━━┳━━━━━━━━━━┓
┃ Metric                    ┃    Value ┃
┡━━━━━━━━━━━━━━━━━━━━━━━━━━━╇━━━━━━━━━━┩
│ mean_curiosity_activation │ 0.347814 │
│ mean_spatial_novelty      │ 0.661375 │
│ mean_sensory_novelty      │ 0.193091 │
│ mean_composite_novelty    │ 0.286748 │
│ curiosity_pressure_rate   │ 0.539596 │
└───────────────────────────┴──────────┘
           system_aw_world_model           
┏━━━━━━━━━━━━━━━━━━━━━━━━━━━━━┳━━━━━━━━━━━┓
┃ Metric                      ┃     Value ┃
┡━━━━━━━━━━━━━━━━━━━━━━━━━━━━━╇━━━━━━━━━━━┩
│ world_model_unique_cells    │ 88.640000 │
│ mean_visit_count_at_current │  3.635455 │
│ world_model_revisit_ratio   │  0.549843 │
└─────────────────────────────┴───────────┘
                 system_aw_behavior                 
┏━━━━━━━━━━━━━━━━━━━━━━━━━━━━━━━━━━━━━━━┳━━━━━━━━━━┓
┃ Metric                                ┃    Value ┃
┡━━━━━━━━━━━━━━━━━━━━━━━━━━━━━━━━━━━━━━━╇━━━━━━━━━━┩
│ curiosity_led_move_rate               │ 0.530202 │
│ consume_under_curiosity_pressure_rate │ 0.017409 │
│ movement_step_rate                    │ 0.927778 │
│ consume_step_rate                     │ 0.072222 │
└───────────────────────────────────────┴──────────┘
