Comparison #5
  Timestamp: 2026-05-01T10:13:36.952909+00:00
Run Comparison
  Reference: system_a  experiment=c3e2e09bf2ef417f9759011118f91722  run=run-0000
  Candidate: system_aw  experiment=ee73ccc98893486a9a883cf05fd22a88  run=run-0000
  Episodes: 50 compared, 50 valid, 0 invalid

Per-episode Results
                      Per-episode Results                       
┏━━━━━━━━━┳━━━━━━━━━━┳━━━━━━━━━┳━━━━━━━━━━━┳━━━━━━━━━━━┳━━━━━━━┓
┃ Episode ┃ Mismatch ┃ Pos div ┃ Steps r/c ┃ Survivor  ┃ Notes ┃
┡━━━━━━━━━╇━━━━━━━━━━╇━━━━━━━━━╇━━━━━━━━━━━╇━━━━━━━━━━━╇━━━━━━━┩
│ 1       │    76.5% │    9.10 │   200/200 │ equal     │       │
│ 2       │    84.5% │    6.28 │   200/200 │ equal     │       │
│ 3       │    81.0% │   13.40 │   100/200 │ candidate │       │
│ 4       │    82.0% │   10.35 │   200/200 │ equal     │       │
│ 5       │    82.5% │    7.16 │   200/200 │ equal     │       │
│ 6       │    79.1% │    9.23 │   115/200 │ candidate │       │
│ 7       │    83.5% │   10.77 │   200/200 │ equal     │       │
│ 8       │    78.5% │    9.63 │   200/200 │ equal     │       │
│ 9       │    74.3% │    7.46 │   101/200 │ candidate │       │
│ 10      │    80.4% │   12.80 │   138/200 │ candidate │       │
│ 11      │    78.0% │   13.27 │   159/200 │ candidate │       │
│ 12      │    78.0% │    8.52 │   101/100 │ reference │       │
│ 13      │    74.0% │    7.98 │   200/200 │ equal     │       │
│ 14      │    77.5% │    5.92 │   200/200 │ equal     │       │
│ 15      │    80.0% │   10.82 │   200/200 │ equal     │       │
│ 16      │    77.0% │   14.71 │   200/200 │ equal     │       │
│ 17      │    80.0% │   10.46 │   200/200 │ equal     │       │
│ 18      │    75.5% │    5.01 │   200/200 │ equal     │       │
│ 19      │    74.8% │   14.73 │   103/200 │ candidate │       │
│ 20      │    79.5% │   14.46 │   200/200 │ equal     │       │
│ 21      │    80.5% │    7.17 │   200/200 │ equal     │       │
│ 22      │    81.0% │   10.41 │   100/200 │ candidate │       │
│ 23      │    78.0% │   11.55 │   100/200 │ candidate │       │
│ 24      │    77.4% │   12.99 │   115/200 │ candidate │       │
│ 25      │    77.5% │   13.96 │   200/200 │ equal     │       │
│ 26      │    77.5% │   11.15 │   200/200 │ equal     │       │
│ 27      │    86.0% │    7.83 │   200/200 │ equal     │       │
│ 28      │    81.5% │    6.12 │   200/200 │ equal     │       │
│ 29      │    79.5% │   11.11 │   200/200 │ equal     │       │
│ 30      │    82.0% │   10.76 │   200/200 │ equal     │       │
│ 31      │    83.0% │    7.97 │   200/200 │ equal     │       │
│ 32      │    82.0% │   10.06 │   200/200 │ equal     │       │
│ 33      │    74.5% │    8.43 │   200/200 │ equal     │       │
│ 34      │    80.0% │   14.66 │   200/200 │ equal     │       │
│ 35      │    80.0% │   10.79 │   200/200 │ equal     │       │
│ 36      │    79.0% │    6.97 │   200/200 │ equal     │       │
│ 37      │    82.5% │    8.29 │   200/200 │ equal     │       │
│ 38      │    75.4% │    9.15 │   114/200 │ candidate │       │
│ 39      │    75.2% │    9.07 │   101/200 │ candidate │       │
│ 40      │    72.0% │    9.66 │   200/200 │ equal     │       │
│ 41      │    80.5% │    7.00 │   200/200 │ equal     │       │
│ 42      │    79.2% │   10.04 │   168/200 │ candidate │       │
│ 43      │    82.0% │   10.16 │   200/200 │ equal     │       │
│ 44      │    77.0% │   12.08 │   200/200 │ equal     │       │
│ 45      │    79.5% │    9.13 │   200/200 │ equal     │       │
│ 46      │    73.5% │   12.14 │   200/200 │ equal     │       │
│ 47      │    82.5% │   16.16 │   200/200 │ equal     │       │
│ 48      │    71.4% │   10.94 │   189/200 │ candidate │       │
│ 49      │    80.5% │    8.16 │   200/200 │ equal     │       │
│ 50      │    78.5% │   14.76 │   200/200 │ equal     │       │
└─────────┴──────────┴─────────┴───────────┴───────────┴───────┘
   Aligned run-level comparison across matched episode pairs.   

Statistical Summary
                            Statistical Summary                             
┏━━━━━━━━━━━━━━━━━━━━━━━━━━┳━━━━━━━━━━┳━━━━━━━━━┳━━━━━━━━━┳━━━━━━━━━━━┳━━━━┓
┃ Metric                   ┃     Mean ┃     Std ┃     Min ┃       Max ┃  N ┃
┡━━━━━━━━━━━━━━━━━━━━━━━━━━╇━━━━━━━━━━╇━━━━━━━━━╇━━━━━━━━━╇━━━━━━━━━━━╇━━━━┩
│ Action mismatch rate     │   0.7891 │  0.0321 │  0.7143 │    0.8600 │ 50 │
│ Mean trajectory distance │  10.2153 │  2.6950 │  5.0100 │   16.1650 │ 50 │
│ Mean vitality difference │   0.2044 │  0.0719 │  0.0070 │    0.3482 │ 50 │
│ Final vitality delta     │  +0.1925 │  0.4464 │ -0.7550 │   +0.8825 │ 50 │
│ Total steps delta        │ +19.9200 │ 37.1669 │ -1.0000 │ +100.0000 │ 50 │
└──────────────────────────┴──────────┴─────────┴─────────┴───────────┴────┘
             Descriptive statistics across valid episode pairs.             
  Hint: How often the two agents chose different actions at the same timestep.
  Hint: Average Manhattan distance between the two agents per episode.
  Hint: Average absolute difference in vitality between the two agents.
  Hint: Candidate final vitality minus reference final vitality.
  Hint: Candidate episode length minus reference episode length.
  Survival rates: reference=72%  candidate=98%
  Longer survivor: candidate=13  reference=1  equal=36

Configurations
  Hint: Differing config values are highlighted when terminal styling is enabled.
  Reference config: system_type=system_a
    system_type: system_a
    experiment_type: single_run
    general.seed: 42
    execution.max_steps: 200
    execution.trace_mode: delta
    execution.parallelism_mode: episodes
    execution.max_workers: 4
    world.world_type: grid_2d
    world.grid_width: 20
    world.grid_height: 20
    world.obstacle_density: 0.2
    world.resource_regen_rate: 0.01
    world.resource_regen_cooldown_steps: 10
    world.topology: toroidal
    world.regeneration_mode: clustered
    world.num_clusters: 3
    world.regen_eligible_ratio: 0.1
    system.agent.initial_energy: 100.0
    system.agent.max_energy: 100.0
    system.agent.buffer_capacity: 30
    system.policy.selection_mode: argmax
    system.policy.temperature: 10.0
    system.policy.stay_suppression: 0.1
    system.policy.consume_weight: 2.5
    system.transition.move_cost: 1.0
    system.transition.consume_cost: 0.5
    system.transition.stay_cost: 0.3
    system.transition.max_consume: 1.0
    system.transition.energy_gain_factor: 15.0
    num_episodes_per_run: 50
    agent_start_position.x: 10
    agent_start_position.y: 10
  Candidate config: system_type=system_aw
    system_type: system_aw
    experiment_type: single_run
    general.seed: 42
    execution.max_steps: 200
    execution.trace_mode: delta
    execution.parallelism_mode: episodes
    execution.max_workers: 4
    world.world_type: grid_2d
    world.grid_width: 20
    world.grid_height: 20
    world.obstacle_density: 0.2
    world.resource_regen_rate: 0.01
    world.resource_regen_cooldown_steps: 10
    world.topology: toroidal
    world.regeneration_mode: clustered
    world.num_clusters: 3
    world.regen_eligible_ratio: 0.1
    system.agent.initial_energy: 100.0
    system.agent.max_energy: 100.0
    system.agent.buffer_capacity: 30
    system.policy.selection_mode: argmax
    system.policy.temperature: 10.0
    system.policy.stay_suppression: 0.1
    system.policy.consume_weight: 2.5
    system.transition.move_cost: 1.0
    system.transition.consume_cost: 0.5
    system.transition.stay_cost: 0.3
    system.transition.max_consume: 1.0
    system.transition.energy_gain_factor: 15.0
    system.curiosity.base_curiosity: 0.42
    system.curiosity.spatial_sensory_balance: 0.2
    system.curiosity.explore_suppression: 0.16
    system.curiosity.novelty_sharpness: 1.3
    system.arbitration.hunger_weight_base: 0.5
    system.arbitration.curiosity_weight_base: 0.72
    system.arbitration.gating_sharpness: 2.0
    num_episodes_per_run: 50
    agent_start_position.x: 10
    agent_start_position.y: 10
