Run run-0000
  Experiment: 94d78781857d479d8f499f893ad91221
  Status: completed
  Output form: point
  Variation: baseline
  Created: 2026-05-04T10:20:52.386797+00:00
  Trace mode: full
  Base seed: 42
  Episodes: 50

Summary
  mean_steps=265.0  death_rate=0.64  mean_final_vitality=0.277

Behavioral Metrics
           Standard Metrics            
┏━━━━━━━━━━━━━━━━━━━━━━━━━┳━━━━━━━━━━━┓
┃ Metric                  ┃     Value ┃
┡━━━━━━━━━━━━━━━━━━━━━━━━━╇━━━━━━━━━━━┩
│ resource_gain_per_step  │  0.734680 │
│ net_energy_efficiency   │  0.831484 │
│ successful_consume_rate │  0.800000 │
│ failed_movement_rate    │  0.000000 │
│ action_entropy          │  1.574148 │
│ policy_sharpness        │  0.258253 │
│ unique_cells_visited    │ 61.560000 │
│ coverage_efficiency     │  0.278640 │
│ revisit_rate            │  0.701519 │
└─────────────────────────┴───────────┘
      Mean values across the run.      

System Metrics
         system_aw_arbitration         
┏━━━━━━━━━━━━━━━━━━━━━━━━━━┳━━━━━━━━━━┓
┃ Metric                   ┃    Value ┃
┡━━━━━━━━━━━━━━━━━━━━━━━━━━╇━━━━━━━━━━┩
│ curiosity_dominance_rate │ 0.000000 │
│ mean_curiosity_weight    │ 0.620246 │
│ mean_hunger_weight       │ 1.000000 │
│ arbitrated_step_count    │    13251 │
└──────────────────────────┴──────────┘
          system_aw_curiosity           
┏━━━━━━━━━━━━━━━━━━━━━━━━━━━┳━━━━━━━━━━┓
┃ Metric                    ┃    Value ┃
┡━━━━━━━━━━━━━━━━━━━━━━━━━━━╇━━━━━━━━━━┩
│ mean_curiosity_activation │ 0.000000 │
│ mean_spatial_novelty      │ 0.568617 │
│ mean_sensory_novelty      │ 0.056574 │
│ mean_composite_novelty    │ 0.312596 │
│ curiosity_pressure_rate   │ 0.000000 │
└───────────────────────────┴──────────┘
           system_aw_world_model           
┏━━━━━━━━━━━━━━━━━━━━━━━━━━━━━┳━━━━━━━━━━━┓
┃ Metric                      ┃     Value ┃
┡━━━━━━━━━━━━━━━━━━━━━━━━━━━━━╇━━━━━━━━━━━┩
│ world_model_unique_cells    │ 61.560000 │
│ mean_visit_count_at_current │  5.252434 │
│ world_model_revisit_ratio   │  0.741416 │
└─────────────────────────────┴───────────┘
                 system_aw_behavior                 
┏━━━━━━━━━━━━━━━━━━━━━━━━━━━━━━━━━━━━━━━┳━━━━━━━━━━┓
┃ Metric                                ┃    Value ┃
┡━━━━━━━━━━━━━━━━━━━━━━━━━━━━━━━━━━━━━━━╇━━━━━━━━━━┩
│ curiosity_led_move_rate               │ 0.000000 │
│ consume_under_curiosity_pressure_rate │        - │
│ movement_step_rate                    │ 0.809524 │
│ consume_step_rate                     │ 0.177194 │
└───────────────────────────────────────┴──────────┘
