Run run-0000
  Experiment: ff47b455b3b94bbe960d478aecdfd476
  Status: completed
  Output form: point
  Variation: baseline
  Created: 2026-05-01T09:44:51.654815+00:00
  Trace mode: delta
  Base seed: 42
  Episodes: 50

Summary
  mean_steps=176.7  death_rate=0.34  mean_final_vitality=0.429

Behavioral Metrics
            Standard Metrics            
┏━━━━━━━━━━━━━━━━━━━━━━━━━┳━━━━━━━━━━━━┓
┃ Metric                  ┃      Value ┃
┡━━━━━━━━━━━━━━━━━━━━━━━━━╇━━━━━━━━━━━━┩
│ resource_gain_per_step  │   0.583252 │
│ net_energy_efficiency   │   0.602085 │
│ successful_consume_rate │   0.860000 │
│ failed_movement_rate    │   0.000000 │
│ action_entropy          │   1.490567 │
│ policy_sharpness        │   0.337421 │
│ unique_cells_visited    │ 120.800000 │
│ coverage_efficiency     │   0.718078 │
│ revisit_rate            │   0.269447 │
└─────────────────────────┴────────────┘
      Mean values across the run.       

System Metrics
         system_aw_arbitration         
┏━━━━━━━━━━━━━━━━━━━━━━━━━━┳━━━━━━━━━━┓
┃ Metric                   ┃    Value ┃
┡━━━━━━━━━━━━━━━━━━━━━━━━━━╇━━━━━━━━━━┩
│ curiosity_dominance_rate │ 0.155631 │
│ mean_curiosity_weight    │ 0.252048 │
│ mean_hunger_weight       │ 0.489344 │
│ arbitrated_step_count    │     8835 │
└──────────────────────────┴──────────┘
          system_aw_curiosity           
┏━━━━━━━━━━━━━━━━━━━━━━━━━━━┳━━━━━━━━━━┓
┃ Metric                    ┃    Value ┃
┡━━━━━━━━━━━━━━━━━━━━━━━━━━━╇━━━━━━━━━━┩
│ mean_curiosity_activation │ 0.463501 │
│ mean_spatial_novelty      │ 0.680301 │
│ mean_sensory_novelty      │ 0.118683 │
│ mean_composite_novelty    │ 0.427573 │
│ curiosity_pressure_rate   │ 0.377589 │
└───────────────────────────┴──────────┘
           system_aw_world_model            
┏━━━━━━━━━━━━━━━━━━━━━━━━━━━━━┳━━━━━━━━━━━━┓
┃ Metric                      ┃      Value ┃
┡━━━━━━━━━━━━━━━━━━━━━━━━━━━━━╇━━━━━━━━━━━━┩
│ world_model_unique_cells    │ 120.800000 │
│ mean_visit_count_at_current │   1.707640 │
│ world_model_revisit_ratio   │   0.303078 │
└─────────────────────────────┴────────────┘
                 system_aw_behavior                 
┏━━━━━━━━━━━━━━━━━━━━━━━━━━━━━━━━━━━━━━━┳━━━━━━━━━━┓
┃ Metric                                ┃    Value ┃
┡━━━━━━━━━━━━━━━━━━━━━━━━━━━━━━━━━━━━━━━╇━━━━━━━━━━┩
│ curiosity_led_move_rate               │ 0.375099 │
│ consume_under_curiosity_pressure_rate │ 0.006595 │
│ movement_step_rate                    │ 0.945557 │
│ consume_step_rate                     │ 0.054443 │
└───────────────────────────────────────┴──────────┘
