Run run-0000
  Experiment: b8f460c96f2f469d8cd9d6bf59e649ad
  Status: completed
  Output form: point
  Variation: baseline
  Created: 2026-05-01T10:08:33.670701+00:00
  Trace mode: delta
  Base seed: 42
  Episodes: 50

Summary
  mean_steps=175.2  death_rate=0.46  mean_final_vitality=0.206

Behavioral Metrics
            Standard Metrics            
┏━━━━━━━━━━━━━━━━━━━━━━━━━┳━━━━━━━━━━━━┓
┃ Metric                  ┃      Value ┃
┡━━━━━━━━━━━━━━━━━━━━━━━━━╇━━━━━━━━━━━━┩
│ resource_gain_per_step  │   0.481465 │
│ net_energy_efficiency   │   0.496518 │
│ successful_consume_rate │   1.000000 │
│ failed_movement_rate    │   0.000000 │
│ action_entropy          │   1.505641 │
│ policy_sharpness        │   0.338965 │
│ unique_cells_visited    │ 118.340000 │
│ coverage_efficiency     │   0.692113 │
│ revisit_rate            │   0.293421 │
└─────────────────────────┴────────────┘
      Mean values across the run.       

System Metrics
         system_aw_arbitration         
┏━━━━━━━━━━━━━━━━━━━━━━━━━━┳━━━━━━━━━━┓
┃ Metric                   ┃    Value ┃
┡━━━━━━━━━━━━━━━━━━━━━━━━━━╇━━━━━━━━━━┩
│ curiosity_dominance_rate │ 0.101689 │
│ mean_curiosity_weight    │ 0.233461 │
│ mean_hunger_weight       │ 0.644109 │
│ arbitrated_step_count    │     8762 │
└──────────────────────────┴──────────┘
          system_aw_curiosity           
┏━━━━━━━━━━━━━━━━━━━━━━━━━━━┳━━━━━━━━━━┓
┃ Metric                    ┃    Value ┃
┡━━━━━━━━━━━━━━━━━━━━━━━━━━━╇━━━━━━━━━━┩
│ mean_curiosity_activation │ 0.410235 │
│ mean_spatial_novelty      │ 0.728466 │
│ mean_sensory_novelty      │ 0.024173 │
│ mean_composite_novelty    │ 0.165032 │
│ curiosity_pressure_rate   │ 0.208628 │
└───────────────────────────┴──────────┘
           system_aw_world_model            
┏━━━━━━━━━━━━━━━━━━━━━━━━━━━━━┳━━━━━━━━━━━━┓
┃ Metric                      ┃      Value ┃
┡━━━━━━━━━━━━━━━━━━━━━━━━━━━━━╇━━━━━━━━━━━━┩
│ world_model_unique_cells    │ 118.340000 │
│ mean_visit_count_at_current │   1.821502 │
│ world_model_revisit_ratio   │   0.330398 │
└─────────────────────────────┴────────────┘
                 system_aw_behavior                 
┏━━━━━━━━━━━━━━━━━━━━━━━━━━━━━━━━━━━━━━━┳━━━━━━━━━━┓
┃ Metric                                ┃    Value ┃
┡━━━━━━━━━━━━━━━━━━━━━━━━━━━━━━━━━━━━━━━╇━━━━━━━━━━┩
│ curiosity_led_move_rate               │ 0.207030 │
│ consume_under_curiosity_pressure_rate │ 0.007659 │
│ movement_step_rate                    │ 0.943506 │
│ consume_step_rate                     │ 0.056494 │
└───────────────────────────────────────┴──────────┘
