Run run-0000
  Experiment: d8a5fabe3644422094074f85b55b7e7b
  Status: completed
  Output form: point
  Variation: baseline
  Created: 2026-05-04T10:25:58.738450+00:00
  Trace mode: full
  Base seed: 42
  Episodes: 50

Summary
  mean_steps=299.4  death_rate=0.52  mean_final_vitality=0.327

Behavioral Metrics
            Standard Metrics            
┏━━━━━━━━━━━━━━━━━━━━━━━━━┳━━━━━━━━━━━━┓
┃ Metric                  ┃      Value ┃
┡━━━━━━━━━━━━━━━━━━━━━━━━━╇━━━━━━━━━━━━┩
│ resource_gain_per_step  │   0.616685 │
│ net_energy_efficiency   │   0.637375 │
│ successful_consume_rate │   0.880000 │
│ failed_movement_rate    │   0.000000 │
│ action_entropy          │   1.500706 │
│ policy_sharpness        │   0.289422 │
│ unique_cells_visited    │ 160.500000 │
│ coverage_efficiency     │   0.609861 │
│ revisit_rate            │   0.378789 │
└─────────────────────────┴────────────┘
      Mean values across the run.       

System Metrics
         system_aw_arbitration         
┏━━━━━━━━━━━━━━━━━━━━━━━━━━┳━━━━━━━━━━┓
┃ Metric                   ┃    Value ┃
┡━━━━━━━━━━━━━━━━━━━━━━━━━━╇━━━━━━━━━━┩
│ curiosity_dominance_rate │ 0.000000 │
│ mean_curiosity_weight    │ 0.234008 │
│ mean_hunger_weight       │ 0.655528 │
│ arbitrated_step_count    │    14968 │
└──────────────────────────┴──────────┘
          system_aw_curiosity           
┏━━━━━━━━━━━━━━━━━━━━━━━━━━━┳━━━━━━━━━━┓
┃ Metric                    ┃    Value ┃
┡━━━━━━━━━━━━━━━━━━━━━━━━━━━╇━━━━━━━━━━┩
│ mean_curiosity_activation │ 0.208538 │
│ mean_spatial_novelty      │ 0.631697 │
│ mean_sensory_novelty      │ 0.139714 │
│ mean_composite_novelty    │ 0.385706 │
│ curiosity_pressure_rate   │ 0.227352 │
└───────────────────────────┴──────────┘
           system_aw_world_model            
┏━━━━━━━━━━━━━━━━━━━━━━━━━━━━━┳━━━━━━━━━━━━┓
┃ Metric                      ┃      Value ┃
┡━━━━━━━━━━━━━━━━━━━━━━━━━━━━━╇━━━━━━━━━━━━┩
│ world_model_unique_cells    │ 160.500000 │
│ mean_visit_count_at_current │   2.609567 │
│ world_model_revisit_ratio   │   0.407304 │
└─────────────────────────────┴────────────┘
                 system_aw_behavior                 
┏━━━━━━━━━━━━━━━━━━━━━━━━━━━━━━━━━━━━━━━┳━━━━━━━━━━┓
┃ Metric                                ┃    Value ┃
┡━━━━━━━━━━━━━━━━━━━━━━━━━━━━━━━━━━━━━━━╇━━━━━━━━━━┩
│ curiosity_led_move_rate               │ 0.227352 │
│ consume_under_curiosity_pressure_rate │ 0.000000 │
│ movement_step_rate                    │ 0.938736 │
│ consume_step_rate                     │ 0.061264 │
└───────────────────────────────────────┴──────────┘
