Comparison #3
  Timestamp: 2026-05-04T10:29:23.981537+00:00
Run Comparison
  Reference: system_a  experiment=648308a3c6cf45be9967a803569fe540  run=run-0000
  Candidate: system_aw  experiment=d8a5fabe3644422094074f85b55b7e7b  run=run-0000
  Episodes: 50 compared, 50 valid, 0 invalid

Per-episode Results
                      Per-episode Results                       
┏━━━━━━━━━┳━━━━━━━━━━┳━━━━━━━━━┳━━━━━━━━━━━┳━━━━━━━━━━━┳━━━━━━━┓
┃ Episode ┃ Mismatch ┃ Pos div ┃ Steps r/c ┃ Survivor  ┃ Notes ┃
┡━━━━━━━━━╇━━━━━━━━━━╇━━━━━━━━━╇━━━━━━━━━━━╇━━━━━━━━━━━╇━━━━━━━┩
│ 1       │    77.6% │   13.37 │   400/344 │ reference │       │
│ 2       │    77.8% │    9.31 │   400/324 │ reference │       │
│ 3       │    79.0% │    9.63 │   100/400 │ candidate │       │
│ 4       │    83.0% │   10.05 │   400/400 │ equal     │       │
│ 5       │    83.0% │   13.03 │   270/400 │ candidate │       │
│ 6       │    74.8% │    8.37 │   115/400 │ candidate │       │
│ 7       │    73.8% │   14.20 │   191/400 │ candidate │       │
│ 8       │    63.0% │    8.82 │   400/100 │ reference │       │
│ 9       │    73.3% │    7.34 │   101/125 │ candidate │       │
│ 10      │    80.2% │   16.87 │   293/400 │ candidate │       │
│ 11      │    81.2% │   14.69 │   128/400 │ candidate │       │
│ 12      │    76.2% │   11.04 │   101/154 │ candidate │       │
│ 13      │    80.4% │   10.50 │   387/400 │ candidate │       │
│ 14      │    81.7% │    9.67 │   400/120 │ reference │       │
│ 15      │    80.8% │   10.77 │   400/400 │ equal     │       │
│ 16      │    78.0% │   16.18 │   396/100 │ reference │       │
│ 17      │    78.5% │    8.55 │   265/163 │ reference │       │
│ 18      │    81.6% │    7.42 │   307/282 │ reference │       │
│ 19      │    76.7% │   18.63 │   103/332 │ candidate │       │
│ 20      │    83.3% │   12.01 │   213/114 │ reference │       │
│ 21      │    80.8% │    9.39 │   400/400 │ equal     │       │
│ 22      │    80.0% │    7.02 │   100/313 │ candidate │       │
│ 23      │    76.0% │   12.11 │   100/142 │ candidate │       │
│ 24      │    73.0% │   10.68 │   115/126 │ candidate │       │
│ 25      │    77.2% │   10.60 │   101/400 │ candidate │       │
│ 26      │    79.2% │    9.08 │   400/400 │ equal     │       │
│ 27      │    93.0% │   16.79 │   400/100 │ reference │       │
│ 28      │    75.5% │    6.94 │   335/400 │ candidate │       │
│ 29      │    80.5% │    7.05 │   400/400 │ equal     │       │
│ 30      │    80.6% │   10.35 │   299/400 │ candidate │       │
│ 31      │    77.0% │   13.09 │   400/100 │ reference │       │
│ 32      │    77.2% │   10.07 │   101/400 │ candidate │       │
│ 33      │    67.0% │   13.84 │   400/100 │ reference │       │
│ 34      │    84.0% │    9.44 │   100/400 │ candidate │       │
│ 35      │    78.3% │   13.43 │   189/356 │ candidate │       │
│ 36      │    79.8% │    8.96 │   400/367 │ reference │       │
│ 37      │    80.0% │   11.54 │   400/330 │ reference │       │
│ 38      │    78.9% │   18.73 │   194/400 │ candidate │       │
│ 39      │    69.3% │    7.06 │   101/167 │ candidate │       │
│ 40      │    82.0% │   11.66 │   400/100 │ reference │       │
│ 41      │    78.8% │   11.75 │   400/217 │ reference │       │
│ 42      │    76.2% │   13.03 │   168/222 │ candidate │       │
│ 43      │    79.7% │    6.45 │   237/400 │ candidate │       │
│ 44      │    70.8% │    9.48 │   232/178 │ reference │       │
│ 45      │    78.7% │    8.76 │   225/392 │ candidate │       │
│ 46      │    77.1% │   12.27 │   201/400 │ candidate │       │
│ 47      │    80.5% │   10.02 │   400/400 │ equal     │       │
│ 48      │    77.2% │   17.16 │   101/400 │ candidate │       │
│ 49      │    80.2% │   12.76 │   400/400 │ equal     │       │
│ 50      │    80.8% │    8.97 │   182/400 │ candidate │       │
└─────────┴──────────┴─────────┴───────────┴───────────┴───────┘
   Aligned run-level comparison across matched episode pairs.   

Statistical Summary
                              Statistical Summary                              
┏━━━━━━━━━━━━━━━━━━━━━━━━━━┳━━━━━━━━━━┳━━━━━━━━━━┳━━━━━━━━━━━┳━━━━━━━━━━━┳━━━━┓
┃ Metric                   ┃     Mean ┃      Std ┃       Min ┃       Max ┃  N ┃
┡━━━━━━━━━━━━━━━━━━━━━━━━━━╇━━━━━━━━━━╇━━━━━━━━━━╇━━━━━━━━━━━╇━━━━━━━━━━━╇━━━━┩
│ Action mismatch rate     │   0.7827 │   0.0460 │    0.6300 │    0.9300 │ 50 │
│ Mean trajectory distance │  11.1784 │   3.1166 │    6.4515 │   18.7268 │ 50 │
│ Mean vitality difference │   0.2542 │   0.1014 │    0.0060 │    0.4827 │ 50 │
│ Final vitality delta     │  +0.0501 │   0.6490 │   -1.0000 │   +0.9900 │ 50 │
│ Total steps delta        │ +34.3400 │ 183.0293 │ -300.0000 │ +300.0000 │ 50 │
└──────────────────────────┴──────────┴──────────┴───────────┴───────────┴────┘
              Descriptive statistics across valid episode pairs.               
  Hint: How often the two agents chose different actions at the same timestep.
  Hint: Average Manhattan distance between the two agents per episode.
  Hint: Average absolute difference in vitality between the two agents.
  Hint: Candidate final vitality minus reference final vitality.
  Hint: Candidate episode length minus reference episode length.
  Survival rates: reference=36%  candidate=48%
  Longer survivor: candidate=27  reference=16  equal=7

Configurations
  Hint: Differing config values are highlighted when terminal styling is enabled.
  Reference config: system_type=system_a
    system_type: system_a
    experiment_type: single_run
    general.seed: 42
    execution.max_steps: 400
    execution.trace_mode: full
    execution.parallelism_mode: episodes
    execution.max_workers: 6
    world.world_type: grid_2d
    world.grid_width: 20
    world.grid_height: 20
    world.obstacle_density: 0.2
    world.resource_regen_rate: 0.01
    world.resource_regen_cooldown_steps: 10
    world.topology: bounded
    world.regeneration_mode: clustered
    world.num_clusters: 3
    world.regen_eligible_ratio: 0.1
    system.agent.initial_energy: 100.0
    system.agent.max_energy: 100.0
    system.agent.buffer_capacity: 30
    system.policy.selection_mode: argmax
    system.policy.temperature: 10.0
    system.policy.stay_suppression: 0.1
    system.policy.consume_weight: 2.5
    system.transition.move_cost: 1.0
    system.transition.consume_cost: 0.5
    system.transition.stay_cost: 0.3
    system.transition.max_consume: 1.0
    system.transition.energy_gain_factor: 15.0
    num_episodes_per_run: 50
    agent_start_position.x: 10
    agent_start_position.y: 10
  Candidate config: system_type=system_aw
    system_type: system_aw
    experiment_type: single_run
    general.seed: 42
    execution.max_steps: 400
    execution.trace_mode: full
    execution.parallelism_mode: episodes
    execution.max_workers: 6
    world.world_type: grid_2d
    world.grid_width: 20
    world.grid_height: 20
    world.obstacle_density: 0.2
    world.resource_regen_rate: 0.01
    world.resource_regen_cooldown_steps: 10
    world.topology: bounded
    world.regeneration_mode: clustered
    world.num_clusters: 3
    world.regen_eligible_ratio: 0.1
    system.agent.initial_energy: 100.0
    system.agent.max_energy: 100.0
    system.agent.buffer_capacity: 30
    system.policy.selection_mode: argmax
    system.policy.temperature: 10.0
    system.policy.stay_suppression: 0.1
    system.policy.consume_weight: 2.5
    system.transition.move_cost: 1.0
    system.transition.consume_cost: 0.5
    system.transition.stay_cost: 0.3
    system.transition.max_consume: 1.0
    system.transition.energy_gain_factor: 15.0
    system.curiosity.base_curiosity: 0.24
    system.curiosity.spatial_sensory_balance: 0.5
    system.curiosity.explore_suppression: 0.28
    system.curiosity.novelty_sharpness: 1.4
    system.arbitration.hunger_weight_base: 0.62
    system.arbitration.curiosity_weight_base: 0.45
    system.arbitration.gating_sharpness: 2.6
    num_episodes_per_run: 50
    agent_start_position.x: 10
    agent_start_position.y: 10
