Comparison #6
  Timestamp: 2026-05-01T09:50:23.730928+00:00
Run Comparison
  Reference: system_a  experiment=7b79e388b18547adba9ec59e09d14454  run=run-0000
  Candidate: system_aw  experiment=1b65e165385349afbcd0198074ba8eff  run=run-0000
  Episodes: 50 compared, 50 valid, 0 invalid

Per-episode Results
                      Per-episode Results                       
┏━━━━━━━━━┳━━━━━━━━━━┳━━━━━━━━━┳━━━━━━━━━━━┳━━━━━━━━━━━┳━━━━━━━┓
┃ Episode ┃ Mismatch ┃ Pos div ┃ Steps r/c ┃ Survivor  ┃ Notes ┃
┡━━━━━━━━━╇━━━━━━━━━━╇━━━━━━━━━╇━━━━━━━━━━━╇━━━━━━━━━━━╇━━━━━━━┩
│ 1       │    76.0% │   10.55 │   200/200 │ equal     │       │
│ 2       │    83.5% │    6.84 │   200/200 │ equal     │       │
│ 3       │    74.0% │   13.41 │   100/200 │ candidate │       │
│ 4       │    74.0% │    4.00 │   200/200 │ equal     │       │
│ 5       │    83.0% │    9.17 │   200/200 │ equal     │       │
│ 6       │    80.9% │    9.08 │   115/200 │ candidate │       │
│ 7       │    76.4% │   12.96 │   191/200 │ candidate │       │
│ 8       │    63.0% │    8.82 │   200/100 │ reference │       │
│ 9       │    73.3% │    7.34 │   101/125 │ candidate │       │
│ 10      │    78.5% │    5.69 │   200/200 │ equal     │       │
│ 11      │    82.0% │   15.30 │   128/200 │ candidate │       │
│ 12      │    77.2% │   11.76 │   101/195 │ candidate │       │
│ 13      │    75.5% │    6.47 │   200/200 │ equal     │       │
│ 14      │    84.0% │    5.71 │   200/200 │ equal     │       │
│ 15      │    82.0% │    7.13 │   200/200 │ equal     │       │
│ 16      │    78.0% │   16.18 │   200/100 │ reference │       │
│ 17      │    79.5% │    6.16 │   200/200 │ equal     │       │
│ 18      │    82.4% │    8.99 │   200/187 │ reference │       │
│ 19      │    77.7% │   19.30 │   103/200 │ candidate │       │
│ 20      │    83.3% │   12.01 │   200/114 │ reference │       │
│ 21      │    76.5% │    6.55 │   200/200 │ equal     │       │
│ 22      │    82.0% │    6.50 │   100/200 │ candidate │       │
│ 23      │    74.0% │   11.72 │   100/131 │ candidate │       │
│ 24      │    73.0% │   10.96 │   115/200 │ candidate │       │
│ 25      │    66.3% │   10.76 │   101/200 │ candidate │       │
│ 26      │    76.0% │    9.53 │   200/200 │ equal     │       │
│ 27      │    93.0% │   16.79 │   200/100 │ reference │       │
│ 28      │    80.5% │    5.96 │   200/200 │ equal     │       │
│ 29      │    81.5% │    5.17 │   200/200 │ equal     │       │
│ 30      │    85.0% │   14.01 │   200/200 │ equal     │       │
│ 31      │    79.0% │   11.65 │   200/105 │ reference │       │
│ 32      │    76.2% │   15.82 │   101/200 │ candidate │       │
│ 33      │    67.0% │   13.84 │   200/100 │ reference │       │
│ 34      │    83.0% │    9.62 │   100/200 │ candidate │       │
│ 35      │    79.9% │   12.87 │   189/200 │ candidate │       │
│ 36      │    76.0% │    5.22 │   200/200 │ equal     │       │
│ 37      │    81.5% │    6.42 │   200/200 │ equal     │       │
│ 38      │    75.3% │   19.45 │   194/200 │ candidate │       │
│ 39      │    75.2% │    7.33 │   101/200 │ candidate │       │
│ 40      │    72.5% │    8.20 │   200/200 │ equal     │       │
│ 41      │    81.0% │    5.73 │   200/200 │ equal     │       │
│ 42      │    85.1% │    9.14 │   168/200 │ candidate │       │
│ 43      │    82.0% │   10.16 │   200/200 │ equal     │       │
│ 44      │    74.5% │   12.35 │   200/200 │ equal     │       │
│ 45      │    77.5% │    9.42 │   200/200 │ equal     │       │
│ 46      │    76.0% │   11.23 │   200/200 │ equal     │       │
│ 47      │    75.5% │    8.43 │   200/200 │ equal     │       │
│ 48      │    76.2% │   13.87 │   101/200 │ candidate │       │
│ 49      │    80.8% │   11.40 │   200/120 │ reference │       │
│ 50      │    78.6% │   17.90 │   182/200 │ candidate │       │
└─────────┴──────────┴─────────┴───────────┴───────────┴───────┘
   Aligned run-level comparison across matched episode pairs.   

Statistical Summary
                             Statistical Summary                              
┏━━━━━━━━━━━━━━━━━━━━━━━━━━┳━━━━━━━━━━┳━━━━━━━━━┳━━━━━━━━━━━┳━━━━━━━━━━━┳━━━━┓
┃ Metric                   ┃     Mean ┃     Std ┃       Min ┃       Max ┃  N ┃
┡━━━━━━━━━━━━━━━━━━━━━━━━━━╇━━━━━━━━━━╇━━━━━━━━━╇━━━━━━━━━━━╇━━━━━━━━━━━╇━━━━┩
│ Action mismatch rate     │   0.7810 │  0.0513 │    0.6300 │    0.9300 │ 50 │
│ Mean trajectory distance │  10.2978 │  3.8848 │    4.0050 │   19.4485 │ 50 │
│ Mean vitality difference │   0.2228 │  0.0949 │    0.0060 │    0.4827 │ 50 │
│ Final vitality delta     │  +0.1054 │  0.5619 │   -1.0000 │   +0.8560 │ 50 │
│ Total steps delta        │ +11.7200 │ 58.2619 │ -100.0000 │ +100.0000 │ 50 │
└──────────────────────────┴──────────┴─────────┴───────────┴───────────┴────┘
              Descriptive statistics across valid episode pairs.              
  Hint: How often the two agents chose different actions at the same timestep.
  Hint: Average Manhattan distance between the two agents per episode.
  Hint: Average absolute difference in vitality between the two agents.
  Hint: Candidate final vitality minus reference final vitality.
  Hint: Candidate episode length minus reference episode length.
  Survival rates: reference=62%  candidate=78%
  Longer survivor: candidate=19  reference=8  equal=23

Configurations
  Hint: Differing config values are highlighted when terminal styling is enabled.
  Reference config: system_type=system_a
    system_type: system_a
    experiment_type: single_run
    general.seed: 42
    execution.max_steps: 200
    execution.trace_mode: delta
    execution.parallelism_mode: episodes
    execution.max_workers: 4
    world.world_type: grid_2d
    world.grid_width: 20
    world.grid_height: 20
    world.obstacle_density: 0.2
    world.resource_regen_rate: 0.01
    world.resource_regen_cooldown_steps: 10
    world.topology: bounded
    world.regeneration_mode: clustered
    world.num_clusters: 3
    world.regen_eligible_ratio: 0.1
    system.agent.initial_energy: 100.0
    system.agent.max_energy: 100.0
    system.agent.buffer_capacity: 30
    system.policy.selection_mode: argmax
    system.policy.temperature: 10.0
    system.policy.stay_suppression: 0.1
    system.policy.consume_weight: 2.5
    system.transition.move_cost: 1.0
    system.transition.consume_cost: 0.5
    system.transition.stay_cost: 0.3
    system.transition.max_consume: 1.0
    system.transition.energy_gain_factor: 15.0
    num_episodes_per_run: 50
    agent_start_position.x: 10
    agent_start_position.y: 10
  Candidate config: system_type=system_aw
    system_type: system_aw
    experiment_type: single_run
    general.seed: 42
    execution.max_steps: 200
    execution.trace_mode: delta
    execution.parallelism_mode: episodes
    execution.max_workers: 4
    world.world_type: grid_2d
    world.grid_width: 20
    world.grid_height: 20
    world.obstacle_density: 0.2
    world.resource_regen_rate: 0.01
    world.resource_regen_cooldown_steps: 10
    world.topology: bounded
    world.regeneration_mode: clustered
    world.num_clusters: 3
    world.regen_eligible_ratio: 0.1
    system.agent.initial_energy: 100.0
    system.agent.max_energy: 100.0
    system.agent.buffer_capacity: 30
    system.policy.selection_mode: argmax
    system.policy.temperature: 10.0
    system.policy.stay_suppression: 0.1
    system.policy.consume_weight: 2.5
    system.transition.move_cost: 1.0
    system.transition.consume_cost: 0.5
    system.transition.stay_cost: 0.3
    system.transition.max_consume: 1.0
    system.transition.energy_gain_factor: 15.0
    system.curiosity.base_curiosity: 0.42
    system.curiosity.spatial_sensory_balance: 0.2
    system.curiosity.explore_suppression: 0.16
    system.curiosity.novelty_sharpness: 1.3
    system.arbitration.hunger_weight_base: 0.5
    system.arbitration.curiosity_weight_base: 0.72
    system.arbitration.gating_sharpness: 2.0
    num_episodes_per_run: 50
    agent_start_position.x: 10
    agent_start_position.y: 10
