Run run-0000
  Experiment: 1b65e165385349afbcd0198074ba8eff
  Status: completed
  Output form: point
  Variation: baseline
  Created: 2026-05-01T09:48:49.199534+00:00
  Trace mode: delta
  Base seed: 42
  Episodes: 50

Summary
  mean_steps=183.5  death_rate=0.22  mean_final_vitality=0.568

Behavioral Metrics
           Standard Metrics            
┏━━━━━━━━━━━━━━━━━━━━━━━━━┳━━━━━━━━━━━┓
┃ Metric                  ┃     Value ┃
┡━━━━━━━━━━━━━━━━━━━━━━━━━╇━━━━━━━━━━━┩
│ resource_gain_per_step  │  0.677468 │
│ net_energy_efficiency   │  0.702608 │
│ successful_consume_rate │  0.920000 │
│ failed_movement_rate    │  0.000000 │
│ action_entropy          │  1.504260 │
│ policy_sharpness        │  0.308544 │
│ unique_cells_visited    │ 80.280000 │
│ coverage_efficiency     │  0.477271 │
│ revisit_rate            │  0.514621 │
└─────────────────────────┴───────────┘
      Mean values across the run.      

System Metrics
         system_aw_arbitration         
┏━━━━━━━━━━━━━━━━━━━━━━━━━━┳━━━━━━━━━━┓
┃ Metric                   ┃    Value ┃
┡━━━━━━━━━━━━━━━━━━━━━━━━━━╇━━━━━━━━━━┩
│ curiosity_dominance_rate │ 0.183502 │
│ mean_curiosity_weight    │ 0.385930 │
│ mean_hunger_weight       │ 0.558928 │
│ arbitrated_step_count    │     9177 │
└──────────────────────────┴──────────┘
          system_aw_curiosity           
┏━━━━━━━━━━━━━━━━━━━━━━━━━━━┳━━━━━━━━━━┓
┃ Metric                    ┃    Value ┃
┡━━━━━━━━━━━━━━━━━━━━━━━━━━━╇━━━━━━━━━━┩
│ mean_curiosity_activation │ 0.358537 │
│ mean_spatial_novelty      │ 0.637263 │
│ mean_sensory_novelty      │ 0.163915 │
│ mean_composite_novelty    │ 0.258585 │
│ curiosity_pressure_rate   │ 0.486433 │
└───────────────────────────┴──────────┘
           system_aw_world_model           
┏━━━━━━━━━━━━━━━━━━━━━━━━━━━━━┳━━━━━━━━━━━┓
┃ Metric                      ┃     Value ┃
┡━━━━━━━━━━━━━━━━━━━━━━━━━━━━━╇━━━━━━━━━━━┩
│ world_model_unique_cells    │ 80.280000 │
│ mean_visit_count_at_current │  3.896044 │
│ world_model_revisit_ratio   │  0.538250 │
└─────────────────────────────┴───────────┘
                 system_aw_behavior                 
┏━━━━━━━━━━━━━━━━━━━━━━━━━━━━━━━━━━━━━━━┳━━━━━━━━━━┓
┃ Metric                                ┃    Value ┃
┡━━━━━━━━━━━━━━━━━━━━━━━━━━━━━━━━━━━━━━━╇━━━━━━━━━━┩
│ curiosity_led_move_rate               │ 0.477934 │
│ consume_under_curiosity_pressure_rate │ 0.017473 │
│ movement_step_rate                    │ 0.934619 │
│ consume_step_rate                     │ 0.065381 │
└───────────────────────────────────────┴──────────┘
