Comparison #2
  Timestamp: 2026-05-04T10:25:11.033280+00:00
Run Comparison
  Reference: system_a  experiment=0979097c35d24afe8fc69f63e95d9d4d  run=run-0000
  Candidate: system_aw  experiment=4cf6ccf8080e454bb77a928cb641f1c1  run=run-0000
  Episodes: 50 compared, 50 valid, 0 invalid

Per-episode Results
                      Per-episode Results                       
┏━━━━━━━━━┳━━━━━━━━━━┳━━━━━━━━━┳━━━━━━━━━━━┳━━━━━━━━━━━┳━━━━━━━┓
┃ Episode ┃ Mismatch ┃ Pos div ┃ Steps r/c ┃ Survivor  ┃ Notes ┃
┡━━━━━━━━━╇━━━━━━━━━━╇━━━━━━━━━╇━━━━━━━━━━━╇━━━━━━━━━━━╇━━━━━━━┩
│ 1       │    81.5% │   10.19 │   400/400 │ equal     │       │
│ 2       │    72.2% │   10.22 │   400/237 │ reference │       │
│ 3       │    72.0% │    8.25 │   100/167 │ candidate │       │
│ 4       │    79.8% │    7.33 │   400/400 │ equal     │       │
│ 5       │    79.3% │    9.12 │   270/400 │ candidate │       │
│ 6       │    80.9% │    6.53 │   115/400 │ candidate │       │
│ 7       │    77.5% │   12.02 │   191/400 │ candidate │       │
│ 8       │    63.0% │    8.82 │   400/100 │ reference │       │
│ 9       │    73.3% │    7.34 │   101/125 │ candidate │       │
│ 10      │    78.1% │    6.55 │   293/146 │ reference │       │
│ 11      │    80.5% │   13.80 │   128/400 │ candidate │       │
│ 12      │    76.2% │   11.04 │   101/154 │ candidate │       │
│ 13      │    81.9% │    8.53 │   387/400 │ candidate │       │
│ 14      │    81.5% │    8.14 │   400/400 │ equal     │       │
│ 15      │    82.8% │   10.23 │   400/400 │ equal     │       │
│ 16      │    78.0% │   16.18 │   396/100 │ reference │       │
│ 17      │    80.4% │   14.44 │   265/400 │ candidate │       │
│ 18      │    79.0% │    9.63 │   307/176 │ reference │       │
│ 19      │    80.6% │   11.83 │   103/400 │ candidate │       │
│ 20      │    83.3% │   12.01 │   213/114 │ reference │       │
│ 21      │    80.6% │    9.19 │   400/315 │ reference │       │
│ 22      │    74.0% │    7.42 │   100/400 │ candidate │       │
│ 23      │    79.0% │   11.36 │   100/256 │ candidate │       │
│ 24      │    77.4% │   14.41 │   115/173 │ candidate │       │
│ 25      │    75.2% │   13.22 │   101/400 │ candidate │       │
│ 26      │    81.0% │    9.30 │   400/400 │ equal     │       │
│ 27      │    93.0% │   16.79 │   400/100 │ reference │       │
│ 28      │    78.7% │    9.02 │   335/287 │ reference │       │
│ 29      │    79.5% │   12.95 │   400/400 │ equal     │       │
│ 30      │    81.3% │   12.99 │   299/400 │ candidate │       │
│ 31      │    77.0% │   13.09 │   400/100 │ reference │       │
│ 32      │    77.2% │   14.57 │   101/175 │ candidate │       │
│ 33      │    67.0% │   13.84 │   400/100 │ reference │       │
│ 34      │    79.0% │   11.00 │   100/400 │ candidate │       │
│ 35      │    79.4% │   15.05 │   189/400 │ candidate │       │
│ 36      │    77.5% │   16.44 │   400/400 │ equal     │       │
│ 37      │    81.0% │   10.10 │   400/400 │ equal     │       │
│ 38      │    78.4% │   18.21 │   194/400 │ candidate │       │
│ 39      │    72.3% │    7.09 │   101/354 │ candidate │       │
│ 40      │    82.0% │   11.66 │   400/100 │ reference │       │
│ 41      │    82.7% │    9.51 │   400/243 │ reference │       │
│ 42      │    76.8% │   11.04 │   168/400 │ candidate │       │
│ 43      │    79.7% │   12.17 │   237/400 │ candidate │       │
│ 44      │    76.3% │    9.75 │   232/333 │ candidate │       │
│ 45      │    80.9% │   11.42 │   225/400 │ candidate │       │
│ 46      │    83.1% │   13.82 │   201/400 │ candidate │       │
│ 47      │    81.5% │   12.62 │   400/400 │ equal     │       │
│ 48      │    69.3% │   18.52 │   101/400 │ candidate │       │
│ 49      │    77.8% │    9.22 │   400/400 │ equal     │       │
│ 50      │    77.5% │    8.81 │   182/400 │ candidate │       │
└─────────┴──────────┴─────────┴───────────┴───────────┴───────┘
   Aligned run-level comparison across matched episode pairs.   

Statistical Summary
                              Statistical Summary                              
┏━━━━━━━━━━━━━━━━━━━━━━━━━━┳━━━━━━━━━━┳━━━━━━━━━━┳━━━━━━━━━━━┳━━━━━━━━━━━┳━━━━┓
┃ Metric                   ┃     Mean ┃      Std ┃       Min ┃       Max ┃  N ┃
┡━━━━━━━━━━━━━━━━━━━━━━━━━━╇━━━━━━━━━━╇━━━━━━━━━━╇━━━━━━━━━━━╇━━━━━━━━━━━╇━━━━┩
│ Action mismatch rate     │   0.7835 │   0.0464 │    0.6300 │    0.9300 │ 50 │
│ Mean trajectory distance │  11.3359 │   3.0142 │    6.5304 │   18.5248 │ 50 │
│ Mean vitality difference │   0.2311 │   0.1017 │    0.0060 │    0.4827 │ 50 │
│ Final vitality delta     │  +0.1269 │   0.5746 │   -1.0000 │   +0.9125 │ 50 │
│ Total steps delta        │ +44.0800 │ 183.0322 │ -300.0000 │ +300.0000 │ 50 │
└──────────────────────────┴──────────┴──────────┴───────────┴───────────┴────┘
              Descriptive statistics across valid episode pairs.               
  Hint: How often the two agents chose different actions at the same timestep.
  Hint: Average Manhattan distance between the two agents per episode.
  Hint: Average absolute difference in vitality between the two agents.
  Hint: Candidate final vitality minus reference final vitality.
  Hint: Candidate episode length minus reference episode length.
  Survival rates: reference=36%  candidate=58%
  Longer survivor: candidate=27  reference=13  equal=10

Configurations
  Hint: Differing config values are highlighted when terminal styling is enabled.
  Reference config: system_type=system_a
    system_type: system_a
    experiment_type: single_run
    general.seed: 42
    execution.max_steps: 400
    execution.trace_mode: full
    execution.parallelism_mode: episodes
    execution.max_workers: 6
    world.world_type: grid_2d
    world.grid_width: 20
    world.grid_height: 20
    world.obstacle_density: 0.2
    world.resource_regen_rate: 0.01
    world.resource_regen_cooldown_steps: 10
    world.topology: bounded
    world.regeneration_mode: clustered
    world.num_clusters: 3
    world.regen_eligible_ratio: 0.1
    system.agent.initial_energy: 100.0
    system.agent.max_energy: 100.0
    system.agent.buffer_capacity: 30
    system.policy.selection_mode: argmax
    system.policy.temperature: 10.0
    system.policy.stay_suppression: 0.1
    system.policy.consume_weight: 2.5
    system.transition.move_cost: 1.0
    system.transition.consume_cost: 0.5
    system.transition.stay_cost: 0.3
    system.transition.max_consume: 1.0
    system.transition.energy_gain_factor: 15.0
    num_episodes_per_run: 50
    agent_start_position.x: 10
    agent_start_position.y: 10
  Candidate config: system_type=system_aw
    system_type: system_aw
    experiment_type: single_run
    general.seed: 42
    execution.max_steps: 400
    execution.trace_mode: full
    execution.parallelism_mode: episodes
    execution.max_workers: 6
    world.world_type: grid_2d
    world.grid_width: 20
    world.grid_height: 20
    world.obstacle_density: 0.2
    world.resource_regen_rate: 0.01
    world.resource_regen_cooldown_steps: 10
    world.topology: bounded
    world.regeneration_mode: clustered
    world.num_clusters: 3
    world.regen_eligible_ratio: 0.1
    system.agent.initial_energy: 100.0
    system.agent.max_energy: 100.0
    system.agent.buffer_capacity: 30
    system.policy.selection_mode: argmax
    system.policy.temperature: 10.0
    system.policy.stay_suppression: 0.1
    system.policy.consume_weight: 2.5
    system.transition.move_cost: 1.0
    system.transition.consume_cost: 0.5
    system.transition.stay_cost: 0.3
    system.transition.max_consume: 1.0
    system.transition.energy_gain_factor: 15.0
    system.curiosity.base_curiosity: 0.38
    system.curiosity.spatial_sensory_balance: 0.45
    system.curiosity.explore_suppression: 0.18
    system.curiosity.novelty_sharpness: 1.4
    system.arbitration.hunger_weight_base: 0.52
    system.arbitration.curiosity_weight_base: 0.65
    system.arbitration.gating_sharpness: 2.2
    num_episodes_per_run: 50
    agent_start_position.x: 10
    agent_start_position.y: 10
