Run run-0000
  Experiment: 4cf6ccf8080e454bb77a928cb641f1c1
  Status: completed
  Output form: point
  Variation: baseline
  Created: 2026-05-04T10:23:12.373014+00:00
  Trace mode: full
  Base seed: 42
  Episodes: 50

Summary
  mean_steps=309.1  death_rate=0.42  mean_final_vitality=0.404

Behavioral Metrics
            Standard Metrics            
┏━━━━━━━━━━━━━━━━━━━━━━━━━┳━━━━━━━━━━━━┓
┃ Metric                  ┃      Value ┃
┡━━━━━━━━━━━━━━━━━━━━━━━━━╇━━━━━━━━━━━━┩
│ resource_gain_per_step  │   0.653289 │
│ net_energy_efficiency   │   0.674623 │
│ successful_consume_rate │   0.880000 │
│ failed_movement_rate    │   0.000000 │
│ action_entropy          │   1.502267 │
│ policy_sharpness        │   0.315215 │
│ unique_cells_visited    │ 153.500000 │
│ coverage_efficiency     │   0.571187 │
│ revisit_rate            │   0.418032 │
└─────────────────────────┴────────────┘
      Mean values across the run.       

System Metrics
         system_aw_arbitration         
┏━━━━━━━━━━━━━━━━━━━━━━━━━━┳━━━━━━━━━━┓
┃ Metric                   ┃    Value ┃
┡━━━━━━━━━━━━━━━━━━━━━━━━━━╇━━━━━━━━━━┩
│ curiosity_dominance_rate │ 0.084633 │
│ mean_curiosity_weight    │ 0.340871 │
│ mean_hunger_weight       │ 0.570477 │
│ arbitrated_step_count    │    15455 │
└──────────────────────────┴──────────┘
          system_aw_curiosity           
┏━━━━━━━━━━━━━━━━━━━━━━━━━━━┳━━━━━━━━━━┓
┃ Metric                    ┃    Value ┃
┡━━━━━━━━━━━━━━━━━━━━━━━━━━━╇━━━━━━━━━━┩
│ mean_curiosity_activation │ 0.320955 │
│ mean_spatial_novelty      │ 0.617815 │
│ mean_sensory_novelty      │ 0.165080 │
│ mean_composite_novelty    │ 0.368811 │
│ curiosity_pressure_rate   │ 0.444387 │
└───────────────────────────┴──────────┘
           system_aw_world_model            
┏━━━━━━━━━━━━━━━━━━━━━━━━━━━━━┳━━━━━━━━━━━━┓
┃ Metric                      ┃      Value ┃
┡━━━━━━━━━━━━━━━━━━━━━━━━━━━━━╇━━━━━━━━━━━━┩
│ world_model_unique_cells    │ 153.500000 │
│ mean_visit_count_at_current │   3.093562 │
│ world_model_revisit_ratio   │   0.444580 │
└─────────────────────────────┴────────────┘
                 system_aw_behavior                 
┏━━━━━━━━━━━━━━━━━━━━━━━━━━━━━━━━━━━━━━━┳━━━━━━━━━━┓
┃ Metric                                ┃    Value ┃
┡━━━━━━━━━━━━━━━━━━━━━━━━━━━━━━━━━━━━━━━╇━━━━━━━━━━┩
│ curiosity_led_move_rate               │ 0.437011 │
│ consume_under_curiosity_pressure_rate │ 0.016599 │
│ movement_step_rate                    │ 0.939696 │
│ consume_step_rate                     │ 0.060304 │
└───────────────────────────────────────┴──────────┘
