Comparison #6
  Timestamp: 2026-05-04T08:28:07.005815+00:00
Run Comparison
  Reference: system_aw  experiment=71a2431c5fb346ef8e76caaacac14120  run=run-0000
  Candidate: system_aw  experiment=5230a706beaa497aabea8fd966d6b1df  run=run-0000
  Episodes: 50 compared, 50 valid, 0 invalid

Per-episode Results
                      Per-episode Results                       
┏━━━━━━━━━┳━━━━━━━━━━┳━━━━━━━━━┳━━━━━━━━━━━┳━━━━━━━━━━━┳━━━━━━━┓
┃ Episode ┃ Mismatch ┃ Pos div ┃ Steps r/c ┃ Survivor  ┃ Notes ┃
┡━━━━━━━━━╇━━━━━━━━━━╇━━━━━━━━━╇━━━━━━━━━━━╇━━━━━━━━━━━╇━━━━━━━┩
│ 1       │    61.3% │   13.70 │   243/400 │ candidate │       │
│ 2       │    82.6% │   13.27 │   115/400 │ candidate │       │
│ 3       │    80.3% │   13.02 │   400/325 │ reference │       │
│ 4       │    76.9% │   18.26 │   386/400 │ candidate │       │
│ 5       │    79.7% │   13.38 │   400/370 │ reference │       │
│ 6       │    74.7% │   18.20 │   400/261 │ reference │       │
│ 7       │    74.9% │   14.68 │   400/231 │ reference │       │
│ 8       │    74.0% │    7.04 │   100/400 │ candidate │       │
│ 9       │    68.5% │   12.76 │   400/400 │ equal     │       │
│ 10      │    76.0% │   11.62 │   400/100 │ reference │       │
│ 11      │    78.4% │    8.81 │   400/231 │ reference │       │
│ 12      │    75.6% │   16.06 │   315/400 │ candidate │       │
│ 13      │    78.8% │   11.63 │   400/137 │ reference │       │
│ 14      │    75.0% │   15.29 │   204/100 │ reference │       │
│ 15      │    82.0% │   11.81 │   400/400 │ equal     │       │
│ 16      │    76.0% │    9.30 │   100/400 │ candidate │       │
│ 17      │    75.0% │    9.89 │   120/185 │ candidate │       │
│ 18      │    78.4% │   13.72 │   176/354 │ candidate │       │
│ 19      │    73.0% │   14.63 │   400/100 │ reference │       │
│ 20      │    78.5% │   21.40 │   391/400 │ candidate │       │
│ 21      │    69.0% │   14.46 │   400/252 │ reference │       │
│ 22      │    76.0% │    6.28 │   400/100 │ reference │       │
│ 23      │    78.0% │   12.08 │   400/368 │ reference │       │
│ 24      │    71.6% │   24.98 │   190/400 │ candidate │       │
│ 25      │    76.0% │   15.89 │   400/208 │ reference │       │
│ 26      │    73.5% │    9.87 │   400/400 │ equal     │       │
│ 27      │    73.0% │   20.44 │   100/400 │ candidate │       │
│ 28      │    77.7% │   12.57 │   400/184 │ reference │       │
│ 29      │    71.5% │   17.09 │   400/400 │ equal     │       │
│ 30      │    78.0% │   14.74 │   400/400 │ equal     │       │
│ 31      │    76.0% │   18.30 │   100/400 │ candidate │       │
│ 32      │    70.0% │   10.12 │   202/110 │ reference │       │
│ 33      │    72.0% │   12.76 │   100/100 │ equal     │       │
│ 34      │    77.3% │   16.05 │   132/400 │ candidate │       │
│ 35      │    72.1% │   11.53 │   400/215 │ reference │       │
│ 36      │    77.2% │   14.46 │   189/400 │ candidate │       │
│ 37      │    76.8% │   15.33 │   365/168 │ reference │       │
│ 38      │    73.0% │   12.84 │   400/100 │ reference │       │
│ 39      │    70.0% │    6.25 │   400/400 │ equal     │       │
│ 40      │    73.0% │   16.09 │   100/400 │ candidate │       │
│ 41      │    82.2% │   15.54 │   400/400 │ equal     │       │
│ 42      │    84.8% │   10.77 │   223/370 │ candidate │       │
│ 43      │    76.5% │   16.04 │   261/115 │ reference │       │
│ 44      │    76.8% │   18.33 │   400/400 │ equal     │       │
│ 45      │    74.8% │   13.65 │   400/400 │ equal     │       │
│ 46      │    75.0% │   12.06 │   400/100 │ reference │       │
│ 47      │    73.6% │   19.09 │   400/110 │ reference │       │
│ 48      │    77.4% │   16.12 │   208/400 │ candidate │       │
│ 49      │    73.0% │   10.71 │   400/400 │ equal     │       │
│ 50      │    77.0% │   14.46 │   400/400 │ equal     │       │
└─────────┴──────────┴─────────┴───────────┴───────────┴───────┘
   Aligned run-level comparison across matched episode pairs.   

Statistical Summary
                              Statistical Summary                              
┏━━━━━━━━━━━━━━━━━━━━━━━━━━┳━━━━━━━━━━┳━━━━━━━━━━┳━━━━━━━━━━━┳━━━━━━━━━━━┳━━━━┓
┃ Metric                   ┃     Mean ┃      Std ┃       Min ┃       Max ┃  N ┃
┡━━━━━━━━━━━━━━━━━━━━━━━━━━╇━━━━━━━━━━╇━━━━━━━━━━╇━━━━━━━━━━━╇━━━━━━━━━━━╇━━━━┩
│ Action mismatch rate     │   0.7545 │   0.0401 │    0.6132 │    0.8475 │ 50 │
│ Mean trajectory distance │  13.9473 │   3.7360 │    6.2475 │   24.9842 │ 50 │
│ Mean vitality difference │   0.1131 │   0.0346 │    0.0000 │    0.1834 │ 50 │
│ Final vitality delta     │  -0.0070 │   0.4547 │   -0.6860 │   +0.6390 │ 50 │
│ Total steps delta        │ -12.5200 │ 187.1745 │ -300.0000 │ +300.0000 │ 50 │
└──────────────────────────┴──────────┴──────────┴───────────┴───────────┴────┘
              Descriptive statistics across valid episode pairs.               
  Hint: How often the two agents chose different actions at the same timestep.
  Hint: Average Manhattan distance between the two agents per episode.
  Hint: Average absolute difference in vitality between the two agents.
  Hint: Candidate final vitality minus reference final vitality.
  Hint: Candidate episode length minus reference episode length.
  Survival rates: reference=56%  candidate=50%
  Longer survivor: candidate=17  reference=21  equal=12

Configurations
  Hint: Differing config values are highlighted when terminal styling is enabled.
  Reference config: system_type=system_aw
    system_type: system_aw
    experiment_type: single_run
    general.seed: 42
    execution.max_steps: 400
    execution.trace_mode: full
    execution.parallelism_mode: episodes
    execution.max_workers: 8
    world.world_type: grid_2d
    world.grid_width: 20
    world.grid_height: 20
    world.obstacle_density: 0.2
    world.resource_regen_rate: 0.01
    world.resource_regen_cooldown_steps: 10
    world.topology: bounded
    world.regeneration_mode: clustered
    world.num_clusters: 3
    world.regen_eligible_ratio: 0.1
    system.agent.initial_energy: 100.0
    system.agent.max_energy: 100.0
    system.agent.buffer_capacity: 50
    system.policy.selection_mode: argmax
    system.policy.temperature: 10.0
    system.policy.stay_suppression: 0.1
    system.policy.consume_weight: 2.0
    system.transition.move_cost: 1.0
    system.transition.consume_cost: 0.5
    system.transition.stay_cost: 0.3
    system.transition.max_consume: 1.0
    system.transition.energy_gain_factor: 15.0
    system.curiosity.base_curiosity: 1.0
    system.curiosity.spatial_sensory_balance: 0.25
    system.curiosity.explore_suppression: 0.35
    system.curiosity.novelty_sharpness: 1.5
    system.arbitration.hunger_weight_base: 0.3
    system.arbitration.curiosity_weight_base: 1.0
    system.arbitration.gating_sharpness: 2.0
    num_episodes_per_run: 50
    agent_start_position.x: 10
    agent_start_position.y: 10
  Candidate config: system_type=system_aw
    system_type: system_aw
    experiment_type: single_run
    general.seed: 42
    execution.max_steps: 400
    execution.trace_mode: full
    execution.parallelism_mode: episodes
    execution.max_workers: 8
    world.world_type: grid_2d
    world.grid_width: 28
    world.grid_height: 28
    world.obstacle_density: 0.1
    world.resource_regen_rate: 0.012
    world.resource_regen_cooldown_steps: 10
    world.topology: bounded
    world.regeneration_mode: clustered
    world.num_clusters: 4
    world.regen_eligible_ratio: 0.08
    system.agent.initial_energy: 100.0
    system.agent.max_energy: 100.0
    system.agent.buffer_capacity: 50
    system.policy.selection_mode: argmax
    system.policy.temperature: 10.0
    system.policy.stay_suppression: 0.1
    system.policy.consume_weight: 2.0
    system.transition.move_cost: 1.0
    system.transition.consume_cost: 0.5
    system.transition.stay_cost: 0.3
    system.transition.max_consume: 1.0
    system.transition.energy_gain_factor: 15.0
    system.curiosity.base_curiosity: 1.0
    system.curiosity.spatial_sensory_balance: 0.25
    system.curiosity.explore_suppression: 0.35
    system.curiosity.novelty_sharpness: 1.5
    system.arbitration.hunger_weight_base: 0.3
    system.arbitration.curiosity_weight_base: 1.0
    system.arbitration.gating_sharpness: 2.0
    num_episodes_per_run: 50
    agent_start_position.x: 10
    agent_start_position.y: 10
