Run run-0000
  Experiment: 26fe4e48c64e4f138765206e948edb8f
  Status: completed
  Output form: point
  Variation: baseline
  Created: 2026-05-01T10:10:02.003168+00:00
  Trace mode: delta
  Base seed: 42
  Episodes: 50

Summary
  mean_steps=182.6  death_rate=0.22  mean_final_vitality=0.572

Behavioral Metrics
           Standard Metrics            
┏━━━━━━━━━━━━━━━━━━━━━━━━━┳━━━━━━━━━━━┓
┃ Metric                  ┃     Value ┃
┡━━━━━━━━━━━━━━━━━━━━━━━━━╇━━━━━━━━━━━┩
│ resource_gain_per_step  │  0.682281 │
│ net_energy_efficiency   │  0.702159 │
│ successful_consume_rate │  0.880000 │
│ failed_movement_rate    │  0.000000 │
│ action_entropy          │  1.474328 │
│ policy_sharpness        │  0.309263 │
│ unique_cells_visited    │ 73.980000 │
│ coverage_efficiency     │  0.445630 │
│ revisit_rate            │  0.550649 │
└─────────────────────────┴───────────┘
      Mean values across the run.      

System Metrics
         system_aw_arbitration         
┏━━━━━━━━━━━━━━━━━━━━━━━━━━┳━━━━━━━━━━┓
┃ Metric                   ┃    Value ┃
┡━━━━━━━━━━━━━━━━━━━━━━━━━━╇━━━━━━━━━━┩
│ curiosity_dominance_rate │ 0.269302 │
│ mean_curiosity_weight    │ 0.421118 │
│ mean_hunger_weight       │ 0.549225 │
│ arbitrated_step_count    │     9131 │
└──────────────────────────┴──────────┘
          system_aw_curiosity           
┏━━━━━━━━━━━━━━━━━━━━━━━━━━━┳━━━━━━━━━━┓
┃ Metric                    ┃    Value ┃
┡━━━━━━━━━━━━━━━━━━━━━━━━━━━╇━━━━━━━━━━┩
│ mean_curiosity_activation │ 0.337598 │
│ mean_spatial_novelty      │ 0.625688 │
│ mean_sensory_novelty      │ 0.215530 │
│ mean_composite_novelty    │ 0.297562 │
│ curiosity_pressure_rate   │ 0.614610 │
└───────────────────────────┴──────────┘
           system_aw_world_model           
┏━━━━━━━━━━━━━━━━━━━━━━━━━━━━━┳━━━━━━━━━━━┓
┃ Metric                      ┃     Value ┃
┡━━━━━━━━━━━━━━━━━━━━━━━━━━━━━╇━━━━━━━━━━━┩
│ world_model_unique_cells    │ 73.980000 │
│ mean_visit_count_at_current │  5.042164 │
│ world_model_revisit_ratio   │  0.565773 │
└─────────────────────────────┴───────────┘
                 system_aw_behavior                 
┏━━━━━━━━━━━━━━━━━━━━━━━━━━━━━━━━━━━━━━━┳━━━━━━━━━━┓
┃ Metric                                ┃    Value ┃
┡━━━━━━━━━━━━━━━━━━━━━━━━━━━━━━━━━━━━━━━╇━━━━━━━━━━┩
│ curiosity_led_move_rate               │ 0.602344 │
│ consume_under_curiosity_pressure_rate │ 0.019957 │
│ movement_step_rate                    │ 0.949294 │
│ consume_step_rate                     │ 0.050706 │
└───────────────────────────────────────┴──────────┘
