Comparison #2
  Timestamp: 2026-05-04T11:02:46.298230+00:00
Run Comparison
  Reference: system_a  experiment=acac6e4389704778aca2254d89f5819b  run=run-0000
  Candidate: system_aw  experiment=6e19b443e04347c58bb4a25bf1e3824a  run=run-0000
  Episodes: 50 compared, 50 valid, 0 invalid

Per-episode Results
                      Per-episode Results                      
┏━━━━━━━━━┳━━━━━━━━━━┳━━━━━━━━━┳━━━━━━━━━━━┳━━━━━━━━━━┳━━━━━━━┓
┃ Episode ┃ Mismatch ┃ Pos div ┃ Steps r/c ┃ Survivor ┃ Notes ┃
┡━━━━━━━━━╇━━━━━━━━━━╇━━━━━━━━━╇━━━━━━━━━━━╇━━━━━━━━━━╇━━━━━━━┩
│ 1       │    83.0% │   17.49 │   400/400 │ equal    │       │
│ 2       │    83.5% │    8.46 │   400/400 │ equal    │       │
│ 3       │    86.0% │   14.84 │   400/400 │ equal    │       │
│ 4       │    86.0% │   15.85 │   400/400 │ equal    │       │
│ 5       │    85.8% │   18.70 │   400/400 │ equal    │       │
│ 6       │    85.8% │   27.14 │   400/400 │ equal    │       │
│ 7       │    86.8% │   18.09 │   400/400 │ equal    │       │
│ 8       │    86.2% │   18.02 │   400/400 │ equal    │       │
│ 9       │    85.0% │   15.06 │   400/400 │ equal    │       │
│ 10      │    86.0% │    8.08 │   400/400 │ equal    │       │
│ 11      │    85.0% │   19.34 │   400/400 │ equal    │       │
│ 12      │    84.5% │   15.77 │   400/400 │ equal    │       │
│ 13      │    88.2% │    6.53 │   400/400 │ equal    │       │
│ 14      │    89.2% │   17.18 │   400/400 │ equal    │       │
│ 15      │    85.2% │    9.89 │   400/400 │ equal    │       │
│ 16      │    87.5% │   25.60 │   400/400 │ equal    │       │
│ 17      │    86.0% │   24.13 │   400/400 │ equal    │       │
│ 18      │    85.8% │   15.62 │   400/400 │ equal    │       │
│ 19      │    85.2% │   15.18 │   400/400 │ equal    │       │
│ 20      │    86.8% │   16.82 │   400/400 │ equal    │       │
│ 21      │    80.2% │    9.08 │   400/400 │ equal    │       │
│ 22      │    85.0% │   12.29 │   400/400 │ equal    │       │
│ 23      │    85.2% │   22.00 │   400/400 │ equal    │       │
│ 24      │    84.0% │   22.27 │   400/400 │ equal    │       │
│ 25      │    85.5% │    8.96 │   400/400 │ equal    │       │
│ 26      │    85.2% │   17.07 │   400/400 │ equal    │       │
│ 27      │    84.8% │   13.21 │   400/400 │ equal    │       │
│ 28      │    88.0% │   11.54 │   400/400 │ equal    │       │
│ 29      │    84.5% │   14.55 │   400/400 │ equal    │       │
│ 30      │    89.8% │   22.43 │   400/400 │ equal    │       │
│ 31      │    86.5% │    7.52 │   400/400 │ equal    │       │
│ 32      │    83.2% │   10.46 │   400/400 │ equal    │       │
│ 33      │    86.5% │   18.70 │   400/400 │ equal    │       │
│ 34      │    84.2% │    6.05 │   400/400 │ equal    │       │
│ 35      │    85.2% │   20.63 │   400/400 │ equal    │       │
│ 36      │    86.8% │   21.06 │   400/400 │ equal    │       │
│ 37      │    86.5% │   24.25 │   400/400 │ equal    │       │
│ 38      │    83.0% │   20.38 │   400/400 │ equal    │       │
│ 39      │    89.5% │   20.95 │   400/400 │ equal    │       │
│ 40      │    85.8% │   14.84 │   400/400 │ equal    │       │
│ 41      │    84.0% │   18.11 │   400/400 │ equal    │       │
│ 42      │    87.2% │   10.35 │   400/400 │ equal    │       │
│ 43      │    86.0% │   10.97 │   400/400 │ equal    │       │
│ 44      │    86.2% │   14.27 │   400/400 │ equal    │       │
│ 45      │    85.0% │   11.98 │   400/400 │ equal    │       │
│ 46      │    84.8% │   12.48 │   400/400 │ equal    │       │
│ 47      │    86.2% │   14.85 │   400/400 │ equal    │       │
│ 48      │    84.2% │   11.68 │   400/400 │ equal    │       │
│ 49      │    86.5% │   11.88 │   400/400 │ equal    │       │
│ 50      │    86.0% │   19.97 │   400/400 │ equal    │       │
└─────────┴──────────┴─────────┴───────────┴──────────┴───────┘
  Aligned run-level comparison across matched episode pairs.   

Statistical Summary
                          Statistical Summary                           
┏━━━━━━━━━━━━━━━━━━━━━━━━━━┳━━━━━━━━━┳━━━━━━━━┳━━━━━━━━━┳━━━━━━━━━┳━━━━┓
┃ Metric                   ┃    Mean ┃    Std ┃     Min ┃     Max ┃  N ┃
┡━━━━━━━━━━━━━━━━━━━━━━━━━━╇━━━━━━━━━╇━━━━━━━━╇━━━━━━━━━╇━━━━━━━━━╇━━━━┩
│ Action mismatch rate     │  0.8567 │ 0.0170 │  0.8025 │  0.8975 │ 50 │
│ Mean trajectory distance │ 15.6513 │ 5.2113 │  6.0475 │ 27.1400 │ 50 │
│ Mean vitality difference │  0.1724 │ 0.0070 │  0.1544 │  0.1846 │ 50 │
│ Final vitality delta     │ -0.1521 │ 0.0308 │ -0.2225 │ -0.0705 │ 50 │
│ Total steps delta        │ +0.0000 │ 0.0000 │ +0.0000 │ +0.0000 │ 50 │
└──────────────────────────┴─────────┴────────┴─────────┴─────────┴────┘
           Descriptive statistics across valid episode pairs.           
  Hint: How often the two agents chose different actions at the same timestep.
  Hint: Average Manhattan distance between the two agents per episode.
  Hint: Average absolute difference in vitality between the two agents.
  Hint: Candidate final vitality minus reference final vitality.
  Hint: Candidate episode length minus reference episode length.
  Survival rates: reference=100%  candidate=100%
  Longer survivor: candidate=0  reference=0  equal=50

Configurations
  Hint: Differing config values are highlighted when terminal styling is enabled.
  Reference config: system_type=system_a
    system_type: system_a
    experiment_type: single_run
    general.seed: 42
    execution.max_steps: 400
    execution.trace_mode: full
    execution.parallelism_mode: episodes
    execution.max_workers: 6
    world.world_type: grid_2d
    world.grid_width: 20
    world.grid_height: 20
    world.obstacle_density: 0.1
    world.resource_regen_rate: 0.03
    world.resource_regen_cooldown_steps: 4
    world.topology: bounded
    world.regeneration_mode: all_traversable
    system.agent.initial_energy: 100.0
    system.agent.max_energy: 100.0
    system.agent.buffer_capacity: 30
    system.policy.selection_mode: argmax
    system.policy.temperature: 10.0
    system.policy.stay_suppression: 0.1
    system.policy.consume_weight: 2.5
    system.transition.move_cost: 1.0
    system.transition.consume_cost: 0.5
    system.transition.stay_cost: 0.3
    system.transition.max_consume: 1.0
    system.transition.energy_gain_factor: 15.0
    num_episodes_per_run: 50
    agent_start_position.x: 10
    agent_start_position.y: 10
  Candidate config: system_type=system_aw
    system_type: system_aw
    experiment_type: single_run
    general.seed: 42
    execution.max_steps: 400
    execution.trace_mode: full
    execution.parallelism_mode: episodes
    execution.max_workers: 6
    world.world_type: grid_2d
    world.grid_width: 20
    world.grid_height: 20
    world.obstacle_density: 0.1
    world.resource_regen_rate: 0.03
    world.resource_regen_cooldown_steps: 4
    world.topology: bounded
    world.regeneration_mode: all_traversable
    system.agent.initial_energy: 100.0
    system.agent.max_energy: 100.0
    system.agent.buffer_capacity: 30
    system.policy.selection_mode: argmax
    system.policy.temperature: 10.0
    system.policy.stay_suppression: 0.1
    system.policy.consume_weight: 2.5
    system.transition.move_cost: 1.0
    system.transition.consume_cost: 0.5
    system.transition.stay_cost: 0.3
    system.transition.max_consume: 1.0
    system.transition.energy_gain_factor: 15.0
    system.curiosity.base_curiosity: 0.42
    system.curiosity.spatial_sensory_balance: 0.2
    system.curiosity.explore_suppression: 0.16
    system.curiosity.novelty_sharpness: 1.3
    system.arbitration.hunger_weight_base: 0.5
    system.arbitration.curiosity_weight_base: 0.72
    system.arbitration.gating_sharpness: 2.0
    num_episodes_per_run: 50
    agent_start_position.x: 10
    agent_start_position.y: 10
