Run run-0000
  Experiment: 6e19b443e04347c58bb4a25bf1e3824a
  Status: completed
  Output form: point
  Variation: baseline
  Created: 2026-05-04T10:59:02.057167+00:00
  Trace mode: full
  Base seed: 42
  Episodes: 50

Summary
  mean_steps=400.0  death_rate=0.00  mean_final_vitality=0.842

Behavioral Metrics
           Standard Metrics            
┏━━━━━━━━━━━━━━━━━━━━━━━━━┳━━━━━━━━━━━┓
┃ Metric                  ┃     Value ┃
┡━━━━━━━━━━━━━━━━━━━━━━━━━╇━━━━━━━━━━━┩
│ resource_gain_per_step  │  0.929220 │
│ net_energy_efficiency   │  0.959295 │
│ successful_consume_rate │  1.000000 │
│ failed_movement_rate    │  0.000000 │
│ action_entropy          │  1.439127 │
│ policy_sharpness        │  0.317061 │
│ unique_cells_visited    │ 65.220000 │
│ coverage_efficiency     │  0.168327 │
│ revisit_rate            │  0.828657 │
└─────────────────────────┴───────────┘
      Mean values across the run.      

System Metrics
         system_aw_arbitration         
┏━━━━━━━━━━━━━━━━━━━━━━━━━━┳━━━━━━━━━━┓
┃ Metric                   ┃    Value ┃
┡━━━━━━━━━━━━━━━━━━━━━━━━━━╇━━━━━━━━━━┩
│ curiosity_dominance_rate │ 0.360000 │
│ mean_curiosity_weight    │ 0.487760 │
│ mean_hunger_weight       │ 0.517600 │
│ arbitrated_step_count    │    20000 │
└──────────────────────────┴──────────┘
          system_aw_curiosity           
┏━━━━━━━━━━━━━━━━━━━━━━━━━━━┳━━━━━━━━━━┓
┃ Metric                    ┃    Value ┃
┡━━━━━━━━━━━━━━━━━━━━━━━━━━━╇━━━━━━━━━━┩
│ mean_curiosity_activation │ 0.327385 │
│ mean_spatial_novelty      │ 0.500467 │
│ mean_sensory_novelty      │ 0.242939 │
│ mean_composite_novelty    │ 0.294445 │
│ curiosity_pressure_rate   │ 0.878250 │
└───────────────────────────┴──────────┘
           system_aw_world_model           
┏━━━━━━━━━━━━━━━━━━━━━━━━━━━━━┳━━━━━━━━━━━┓
┃ Metric                      ┃     Value ┃
┡━━━━━━━━━━━━━━━━━━━━━━━━━━━━━╇━━━━━━━━━━━┩
│ world_model_unique_cells    │ 65.220000 │
│ mean_visit_count_at_current │ 21.207550 │
│ world_model_revisit_ratio   │  0.837357 │
└─────────────────────────────┴───────────┘
                 system_aw_behavior                 
┏━━━━━━━━━━━━━━━━━━━━━━━━━━━━━━━━━━━━━━━┳━━━━━━━━━━┓
┃ Metric                                ┃    Value ┃
┡━━━━━━━━━━━━━━━━━━━━━━━━━━━━━━━━━━━━━━━╇━━━━━━━━━━┩
│ curiosity_led_move_rate               │ 0.852100 │
│ consume_under_curiosity_pressure_rate │ 0.029775 │
│ movement_step_rate                    │ 0.937300 │
│ consume_step_rate                     │ 0.062700 │
└───────────────────────────────────────┴──────────┘
