Run run-0000
  Experiment: 2fe59fa7675c42cf9e8fe1332a0da56e
  Status: completed
  Output form: point
  Variation: baseline
  Created: 2026-05-01T09:42:57.373684+00:00
  Trace mode: delta
  Base seed: 42
  Episodes: 50

Summary
  mean_steps=177.8  death_rate=0.30  mean_final_vitality=0.540

Behavioral Metrics
            Standard Metrics            
┏━━━━━━━━━━━━━━━━━━━━━━━━━┳━━━━━━━━━━━━┓
┃ Metric                  ┃      Value ┃
┡━━━━━━━━━━━━━━━━━━━━━━━━━╇━━━━━━━━━━━━┩
│ resource_gain_per_step  │   0.643025 │
│ net_energy_efficiency   │   0.667866 │
│ successful_consume_rate │   0.880000 │
│ failed_movement_rate    │   0.000000 │
│ action_entropy          │   1.508936 │
│ policy_sharpness        │   0.288710 │
│ unique_cells_visited    │ 109.460000 │
│ coverage_efficiency     │   0.656657 │
│ revisit_rate            │   0.329957 │
└─────────────────────────┴────────────┘
      Mean values across the run.       

System Metrics
         system_aw_arbitration         
┏━━━━━━━━━━━━━━━━━━━━━━━━━━┳━━━━━━━━━━┓
┃ Metric                   ┃    Value ┃
┡━━━━━━━━━━━━━━━━━━━━━━━━━━╇━━━━━━━━━━┩
│ curiosity_dominance_rate │ 0.000000 │
│ mean_curiosity_weight    │ 0.232499 │
│ mean_hunger_weight       │ 0.654090 │
│ arbitrated_step_count    │     8889 │
└──────────────────────────┴──────────┘
          system_aw_curiosity           
┏━━━━━━━━━━━━━━━━━━━━━━━━━━━┳━━━━━━━━━━┓
┃ Metric                    ┃    Value ┃
┡━━━━━━━━━━━━━━━━━━━━━━━━━━━╇━━━━━━━━━━┩
│ mean_curiosity_activation │ 0.212225 │
│ mean_spatial_novelty      │ 0.679950 │
│ mean_sensory_novelty      │ 0.126192 │
│ mean_composite_novelty    │ 0.403071 │
│ curiosity_pressure_rate   │ 0.216335 │
└───────────────────────────┴──────────┘
           system_aw_world_model            
┏━━━━━━━━━━━━━━━━━━━━━━━━━━━━━┳━━━━━━━━━━━━┓
┃ Metric                      ┃      Value ┃
┡━━━━━━━━━━━━━━━━━━━━━━━━━━━━━╇━━━━━━━━━━━━┩
│ world_model_unique_cells    │ 109.460000 │
│ mean_visit_count_at_current │   1.983013 │
│ world_model_revisit_ratio   │   0.365111 │
└─────────────────────────────┴────────────┘
                 system_aw_behavior                 
┏━━━━━━━━━━━━━━━━━━━━━━━━━━━━━━━━━━━━━━━┳━━━━━━━━━━┓
┃ Metric                                ┃    Value ┃
┡━━━━━━━━━━━━━━━━━━━━━━━━━━━━━━━━━━━━━━━╇━━━━━━━━━━┩
│ curiosity_led_move_rate               │ 0.216335 │
│ consume_under_curiosity_pressure_rate │ 0.000000 │
│ movement_step_rate                    │ 0.934863 │
│ consume_step_rate                     │ 0.065137 │
└───────────────────────────────────────┴──────────┘
