Comparison #3
  Timestamp: 2026-05-04T11:06:09.222067+00:00
Run Comparison
  Reference: system_a  experiment=e686bf7c138e41898e1022a1eec106e9  run=run-0000
  Candidate: system_aw  experiment=629e7b3519814577bbf572a906e08563  run=run-0000
  Episodes: 50 compared, 50 valid, 0 invalid

Per-episode Results
                      Per-episode Results                       
в”Ҹв”Ғв”Ғв”Ғв”Ғв”Ғв”Ғв”Ғв”Ғв”Ғв”ів”Ғв”Ғв”Ғв”Ғв”Ғв”Ғв”Ғв”Ғв”Ғв”Ғв”ів”Ғв”Ғв”Ғв”Ғв”Ғв”Ғв”Ғв”Ғв”Ғв”ів”Ғв”Ғв”Ғв”Ғв”Ғв”Ғв”Ғв”Ғв”Ғв”Ғв”Ғв”ів”Ғв”Ғв”Ғв”Ғв”Ғв”Ғв”Ғв”Ғв”Ғв”Ғв”Ғв”ів”Ғв”Ғв”Ғв”Ғв”Ғв”Ғв”Ғв”“
в”ғ Episode в”ғ Mismatch в”ғ Pos div в”ғ Steps r/c в”ғ Survivor  в”ғ Notes в”ғ
в”Ўв”Ғв”Ғв”Ғв”Ғв”Ғв”Ғв”Ғв”Ғв”Ғв•Үв”Ғв”Ғв”Ғв”Ғв”Ғв”Ғв”Ғв”Ғв”Ғв”Ғв•Үв”Ғв”Ғв”Ғв”Ғв”Ғв”Ғв”Ғв”Ғв”Ғв•Үв”Ғв”Ғв”Ғв”Ғв”Ғв”Ғв”Ғв”Ғв”Ғв”Ғв”Ғв•Үв”Ғв”Ғв”Ғв”Ғв”Ғв”Ғв”Ғв”Ғв”Ғв”Ғв”Ғв•Үв”Ғв”Ғв”Ғв”Ғв”Ғв”Ғв”Ғв”©
в”Ӯ 1       в”Ӯ    82.1% в”Ӯ   12.99 в”Ӯ   112/400 в”Ӯ candidate в”Ӯ       в”Ӯ
в”Ӯ 2       в”Ӯ    78.7% в”Ӯ   10.93 в”Ӯ   108/130 в”Ӯ candidate в”Ӯ       в”Ӯ
в”Ӯ 3       в”Ӯ    71.7% в”Ӯ   13.05 в”Ӯ   152/400 в”Ӯ candidate в”Ӯ       в”Ӯ
в”Ӯ 4       в”Ӯ    84.1% в”Ӯ    0.79 в”Ӯ   107/109 в”Ӯ candidate в”Ӯ       в”Ӯ
в”Ӯ 5       в”Ӯ    84.0% в”Ӯ   10.40 в”Ӯ   162/234 в”Ӯ candidate в”Ӯ       в”Ӯ
в”Ӯ 6       в”Ӯ    76.1% в”Ӯ   12.89 в”Ӯ   113/194 в”Ӯ candidate в”Ӯ       в”Ӯ
в”Ӯ 7       в”Ӯ    81.6% в”Ӯ   12.58 в”Ӯ   136/156 в”Ӯ candidate в”Ӯ       в”Ӯ
в”Ӯ 8       в”Ӯ    82.7% в”Ӯ   10.46 в”Ӯ   110/169 в”Ӯ candidate в”Ӯ       в”Ӯ
в”Ӯ 9       в”Ӯ    76.2% в”Ӯ    7.66 в”Ӯ   101/136 в”Ӯ candidate в”Ӯ       в”Ӯ
в”Ӯ 10      в”Ӯ    78.1% в”Ӯ    8.93 в”Ӯ   114/126 в”Ӯ candidate в”Ӯ       в”Ӯ
в”Ӯ 11      в”Ӯ    76.3% в”Ӯ   12.66 в”Ӯ   131/162 в”Ӯ candidate в”Ӯ       в”Ӯ
в”Ӯ 12      в”Ӯ    76.1% в”Ӯ   13.21 в”Ӯ   173/138 в”Ӯ reference в”Ӯ       в”Ӯ
в”Ӯ 13      в”Ӯ    80.2% в”Ӯ   10.44 в”Ӯ   121/400 в”Ӯ candidate в”Ӯ       в”Ӯ
в”Ӯ 14      в”Ӯ    79.3% в”Ӯ    9.67 в”Ӯ   135/169 в”Ӯ candidate в”Ӯ       в”Ӯ
в”Ӯ 15      в”Ӯ    79.8% в”Ӯ   10.25 в”Ӯ   114/149 в”Ӯ candidate в”Ӯ       в”Ӯ
в”Ӯ 16      в”Ӯ    79.4% в”Ӯ   10.39 в”Ӯ   107/142 в”Ӯ candidate в”Ӯ       в”Ӯ
в”Ӯ 17      в”Ӯ    73.7% в”Ӯ    9.52 в”Ӯ   162/118 в”Ӯ reference в”Ӯ       в”Ӯ
в”Ӯ 18      в”Ӯ    76.4% в”Ӯ    9.53 в”Ӯ   127/303 в”Ӯ candidate в”Ӯ       в”Ӯ
в”Ӯ 19      в”Ӯ    80.1% в”Ӯ   10.02 в”Ӯ   151/215 в”Ӯ candidate в”Ӯ       в”Ӯ
в”Ӯ 20      в”Ӯ    74.0% в”Ӯ   10.80 в”Ӯ   123/380 в”Ӯ candidate в”Ӯ       в”Ӯ
в”Ӯ 21      в”Ӯ    76.9% в”Ӯ   11.85 в”Ӯ   117/240 в”Ӯ candidate в”Ӯ       в”Ӯ
в”Ӯ 22      в”Ӯ    75.0% в”Ӯ   11.02 в”Ӯ   128/250 в”Ӯ candidate в”Ӯ       в”Ӯ
в”Ӯ 23      в”Ӯ    76.8% в”Ӯ   11.36 в”Ӯ   138/345 в”Ӯ candidate в”Ӯ       в”Ӯ
в”Ӯ 24      в”Ӯ    75.6% в”Ӯ    8.40 в”Ӯ   119/215 в”Ӯ candidate в”Ӯ       в”Ӯ
в”Ӯ 25      в”Ӯ    85.6% в”Ӯ   10.77 в”Ӯ   111/287 в”Ӯ candidate в”Ӯ       в”Ӯ
в”Ӯ 26      в”Ӯ    79.0% в”Ӯ   11.14 в”Ӯ   105/400 в”Ӯ candidate в”Ӯ       в”Ӯ
в”Ӯ 27      в”Ӯ    76.0% в”Ӯ   12.03 в”Ӯ   104/136 в”Ӯ candidate в”Ӯ       в”Ӯ
в”Ӯ 28      в”Ӯ    81.0% в”Ӯ    9.46 в”Ӯ   210/255 в”Ӯ candidate в”Ӯ       в”Ӯ
в”Ӯ 29      в”Ӯ    71.8% в”Ӯ   13.35 в”Ӯ   117/400 в”Ӯ candidate в”Ӯ       в”Ӯ
в”Ӯ 30      в”Ӯ    72.4% в”Ӯ    7.74 в”Ӯ   152/134 в”Ӯ reference в”Ӯ       в”Ӯ
в”Ӯ 31      в”Ӯ    75.2% в”Ӯ   11.01 в”Ӯ   137/242 в”Ӯ candidate в”Ӯ       в”Ӯ
в”Ӯ 32      в”Ӯ    82.5% в”Ӯ   13.02 в”Ӯ   133/126 в”Ӯ reference в”Ӯ       в”Ӯ
в”Ӯ 33      в”Ӯ    81.4% в”Ӯ    8.85 в”Ӯ   129/150 в”Ӯ candidate в”Ӯ       в”Ӯ
в”Ӯ 34      в”Ӯ    82.1% в”Ӯ   12.34 в”Ӯ   140/326 в”Ӯ candidate в”Ӯ       в”Ӯ
в”Ӯ 35      в”Ӯ    71.9% в”Ӯ   14.55 в”Ӯ   121/128 в”Ӯ candidate в”Ӯ       в”Ӯ
в”Ӯ 36      в”Ӯ    82.0% в”Ӯ   10.55 в”Ӯ   242/128 в”Ӯ reference в”Ӯ       в”Ӯ
в”Ӯ 37      в”Ӯ    80.8% в”Ӯ    8.02 в”Ӯ   130/177 в”Ӯ candidate в”Ӯ       в”Ӯ
в”Ӯ 38      в”Ӯ    75.2% в”Ӯ   12.86 в”Ӯ   165/220 в”Ӯ candidate в”Ӯ       в”Ӯ
в”Ӯ 39      в”Ӯ    73.0% в”Ӯ   12.15 в”Ӯ   148/206 в”Ӯ candidate в”Ӯ       в”Ӯ
в”Ӯ 40      в”Ӯ    73.0% в”Ӯ   12.57 в”Ӯ   100/400 в”Ӯ candidate в”Ӯ       в”Ӯ
в”Ӯ 41      в”Ӯ    80.0% в”Ӯ   10.98 в”Ӯ   100/357 в”Ӯ candidate в”Ӯ       в”Ӯ
в”Ӯ 42      в”Ӯ    77.5% в”Ӯ    9.05 в”Ӯ   137/111 в”Ӯ reference в”Ӯ       в”Ӯ
в”Ӯ 43      в”Ӯ    77.4% в”Ӯ   10.87 в”Ӯ   115/180 в”Ӯ candidate в”Ӯ       в”Ӯ
в”Ӯ 44      в”Ӯ    74.5% в”Ӯ    8.85 в”Ӯ   153/223 в”Ӯ candidate в”Ӯ       в”Ӯ
в”Ӯ 45      в”Ӯ    82.9% в”Ӯ   14.99 в”Ӯ   123/400 в”Ӯ candidate в”Ӯ       в”Ӯ
в”Ӯ 46      в”Ӯ    74.3% в”Ӯ   12.76 в”Ӯ   105/194 в”Ӯ candidate в”Ӯ       в”Ӯ
в”Ӯ 47      в”Ӯ    85.9% в”Ӯ    7.52 в”Ӯ   128/305 в”Ӯ candidate в”Ӯ       в”Ӯ
в”Ӯ 48      в”Ӯ    75.4% в”Ӯ   11.57 в”Ӯ   126/292 в”Ӯ candidate в”Ӯ       в”Ӯ
в”Ӯ 49      в”Ӯ    79.1% в”Ӯ    8.62 в”Ӯ   110/400 в”Ӯ candidate в”Ӯ       в”Ӯ
в”Ӯ 50      в”Ӯ    76.2% в”Ӯ   13.00 в”Ӯ   130/287 в”Ӯ candidate в”Ӯ       в”Ӯ
в””в”Җв”Җв”Җв”Җв”Җв”Җв”Җв”Җв”Җв”ҙв”Җв”Җв”Җв”Җв”Җв”Җв”Җв”Җв”Җв”Җв”ҙв”Җв”Җв”Җв”Җв”Җв”Җв”Җв”Җв”Җв”ҙв”Җв”Җв”Җв”Җв”Җв”Җв”Җв”Җв”Җв”Җв”Җв”ҙв”Җв”Җв”Җв”Җв”Җв”Җв”Җв”Җв”Җв”Җв”Җв”ҙв”Җв”Җв”Җв”Җв”Җв”Җв”Җв”ҳ
   Aligned run-level comparison across matched episode pairs.   

Statistical Summary
                              Statistical Summary                               
в”Ҹв”Ғв”Ғв”Ғв”Ғв”Ғв”Ғв”Ғв”Ғв”Ғв”Ғв”Ғв”Ғв”Ғв”Ғв”Ғв”Ғв”Ғв”Ғв”Ғв”Ғв”Ғв”Ғв”Ғв”Ғв”Ғв”Ғв”ів”Ғв”Ғв”Ғв”Ғв”Ғв”Ғв”Ғв”Ғв”Ғв”Ғв”Ғв”ів”Ғв”Ғв”Ғв”Ғв”Ғв”Ғв”Ғв”Ғв”Ғв”Ғв”ів”Ғв”Ғв”Ғв”Ғв”Ғв”Ғв”Ғв”Ғв”Ғв”Ғв”Ғв”ів”Ғв”Ғв”Ғв”Ғв”Ғв”Ғв”Ғв”Ғв”Ғв”Ғв”Ғв”ів”Ғв”Ғв”Ғв”Ғв”“
в”ғ Metric                   в”ғ      Mean в”ғ      Std в”ғ       Min в”ғ       Max в”ғ  N в”ғ
в”Ўв”Ғв”Ғв”Ғв”Ғв”Ғв”Ғв”Ғв”Ғв”Ғв”Ғв”Ғв”Ғв”Ғв”Ғв”Ғв”Ғв”Ғв”Ғв”Ғв”Ғв”Ғв”Ғв”Ғв”Ғв”Ғв”Ғв•Үв”Ғв”Ғв”Ғв”Ғв”Ғв”Ғв”Ғв”Ғв”Ғв”Ғв”Ғв•Үв”Ғв”Ғв”Ғв”Ғв”Ғв”Ғв”Ғв”Ғв”Ғв”Ғв•Үв”Ғв”Ғв”Ғв”Ғв”Ғв”Ғв”Ғв”Ғв”Ғв”Ғв”Ғв•Үв”Ғв”Ғв”Ғв”Ғв”Ғв”Ғв”Ғв”Ғв”Ғв”Ғв”Ғв•Үв”Ғв”Ғв”Ғв”Ғв”©
в”Ӯ Action mismatch rate     в”Ӯ    0.7802 в”Ӯ   0.0377 в”Ӯ    0.7171 в”Ӯ    0.8594 в”Ӯ 50 в”Ӯ
в”Ӯ Mean trajectory distance в”Ӯ   10.7686 в”Ӯ   2.3216 в”Ӯ    0.7944 в”Ӯ   14.9919 в”Ӯ 50 в”Ӯ
в”Ӯ Mean vitality difference в”Ӯ    0.1143 в”Ӯ   0.0596 в”Ӯ    0.0158 в”Ӯ    0.2809 в”Ӯ 50 в”Ӯ
в”Ӯ Final vitality delta     в”Ӯ   +0.0564 в”Ӯ   0.1507 в”Ӯ   +0.0000 в”Ӯ   +0.6322 в”Ӯ 50 в”Ӯ
в”Ӯ Total steps delta        в”Ӯ +104.2400 в”Ӯ 108.3033 в”Ӯ -114.0000 в”Ӯ +300.0000 в”Ӯ 50 в”Ӯ
в””в”Җв”Җв”Җв”Җв”Җв”Җв”Җв”Җв”Җв”Җв”Җв”Җв”Җв”Җв”Җв”Җв”Җв”Җв”Җв”Җв”Җв”Җв”Җв”Җв”Җв”Җв”ҙв”Җв”Җв”Җв”Җв”Җв”Җв”Җв”Җв”Җв”Җв”Җв”ҙв”Җв”Җв”Җв”Җв”Җв”Җв”Җв”Җв”Җв”Җв”ҙв”Җв”Җв”Җв”Җв”Җв”Җв”Җв”Җв”Җв”Җв”Җв”ҙв”Җв”Җв”Җв”Җв”Җв”Җв”Җв”Җв”Җв”Җв”Җв”ҙв”Җв”Җв”Җв”Җв”ҳ
               Descriptive statistics across valid episode pairs.               
  Hint: How often the two agents chose different actions at the same timestep.
  Hint: Average Manhattan distance between the two agents per episode.
  Hint: Average absolute difference in vitality between the two agents.
  Hint: Candidate final vitality minus reference final vitality.
  Hint: Candidate episode length minus reference episode length.
  Survival rates: reference=0%  candidate=16%
  Longer survivor: candidate=44  reference=6  equal=0

Configurations
  Hint: Differing config values are highlighted when terminal styling is enabled.
  Reference config: system_type=system_a
    system_type: system_a
    experiment_type: single_run
    general.seed: 42
    execution.max_steps: 400
    execution.trace_mode: full
    execution.parallelism_mode: episodes
    execution.max_workers: 6
    world.world_type: grid_2d
    world.grid_width: 20
    world.grid_height: 20
    world.obstacle_density: 0.22
    world.resource_regen_rate: 0.008
    world.resource_regen_cooldown_steps: 14
    world.topology: bounded
    world.regeneration_mode: sparse_fixed_ratio
    world.regen_eligible_ratio: 0.06
    system.agent.initial_energy: 100.0
    system.agent.max_energy: 100.0
    system.agent.buffer_capacity: 30
    system.policy.selection_mode: argmax
    system.policy.temperature: 10.0
    system.policy.stay_suppression: 0.1
    system.policy.consume_weight: 2.5
    system.transition.move_cost: 1.0
    system.transition.consume_cost: 0.5
    system.transition.stay_cost: 0.3
    system.transition.max_consume: 1.0
    system.transition.energy_gain_factor: 15.0
    num_episodes_per_run: 50
    agent_start_position.x: 10
    agent_start_position.y: 10
  Candidate config: system_type=system_aw
    system_type: system_aw
    experiment_type: single_run
    general.seed: 42
    execution.max_steps: 400
    execution.trace_mode: full
    execution.parallelism_mode: episodes
    execution.max_workers: 6
    world.world_type: grid_2d
    world.grid_width: 20
    world.grid_height: 20
    world.obstacle_density: 0.22
    world.resource_regen_rate: 0.008
    world.resource_regen_cooldown_steps: 14
    world.topology: bounded
    world.regeneration_mode: sparse_fixed_ratio
    world.regen_eligible_ratio: 0.06
    system.agent.initial_energy: 100.0
    system.agent.max_energy: 100.0
    system.agent.buffer_capacity: 30
    system.policy.selection_mode: argmax
    system.policy.temperature: 10.0
    system.policy.stay_suppression: 0.1
    system.policy.consume_weight: 2.5
    system.transition.move_cost: 1.0
    system.transition.consume_cost: 0.5
    system.transition.stay_cost: 0.3
    system.transition.max_consume: 1.0
    system.transition.energy_gain_factor: 15.0
    system.curiosity.base_curiosity: 0.42
    system.curiosity.spatial_sensory_balance: 0.2
    system.curiosity.explore_suppression: 0.16
    system.curiosity.novelty_sharpness: 1.3
    system.arbitration.hunger_weight_base: 0.5
    system.arbitration.curiosity_weight_base: 0.72
    system.arbitration.gating_sharpness: 2.0
    num_episodes_per_run: 50
    agent_start_position.x: 10
    agent_start_position.y: 10
