  1/7 exp_01 | Experiment runs     [38;2;114;156;31m━━━━━━━━━━━━━━━━━━━━━━━━━━━━━━━━━━━━━━━━[0m [35m100%[0m [32m1/1  [0m [33m0:00:15[0m [36m0:00:00[0m
  1/7 exp_01 | run-0000: episodes  [38;2;114;156;31m━━━━━━━━━━━━━━━━━━━━━━━━━━━━━━━━━━━━━━━━[0m [35m100%[0m [32m50/50[0m [33m0:00:15[0m [36m0:00:00[0m
  1/7 exp_01 | Experiment runs     [38;2;114;156;31m━━━━━━━━━━━━━━━━━━━━━━━━━━━━━━━━━━━━━━━━[0m [35m100%[0m [32m1/1  [0m [33m0:00:19[0m [36m0:00:00[0m
  1/7 exp_01 | run-0000: episodes  [38;2;114;156;31m━━━━━━━━━━━━━━━━━━━━━━━━━━━━━━━━━━━━━━━━[0m [35m100%[0m [32m50/50[0m [33m0:00:19[0m [36m0:00:00[0m
  1/7 exp_01 | Episode comparisons [38;2;114;156;31m━━━━━━━━━━━━━━━━━━━━━━━━━━━━━━━━━━━━━━━━[0m [35m100%[0m [32m50/50[0m [33m0:02:38[0m [36m0:00:00[0m
  2/7 exp_02 | Experiment runs     [38;2;114;156;31m━━━━━━━━━━━━━━━━━━━━━━━━━━━━━━━━━━━━━━━━[0m [35m100%[0m [32m1/1  [0m [33m0:00:53[0m [36m0:00:00[0m
  2/7 exp_02 | run-0000: episodes  [38;2;114;156;31m━━━━━━━━━━━━━━━━━━━━━━━━━━━━━━━━━━━━━━━━[0m [35m100%[0m [32m50/50[0m [33m0:00:52[0m [36m0:00:00[0m
  2/7 exp_02 | Experiment runs     [38;2;114;156;31m━━━━━━━━━━━━━━━━━━━━━━━━━━━━━━━━━━━━━━━━[0m [35m100%[0m [32m1/1  [0m [33m0:00:40[0m [36m0:00:00[0m
  2/7 exp_02 | run-0000: episodes  [38;2;114;156;31m━━━━━━━━━━━━━━━━━━━━━━━━━━━━━━━━━━━━━━━━[0m [35m100%[0m [32m50/50[0m [33m0:00:40[0m [36m0:00:00[0m
  2/7 exp_02 | Episode comparisons [38;2;114;156;31m━━━━━━━━━━━━━━━━━━━━━━━━━━━━━━━━━━━━━━━━[0m [35m100%[0m [32m50/50[0m [33m0:03:03[0m [36m0:00:00[0m
  3/7 exp_03 | Experiment runs     [38;2;114;156;31m━━━━━━━━━━━━━━━━━━━━━━━━━━━━━━━━━━━━━━━━[0m [35m100%[0m [32m1/1  [0m [33m0:00:10[0m [36m0:00:00[0m
  3/7 exp_03 | run-0000: episodes  [38;2;114;156;31m━━━━━━━━━━━━━━━━━━━━━━━━━━━━━━━━━━━━━━━━[0m [35m100%[0m [32m50/50[0m [33m0:00:10[0m [36m0:00:00[0m
  3/7 exp_03 | Experiment runs     [38;2;114;156;31m━━━━━━━━━━━━━━━━━━━━━━━━━━━━━━━━━━━━━━━━[0m [35m100%[0m [32m1/1  [0m [33m0:00:23[0m [36m0:00:00[0m
  3/7 exp_03 | run-0000: episodes  [38;2;114;156;31m━━━━━━━━━━━━━━━━━━━━━━━━━━━━━━━━━━━━━━━━[0m [35m100%[0m [32m50/50[0m [33m0:00:23[0m [36m0:00:00[0m
  3/7 exp_03 | Episode comparisons [38;2;114;156;31m━━━━━━━━━━━━━━━━━━━━━━━━━━━━━━━━━━━━━━━━[0m [35m100%[0m [32m50/50[0m [33m0:01:51[0m [36m0:00:00[0mRun run-0000
  Experiment: 629e7b3519814577bbf572a906e08563
  Status: completed
  Output form: point
  Variation: baseline
  Created: 2026-05-04T11:03:54.192658+00:00
  Trace mode: full
  Base seed: 42
  Episodes: 50

Summary
  mean_steps=234.9  death_rate=0.84  mean_final_vitality=0.056

Behavioral Metrics
            Standard Metrics            
┏━━━━━━━━━━━━━━━━━━━━━━━━━┳━━━━━━━━━━━━┓
┃ Metric                  ┃      Value ┃
┡━━━━━━━━━━━━━━━━━━━━━━━━━╇━━━━━━━━━━━━┩
│ resource_gain_per_step  │   0.477736 │
│ net_energy_efficiency   │   0.492414 │
│ successful_consume_rate │   1.000000 │
│ failed_movement_rate    │   0.000000 │
│ action_entropy          │   1.508347 │
│ policy_sharpness        │   0.341752 │
│ unique_cells_visited    │ 142.780000 │
│ coverage_efficiency     │   0.642352 │
│ revisit_rate            │   0.344218 │
└─────────────────────────┴────────────┘
      Mean values across the run.       

System Metrics
         system_aw_arbitration         
┏━━━━━━━━━━━━━━━━━━━━━━━━━━┳━━━━━━━━━━┓
┃ Metric                   ┃    Value ┃
┡━━━━━━━━━━━━━━━━━━━━━━━━━━╇━━━━━━━━━━┩
│ curiosity_dominance_rate │ 0.079530 │
│ mean_curiosity_weight    │ 0.208846 │
│ mean_hunger_weight       │ 0.663987 │
│ arbitrated_step_count    │    11744 │
└──────────────────────────┴──────────┘
          system_aw_curiosity           
┏━━━━━━━━━━━━━━━━━━━━━━━━━━━┳━━━━━━━━━━┓
┃ Metric                    ┃    Value ┃
┡━━━━━━━━━━━━━━━━━━━━━━━━━━━╇━━━━━━━━━━┩
│ mean_curiosity_activation │ 0.409582 │
│ mean_spatial_novelty      │ 0.698729 │
│ mean_sensory_novelty      │ 0.025164 │
│ mean_composite_novelty    │ 0.159877 │
│ curiosity_pressure_rate   │ 0.176601 │
└───────────────────────────┴──────────┘
           system_aw_world_model            
┏━━━━━━━━━━━━━━━━━━━━━━━━━━━━━┳━━━━━━━━━━━━┓
┃ Metric                      ┃      Value ┃
┡━━━━━━━━━━━━━━━━━━━━━━━━━━━━━╇━━━━━━━━━━━━┩
│ world_model_unique_cells    │ 142.780000 │
│ mean_visit_count_at_current │   1.936563 │
│ world_model_revisit_ratio   │   0.377536 │
└─────────────────────────────┴────────────┘
                 system_aw_behavior                 
┏━━━━━━━━━━━━━━━━━━━━━━━━━━━━━━━━━━━━━━━┳━━━━━━━━━━┓
┃ Metric                                ┃    Value ┃
┡━━━━━━━━━━━━━━━━━━━━━━━━━━━━━━━━━━━━━━━╇━━━━━━━━━━┩
│ curiosity_led_move_rate               │ 0.174898 │
│ consume_under_curiosity_pressure_rate │ 0.009643 │
│ movement_step_rate                    │ 0.941332 │
│ consume_step_rate                     │ 0.058668 │
└───────────────────────────────────────┴──────────┘
