Comparison #2
  Timestamp: 2026-05-01T09:42:10.624512+00:00
Run Comparison
  Reference: system_a  experiment=9cef8d0ca55e4f2491e2d2e234d5ae5a  run=run-0000
  Candidate: system_aw  experiment=eb51351f642547aa9a02194ae33734f5  run=run-0000
  Episodes: 50 compared, 50 valid, 0 invalid

Per-episode Results
                      Per-episode Results                       
┏━━━━━━━━━┳━━━━━━━━━━┳━━━━━━━━━┳━━━━━━━━━━━┳━━━━━━━━━━━┳━━━━━━━┓
┃ Episode ┃ Mismatch ┃ Pos div ┃ Steps r/c ┃ Survivor  ┃ Notes ┃
┡━━━━━━━━━╇━━━━━━━━━━╇━━━━━━━━━╇━━━━━━━━━━━╇━━━━━━━━━━━╇━━━━━━━┩
│ 1       │    80.0% │    8.11 │   200/200 │ equal     │       │
│ 2       │    72.0% │    8.02 │   200/200 │ equal     │       │
│ 3       │    72.0% │    8.25 │   100/167 │ candidate │       │
│ 4       │    78.0% │    7.11 │   200/200 │ equal     │       │
│ 5       │    80.5% │    7.04 │   200/200 │ equal     │       │
│ 6       │    80.9% │    6.53 │   115/200 │ candidate │       │
│ 7       │    77.5% │   12.02 │   191/200 │ candidate │       │
│ 8       │    63.0% │    8.82 │   200/100 │ reference │       │
│ 9       │    73.3% │    7.34 │   101/125 │ candidate │       │
│ 10      │    78.1% │    6.55 │   200/146 │ reference │       │
│ 11      │    80.5% │   13.80 │   128/200 │ candidate │       │
│ 12      │    76.2% │   11.04 │   101/154 │ candidate │       │
│ 13      │    80.5% │    7.58 │   200/200 │ equal     │       │
│ 14      │    79.5% │    7.37 │   200/200 │ equal     │       │
│ 15      │    82.5% │    7.33 │   200/200 │ equal     │       │
│ 16      │    78.0% │   16.18 │   200/100 │ reference │       │
│ 17      │    82.5% │   12.04 │   200/200 │ equal     │       │
│ 18      │    79.0% │    9.63 │   200/176 │ reference │       │
│ 19      │    80.6% │   11.83 │   103/200 │ candidate │       │
│ 20      │    83.3% │   12.01 │   200/114 │ reference │       │
│ 21      │    81.5% │    8.46 │   200/200 │ equal     │       │
│ 22      │    74.0% │    7.42 │   100/200 │ candidate │       │
│ 23      │    79.0% │   11.36 │   100/200 │ candidate │       │
│ 24      │    77.4% │   14.41 │   115/173 │ candidate │       │
│ 25      │    75.2% │   13.22 │   101/200 │ candidate │       │
│ 26      │    77.0% │    8.16 │   200/200 │ equal     │       │
│ 27      │    93.0% │   16.79 │   200/100 │ reference │       │
│ 28      │    79.0% │    6.97 │   200/200 │ equal     │       │
│ 29      │    72.5% │    7.08 │   200/200 │ equal     │       │
│ 30      │    81.0% │   11.88 │   200/200 │ equal     │       │
│ 31      │    77.0% │   13.09 │   200/100 │ reference │       │
│ 32      │    77.2% │   14.57 │   101/175 │ candidate │       │
│ 33      │    67.0% │   13.84 │   200/100 │ reference │       │
│ 34      │    79.0% │   11.00 │   100/200 │ candidate │       │
│ 35      │    79.4% │   15.05 │   189/200 │ candidate │       │
│ 36      │    76.0% │   14.86 │   200/200 │ equal     │       │
│ 37      │    80.5% │   10.62 │   200/200 │ equal     │       │
│ 38      │    78.4% │   18.21 │   194/200 │ candidate │       │
│ 39      │    72.3% │    7.09 │   101/200 │ candidate │       │
│ 40      │    82.0% │   11.66 │   200/100 │ reference │       │
│ 41      │    83.5% │    8.02 │   200/200 │ equal     │       │
│ 42      │    76.8% │   11.04 │   168/200 │ candidate │       │
│ 43      │    80.0% │   12.04 │   200/200 │ equal     │       │
│ 44      │    74.5% │    8.39 │   200/200 │ equal     │       │
│ 45      │    81.5% │   10.49 │   200/200 │ equal     │       │
│ 46      │    83.0% │   13.82 │   200/200 │ equal     │       │
│ 47      │    78.5% │    6.32 │   200/200 │ equal     │       │
│ 48      │    69.3% │   18.52 │   101/200 │ candidate │       │
│ 49      │    78.0% │   10.93 │   200/200 │ equal     │       │
│ 50      │    77.5% │    8.81 │   182/200 │ candidate │       │
└─────────┴──────────┴─────────┴───────────┴───────────┴───────┘
   Aligned run-level comparison across matched episode pairs.   

Statistical Summary
                             Statistical Summary                             
┏━━━━━━━━━━━━━━━━━━━━━━━━━━┳━━━━━━━━━┳━━━━━━━━━┳━━━━━━━━━━━┳━━━━━━━━━━━┳━━━━┓
┃ Metric                   ┃    Mean ┃     Std ┃       Min ┃       Max ┃  N ┃
┡━━━━━━━━━━━━━━━━━━━━━━━━━━╇━━━━━━━━━╇━━━━━━━━━╇━━━━━━━━━━━╇━━━━━━━━━━━╇━━━━┩
│ Action mismatch rate     │  0.7797 │  0.0470 │    0.6300 │    0.9300 │ 50 │
│ Mean trajectory distance │ 10.6543 │  3.2855 │    6.3150 │   18.5248 │ 50 │
│ Mean vitality difference │  0.2107 │  0.1067 │    0.0060 │    0.4827 │ 50 │
│ Final vitality delta     │ +0.0774 │  0.5759 │   -0.9900 │   +0.9440 │ 50 │
│ Total steps delta        │ +8.7800 │ 58.3016 │ -100.0000 │ +100.0000 │ 50 │
└──────────────────────────┴─────────┴─────────┴───────────┴───────────┴────┘
             Descriptive statistics across valid episode pairs.              
  Hint: How often the two agents chose different actions at the same timestep.
  Hint: Average Manhattan distance between the two agents per episode.
  Hint: Average absolute difference in vitality between the two agents.
  Hint: Candidate final vitality minus reference final vitality.
  Hint: Candidate episode length minus reference episode length.
  Survival rates: reference=62%  candidate=72%
  Longer survivor: candidate=19  reference=9  equal=22

Configurations
  Hint: Differing config values are highlighted when terminal styling is enabled.
  Reference config: system_type=system_a
    system_type: system_a
    experiment_type: single_run
    general.seed: 42
    execution.max_steps: 200
    execution.trace_mode: delta
    execution.parallelism_mode: episodes
    execution.max_workers: 4
    world.world_type: grid_2d
    world.grid_width: 20
    world.grid_height: 20
    world.obstacle_density: 0.2
    world.resource_regen_rate: 0.01
    world.resource_regen_cooldown_steps: 10
    world.topology: bounded
    world.regeneration_mode: clustered
    world.num_clusters: 3
    world.regen_eligible_ratio: 0.1
    system.agent.initial_energy: 100.0
    system.agent.max_energy: 100.0
    system.agent.buffer_capacity: 30
    system.policy.selection_mode: argmax
    system.policy.temperature: 10.0
    system.policy.stay_suppression: 0.1
    system.policy.consume_weight: 2.5
    system.transition.move_cost: 1.0
    system.transition.consume_cost: 0.5
    system.transition.stay_cost: 0.3
    system.transition.max_consume: 1.0
    system.transition.energy_gain_factor: 15.0
    num_episodes_per_run: 50
    agent_start_position.x: 10
    agent_start_position.y: 10
  Candidate config: system_type=system_aw
    system_type: system_aw
    experiment_type: single_run
    general.seed: 42
    execution.max_steps: 200
    execution.trace_mode: delta
    execution.parallelism_mode: episodes
    execution.max_workers: 4
    world.world_type: grid_2d
    world.grid_width: 20
    world.grid_height: 20
    world.obstacle_density: 0.2
    world.resource_regen_rate: 0.01
    world.resource_regen_cooldown_steps: 10
    world.topology: bounded
    world.regeneration_mode: clustered
    world.num_clusters: 3
    world.regen_eligible_ratio: 0.1
    system.agent.initial_energy: 100.0
    system.agent.max_energy: 100.0
    system.agent.buffer_capacity: 30
    system.policy.selection_mode: argmax
    system.policy.temperature: 10.0
    system.policy.stay_suppression: 0.1
    system.policy.consume_weight: 2.5
    system.transition.move_cost: 1.0
    system.transition.consume_cost: 0.5
    system.transition.stay_cost: 0.3
    system.transition.max_consume: 1.0
    system.transition.energy_gain_factor: 15.0
    system.curiosity.base_curiosity: 0.38
    system.curiosity.spatial_sensory_balance: 0.45
    system.curiosity.explore_suppression: 0.18
    system.curiosity.novelty_sharpness: 1.4
    system.arbitration.hunger_weight_base: 0.52
    system.arbitration.curiosity_weight_base: 0.65
    system.arbitration.gating_sharpness: 2.2
    num_episodes_per_run: 50
    agent_start_position.x: 10
    agent_start_position.y: 10
