Run run-0000
  Experiment: eb51351f642547aa9a02194ae33734f5
  Status: completed
  Output form: point
  Variation: baseline
  Created: 2026-05-01T09:41:07.670905+00:00
  Trace mode: delta
  Base seed: 42
  Episodes: 50

Summary
  mean_steps=180.6  death_rate=0.28  mean_final_vitality=0.540

Behavioral Metrics
            Standard Metrics            
┏━━━━━━━━━━━━━━━━━━━━━━━━━┳━━━━━━━━━━━━┓
┃ Metric                  ┃      Value ┃
┡━━━━━━━━━━━━━━━━━━━━━━━━━╇━━━━━━━━━━━━┩
│ resource_gain_per_step  │   0.654655 │
│ net_energy_efficiency   │   0.677865 │
│ successful_consume_rate │   0.880000 │
│ failed_movement_rate    │   0.000000 │
│ action_entropy          │   1.504192 │
│ policy_sharpness        │   0.316267 │
│ unique_cells_visited    │ 108.920000 │
│ coverage_efficiency     │   0.640008 │
│ revisit_rate            │   0.346972 │
└─────────────────────────┴────────────┘
      Mean values across the run.       

System Metrics
         system_aw_arbitration         
┏━━━━━━━━━━━━━━━━━━━━━━━━━━┳━━━━━━━━━━┓
┃ Metric                   ┃    Value ┃
┡━━━━━━━━━━━━━━━━━━━━━━━━━━╇━━━━━━━━━━┩
│ curiosity_dominance_rate │ 0.080952 │
│ mean_curiosity_weight    │ 0.321504 │
│ mean_hunger_weight       │ 0.577397 │
│ arbitrated_step_count    │     9030 │
└──────────────────────────┴──────────┘
          system_aw_curiosity           
┏━━━━━━━━━━━━━━━━━━━━━━━━━━━┳━━━━━━━━━━┓
┃ Metric                    ┃    Value ┃
┡━━━━━━━━━━━━━━━━━━━━━━━━━━━╇━━━━━━━━━━┩
│ mean_curiosity_activation │ 0.333507 │
│ mean_spatial_novelty      │ 0.675072 │
│ mean_sensory_novelty      │ 0.134384 │
│ mean_composite_novelty    │ 0.377694 │
│ curiosity_pressure_rate   │ 0.379623 │
└───────────────────────────┴──────────┘
           system_aw_world_model            
┏━━━━━━━━━━━━━━━━━━━━━━━━━━━━━┳━━━━━━━━━━━━┓
┃ Metric                      ┃      Value ┃
┡━━━━━━━━━━━━━━━━━━━━━━━━━━━━━╇━━━━━━━━━━━━┩
│ world_model_unique_cells    │ 108.920000 │
│ mean_visit_count_at_current │   2.225249 │
│ world_model_revisit_ratio   │   0.380371 │
└─────────────────────────────┴────────────┘
                 system_aw_behavior                 
┏━━━━━━━━━━━━━━━━━━━━━━━━━━━━━━━━━━━━━━━┳━━━━━━━━━━┓
┃ Metric                                ┃    Value ┃
┡━━━━━━━━━━━━━━━━━━━━━━━━━━━━━━━━━━━━━━━╇━━━━━━━━━━┩
│ curiosity_led_move_rate               │ 0.375305 │
│ consume_under_curiosity_pressure_rate │ 0.011377 │
│ movement_step_rate                    │ 0.938981 │
│ consume_step_rate                     │ 0.061019 │
└───────────────────────────────────────┴──────────┘
