Comparison #4
  Timestamp: 2026-05-04T08:21:17.122754+00:00
Run Comparison
  Reference: system_aw  experiment=71a2431c5fb346ef8e76caaacac14120  run=run-0000
  Candidate: system_aw  experiment=7d2027b618e64bd4a9a352020ea8899c  run=run-0000
  Episodes: 50 compared, 50 valid, 0 invalid

Per-episode Results
                      Per-episode Results                       
┏━━━━━━━━━┳━━━━━━━━━━┳━━━━━━━━━┳━━━━━━━━━━━┳━━━━━━━━━━━┳━━━━━━━┓
┃ Episode ┃ Mismatch ┃ Pos div ┃ Steps r/c ┃ Survivor  ┃ Notes ┃
┡━━━━━━━━━╇━━━━━━━━━━╇━━━━━━━━━╇━━━━━━━━━━━╇━━━━━━━━━━━╇━━━━━━━┩
│ 1       │    81.5% │   12.21 │   243/400 │ candidate │       │
│ 2       │    78.3% │    7.80 │   115/400 │ candidate │       │
│ 3       │    79.3% │   11.12 │   400/304 │ reference │       │
│ 4       │    79.8% │    8.77 │   386/400 │ candidate │       │
│ 5       │    78.5% │    5.93 │   400/400 │ equal     │       │
│ 6       │    65.0% │    7.63 │   400/100 │ reference │       │
│ 7       │    74.5% │    6.59 │   400/400 │ equal     │       │
│ 8       │    60.0% │    7.95 │   100/400 │ candidate │       │
│ 9       │    76.5% │    4.99 │   400/400 │ equal     │       │
│ 10      │    73.3% │   17.01 │   400/116 │ reference │       │
│ 11      │    72.0% │    8.32 │   400/400 │ equal     │       │
│ 12      │    76.2% │   13.09 │   315/400 │ candidate │       │
│ 13      │    69.5% │    3.77 │   400/400 │ equal     │       │
│ 14      │    67.3% │    6.72 │   204/162 │ reference │       │
│ 15      │    75.5% │   11.40 │   400/286 │ reference │       │
│ 16      │    72.0% │   12.20 │   100/100 │ equal     │       │
│ 17      │    78.3% │    8.90 │   120/338 │ candidate │       │
│ 18      │    78.4% │   10.30 │   176/400 │ candidate │       │
│ 19      │    80.1% │    9.58 │   400/302 │ reference │       │
│ 20      │    72.4% │   11.05 │   391/116 │ reference │       │
│ 21      │    70.2% │   12.37 │   400/400 │ equal     │       │
│ 22      │    82.2% │    4.68 │   400/400 │ equal     │       │
│ 23      │    79.2% │   12.90 │   400/400 │ equal     │       │
│ 24      │    79.6% │   11.33 │   190/162 │ reference │       │
│ 25      │    78.8% │    5.72 │   400/400 │ equal     │       │
│ 26      │    73.7% │   12.49 │   400/224 │ reference │       │
│ 27      │    80.0% │   10.78 │   100/302 │ candidate │       │
│ 28      │    73.0% │   10.87 │   400/178 │ reference │       │
│ 29      │    75.0% │    7.50 │   400/400 │ equal     │       │
│ 30      │    72.5% │   14.32 │   400/400 │ equal     │       │
│ 31      │    69.0% │   14.34 │   100/400 │ candidate │       │
│ 32      │    75.7% │   14.24 │   202/400 │ candidate │       │
│ 33      │    54.0% │    2.74 │   100/100 │ equal     │       │
│ 34      │    74.2% │    8.48 │   132/400 │ candidate │       │
│ 35      │    73.3% │   13.72 │   400/131 │ reference │       │
│ 36      │    81.0% │    5.98 │   189/368 │ candidate │       │
│ 37      │    77.8% │   14.63 │   365/400 │ candidate │       │
│ 38      │    62.9% │   11.34 │   400/116 │ reference │       │
│ 39      │    60.0% │   12.47 │   400/100 │ reference │       │
│ 40      │    71.0% │   13.06 │   100/255 │ candidate │       │
│ 41      │    76.2% │    5.34 │   400/400 │ equal     │       │
│ 42      │    88.0% │    7.57 │   223/100 │ reference │       │
│ 43      │    77.4% │    9.67 │   261/400 │ candidate │       │
│ 44      │    71.0% │   12.42 │   400/100 │ reference │       │
│ 45      │    67.4% │   10.28 │   400/178 │ reference │       │
│ 46      │    72.8% │   12.14 │   400/147 │ reference │       │
│ 47      │    79.0% │   18.25 │   400/181 │ reference │       │
│ 48      │    73.1% │   11.58 │   208/400 │ candidate │       │
│ 49      │    75.8% │    7.63 │   400/400 │ equal     │       │
│ 50      │    83.0% │   11.36 │   400/400 │ equal     │       │
└─────────┴──────────┴─────────┴───────────┴───────────┴───────┘
   Aligned run-level comparison across matched episode pairs.   

Statistical Summary
                              Statistical Summary                              
┏━━━━━━━━━━━━━━━━━━━━━━━━━━┳━━━━━━━━━━┳━━━━━━━━━━┳━━━━━━━━━━━┳━━━━━━━━━━━┳━━━━┓
┃ Metric                   ┃     Mean ┃      Std ┃       Min ┃       Max ┃  N ┃
┡━━━━━━━━━━━━━━━━━━━━━━━━━━╇━━━━━━━━━━╇━━━━━━━━━━╇━━━━━━━━━━━╇━━━━━━━━━━━╇━━━━┩
│ Action mismatch rate     │   0.7431 │   0.0638 │    0.5400 │    0.8800 │ 50 │
│ Mean trajectory distance │  10.1106 │   3.4018 │    2.7400 │   18.2541 │ 50 │
│ Mean vitality difference │   0.1182 │   0.0476 │    0.0000 │    0.2033 │ 50 │
│ Final vitality delta     │  +0.0032 │   0.4100 │   -0.6860 │   +0.6275 │ 50 │
│ Total steps delta        │ -13.0800 │ 176.0133 │ -300.0000 │ +300.0000 │ 50 │
└──────────────────────────┴──────────┴──────────┴───────────┴───────────┴────┘
              Descriptive statistics across valid episode pairs.               
  Hint: How often the two agents chose different actions at the same timestep.
  Hint: Average Manhattan distance between the two agents per episode.
  Hint: Average absolute difference in vitality between the two agents.
  Hint: Candidate final vitality minus reference final vitality.
  Hint: Candidate episode length minus reference episode length.
  Survival rates: reference=56%  candidate=52%
  Longer survivor: candidate=16  reference=18  equal=16

Configurations
  Hint: Differing config values are highlighted when terminal styling is enabled.
  Reference config: system_type=system_aw
    system_type: system_aw
    experiment_type: single_run
    general.seed: 42
    execution.max_steps: 400
    execution.trace_mode: full
    execution.parallelism_mode: episodes
    execution.max_workers: 8
    world.world_type: grid_2d
    world.grid_width: 20
    world.grid_height: 20
    world.obstacle_density: 0.2
    world.resource_regen_rate: 0.01
    world.resource_regen_cooldown_steps: 10
    world.topology: bounded
    world.regeneration_mode: clustered
    world.num_clusters: 3
    world.regen_eligible_ratio: 0.1
    system.agent.initial_energy: 100.0
    system.agent.max_energy: 100.0
    system.agent.buffer_capacity: 50
    system.policy.selection_mode: argmax
    system.policy.temperature: 10.0
    system.policy.stay_suppression: 0.1
    system.policy.consume_weight: 2.0
    system.transition.move_cost: 1.0
    system.transition.consume_cost: 0.5
    system.transition.stay_cost: 0.3
    system.transition.max_consume: 1.0
    system.transition.energy_gain_factor: 15.0
    system.curiosity.base_curiosity: 1.0
    system.curiosity.spatial_sensory_balance: 0.25
    system.curiosity.explore_suppression: 0.35
    system.curiosity.novelty_sharpness: 1.5
    system.arbitration.hunger_weight_base: 0.3
    system.arbitration.curiosity_weight_base: 1.0
    system.arbitration.gating_sharpness: 2.0
    num_episodes_per_run: 50
    agent_start_position.x: 10
    agent_start_position.y: 10
  Candidate config: system_type=system_aw
    system_type: system_aw
    experiment_type: single_run
    general.seed: 42
    execution.max_steps: 400
    execution.trace_mode: full
    execution.parallelism_mode: episodes
    execution.max_workers: 8
    world.world_type: grid_2d
    world.grid_width: 20
    world.grid_height: 20
    world.obstacle_density: 0.18
    world.resource_regen_rate: 0.025
    world.resource_regen_cooldown_steps: 6
    world.topology: bounded
    world.regeneration_mode: clustered
    world.num_clusters: 2
    world.regen_eligible_ratio: 0.08
    system.agent.initial_energy: 100.0
    system.agent.max_energy: 100.0
    system.agent.buffer_capacity: 50
    system.policy.selection_mode: argmax
    system.policy.temperature: 10.0
    system.policy.stay_suppression: 0.1
    system.policy.consume_weight: 2.0
    system.transition.move_cost: 1.0
    system.transition.consume_cost: 0.5
    system.transition.stay_cost: 0.3
    system.transition.max_consume: 1.0
    system.transition.energy_gain_factor: 15.0
    system.curiosity.base_curiosity: 1.0
    system.curiosity.spatial_sensory_balance: 0.25
    system.curiosity.explore_suppression: 0.35
    system.curiosity.novelty_sharpness: 1.5
    system.arbitration.hunger_weight_base: 0.3
    system.arbitration.curiosity_weight_base: 1.0
    system.arbitration.gating_sharpness: 2.0
    num_episodes_per_run: 50
    agent_start_position.x: 10
    agent_start_position.y: 10
