Comparison #7
  Timestamp: 2026-05-04T11:22:37.604020+00:00
Run Comparison
  Reference: system_a  experiment=ca4329b79b06457d82df9817c52432f5  run=run-0000
  Candidate: system_aw  experiment=ad48920b2d3540ffbecff4fdcf03f7a0  run=run-0000
  Episodes: 50 compared, 50 valid, 0 invalid

Per-episode Results
                      Per-episode Results                       
┏━━━━━━━━━┳━━━━━━━━━━┳━━━━━━━━━┳━━━━━━━━━━━┳━━━━━━━━━━━┳━━━━━━━┓
┃ Episode ┃ Mismatch ┃ Pos div ┃ Steps r/c ┃ Survivor  ┃ Notes ┃
┡━━━━━━━━━╇━━━━━━━━━━╇━━━━━━━━━╇━━━━━━━━━━━╇━━━━━━━━━━━╇━━━━━━━┩
│ 1       │    73.8% │   12.55 │   172/400 │ candidate │       │
│ 2       │    78.8% │   14.35 │   400/400 │ equal     │       │
│ 3       │    84.2% │   12.60 │   400/303 │ reference │       │
│ 4       │    66.3% │   11.74 │   101/115 │ candidate │       │
│ 5       │    81.5% │    9.31 │   400/400 │ equal     │       │
│ 6       │    78.0% │    7.32 │   100/400 │ candidate │       │
│ 7       │    82.8% │   12.54 │   220/116 │ reference │       │
│ 8       │    77.3% │   14.26 │   397/400 │ candidate │       │
│ 9       │    73.0% │   12.50 │   100/400 │ candidate │       │
│ 10      │    84.0% │   17.01 │   400/100 │ reference │       │
│ 11      │    82.8% │   11.04 │   400/400 │ equal     │       │
│ 12      │    78.0% │   13.96 │   100/151 │ candidate │       │
│ 13      │    84.2% │   11.05 │   400/400 │ equal     │       │
│ 14      │    73.0% │   10.66 │   101/100 │ reference │       │
│ 15      │    83.3% │   11.99 │   400/209 │ reference │       │
│ 16      │    86.0% │   21.53 │   100/400 │ candidate │       │
│ 17      │    82.2% │    8.47 │   400/400 │ equal     │       │
│ 18      │    81.5% │    3.63 │   400/400 │ equal     │       │
│ 19      │    76.0% │    9.14 │   100/100 │ equal     │       │
│ 20      │    70.1% │    6.15 │   137/210 │ candidate │       │
│ 21      │    81.8% │   10.76 │   400/274 │ reference │       │
│ 22      │    83.0% │   18.53 │   239/100 │ reference │       │
│ 23      │    79.0% │   13.95 │   400/400 │ equal     │       │
│ 24      │    84.0% │   17.80 │   400/400 │ equal     │       │
│ 25      │    77.9% │    8.73 │   172/400 │ candidate │       │
│ 26      │    78.9% │   19.00 │   114/270 │ candidate │       │
│ 27      │    81.0% │   13.68 │   100/400 │ candidate │       │
│ 28      │    70.0% │   20.81 │   100/400 │ candidate │       │
│ 29      │    77.8% │    8.20 │   135/224 │ candidate │       │
│ 30      │    69.9% │    9.58 │   103/178 │ candidate │       │
│ 31      │    78.0% │   10.30 │   400/400 │ equal     │       │
│ 32      │    80.2% │   10.08 │   400/263 │ reference │       │
│ 33      │    78.0% │   13.36 │   100/100 │ equal     │       │
│ 34      │    77.4% │   17.73 │   230/400 │ candidate │       │
│ 35      │    81.2% │   14.06 │   400/400 │ equal     │       │
│ 36      │    79.0% │   14.86 │   400/400 │ equal     │       │
│ 37      │    79.8% │   17.05 │   341/233 │ reference │       │
│ 38      │    64.0% │    7.48 │   100/100 │ equal     │       │
│ 39      │    79.0% │   21.82 │   400/400 │ equal     │       │
│ 40      │    78.1% │   17.11 │   160/400 │ candidate │       │
│ 41      │    68.0% │   11.24 │   100/400 │ candidate │       │
│ 42      │    78.2% │   22.93 │   211/400 │ candidate │       │
│ 43      │    77.4% │   14.68 │   400/115 │ reference │       │
│ 44      │    71.8% │   15.52 │   170/254 │ candidate │       │
│ 45      │    80.5% │    7.97 │   400/400 │ equal     │       │
│ 46      │    80.0% │   15.06 │   100/100 │ equal     │       │
│ 47      │    73.0% │   14.59 │   100/110 │ candidate │       │
│ 48      │    81.0% │   11.82 │   400/400 │ equal     │       │
│ 49      │    78.3% │    9.72 │   120/400 │ candidate │       │
│ 50      │    78.2% │   12.61 │   400/400 │ equal     │       │
└─────────┴──────────┴─────────┴───────────┴───────────┴───────┘
   Aligned run-level comparison across matched episode pairs.   

Statistical Summary
                              Statistical Summary                              
┏━━━━━━━━━━━━━━━━━━━━━━━━━━┳━━━━━━━━━━┳━━━━━━━━━━┳━━━━━━━━━━━┳━━━━━━━━━━━┳━━━━┓
┃ Metric                   ┃     Mean ┃      Std ┃       Min ┃       Max ┃  N ┃
┡━━━━━━━━━━━━━━━━━━━━━━━━━━╇━━━━━━━━━━╇━━━━━━━━━━╇━━━━━━━━━━━╇━━━━━━━━━━━╇━━━━┩
│ Action mismatch rate     │   0.7803 │   0.0491 │    0.6400 │    0.8600 │ 50 │
│ Mean trajectory distance │  13.0563 │   4.2264 │    3.6300 │   22.9336 │ 50 │
│ Mean vitality difference │   0.2115 │   0.1042 │    0.0000 │    0.4420 │ 50 │
│ Final vitality delta     │  +0.0674 │   0.5337 │   -0.9892 │   +0.9024 │ 50 │
│ Total steps delta        │ +44.0400 │ 149.4444 │ -300.0000 │ +300.0000 │ 50 │
└──────────────────────────┴──────────┴──────────┴───────────┴───────────┴────┘
              Descriptive statistics across valid episode pairs.               
  Hint: How often the two agents chose different actions at the same timestep.
  Hint: Average Manhattan distance between the two agents per episode.
  Hint: Average absolute difference in vitality between the two agents.
  Hint: Candidate final vitality minus reference final vitality.
  Hint: Candidate episode length minus reference episode length.
  Survival rates: reference=40%  candidate=56%
  Longer survivor: candidate=21  reference=10  equal=19

Configurations
  Hint: Differing config values are highlighted when terminal styling is enabled.
  Reference config: system_type=system_a
    system_type: system_a
    experiment_type: single_run
    general.seed: 42
    execution.max_steps: 400
    execution.trace_mode: full
    execution.parallelism_mode: episodes
    execution.max_workers: 6
    world.world_type: grid_2d
    world.grid_width: 28
    world.grid_height: 28
    world.obstacle_density: 0.1
    world.resource_regen_rate: 0.012
    world.resource_regen_cooldown_steps: 10
    world.topology: bounded
    world.regeneration_mode: clustered
    world.num_clusters: 4
    world.regen_eligible_ratio: 0.08
    system.agent.initial_energy: 100.0
    system.agent.max_energy: 100.0
    system.agent.buffer_capacity: 30
    system.policy.selection_mode: argmax
    system.policy.temperature: 10.0
    system.policy.stay_suppression: 0.1
    system.policy.consume_weight: 2.5
    system.transition.move_cost: 1.0
    system.transition.consume_cost: 0.5
    system.transition.stay_cost: 0.3
    system.transition.max_consume: 1.0
    system.transition.energy_gain_factor: 15.0
    num_episodes_per_run: 50
    agent_start_position.x: 10
    agent_start_position.y: 10
  Candidate config: system_type=system_aw
    system_type: system_aw
    experiment_type: single_run
    general.seed: 42
    execution.max_steps: 400
    execution.trace_mode: full
    execution.parallelism_mode: episodes
    execution.max_workers: 6
    world.world_type: grid_2d
    world.grid_width: 28
    world.grid_height: 28
    world.obstacle_density: 0.1
    world.resource_regen_rate: 0.012
    world.resource_regen_cooldown_steps: 10
    world.topology: bounded
    world.regeneration_mode: clustered
    world.num_clusters: 4
    world.regen_eligible_ratio: 0.08
    system.agent.initial_energy: 100.0
    system.agent.max_energy: 100.0
    system.agent.buffer_capacity: 30
    system.policy.selection_mode: argmax
    system.policy.temperature: 10.0
    system.policy.stay_suppression: 0.1
    system.policy.consume_weight: 2.5
    system.transition.move_cost: 1.0
    system.transition.consume_cost: 0.5
    system.transition.stay_cost: 0.3
    system.transition.max_consume: 1.0
    system.transition.energy_gain_factor: 15.0
    system.curiosity.base_curiosity: 0.42
    system.curiosity.spatial_sensory_balance: 0.2
    system.curiosity.explore_suppression: 0.16
    system.curiosity.novelty_sharpness: 1.3
    system.arbitration.hunger_weight_base: 0.5
    system.arbitration.curiosity_weight_base: 0.72
    system.arbitration.gating_sharpness: 2.0
    num_episodes_per_run: 50
    agent_start_position.x: 10
    agent_start_position.y: 10
