Run run-0000
  Experiment: ad48920b2d3540ffbecff4fdcf03f7a0
  Status: completed
  Output form: point
  Variation: baseline
  Created: 2026-05-04T11:17:21.862794+00:00
  Trace mode: full
  Base seed: 42
  Episodes: 50

Summary
  mean_steps=298.5  death_rate=0.44  mean_final_vitality=0.403

Behavioral Metrics
            Standard Metrics            
┏━━━━━━━━━━━━━━━━━━━━━━━━━┳━━━━━━━━━━━━┓
┃ Metric                  ┃      Value ┃
┡━━━━━━━━━━━━━━━━━━━━━━━━━╇━━━━━━━━━━━━┩
│ resource_gain_per_step  │   0.628315 │
│ net_energy_efficiency   │   0.647952 │
│ successful_consume_rate │   0.860000 │
│ failed_movement_rate    │   0.000000 │
│ action_entropy          │   1.481131 │
│ policy_sharpness        │   0.286006 │
│ unique_cells_visited    │ 121.460000 │
│ coverage_efficiency     │   0.516037 │
│ revisit_rate            │   0.478062 │
└─────────────────────────┴────────────┘
      Mean values across the run.       

System Metrics
         system_aw_arbitration         
┏━━━━━━━━━━━━━━━━━━━━━━━━━━┳━━━━━━━━━━┓
┃ Metric                   ┃    Value ┃
┡━━━━━━━━━━━━━━━━━━━━━━━━━━╇━━━━━━━━━━┩
│ curiosity_dominance_rate │ 0.231156 │
│ mean_curiosity_weight    │ 0.404035 │
│ mean_hunger_weight       │ 0.556199 │
│ arbitrated_step_count    │    14925 │
└──────────────────────────┴──────────┘
          system_aw_curiosity           
┏━━━━━━━━━━━━━━━━━━━━━━━━━━━┳━━━━━━━━━━┓
┃ Metric                    ┃    Value ┃
┡━━━━━━━━━━━━━━━━━━━━━━━━━━━╇━━━━━━━━━━┩
│ mean_curiosity_activation │ 0.334638 │
│ mean_spatial_novelty      │ 0.586511 │
│ mean_sensory_novelty      │ 0.219351 │
│ mean_composite_novelty    │ 0.292783 │
│ curiosity_pressure_rate   │ 0.565561 │
└───────────────────────────┴──────────┘
           system_aw_world_model            
┏━━━━━━━━━━━━━━━━━━━━━━━━━━━━━┳━━━━━━━━━━━━┓
┃ Metric                      ┃      Value ┃
┡━━━━━━━━━━━━━━━━━━━━━━━━━━━━━╇━━━━━━━━━━━━┩
│ world_model_unique_cells    │ 121.460000 │
│ mean_visit_count_at_current │   5.725360 │
│ world_model_revisit_ratio   │   0.496139 │
└─────────────────────────────┴────────────┘
                 system_aw_behavior                 
┏━━━━━━━━━━━━━━━━━━━━━━━━━━━━━━━━━━━━━━━┳━━━━━━━━━━┓
┃ Metric                                ┃    Value ┃
┡━━━━━━━━━━━━━━━━━━━━━━━━━━━━━━━━━━━━━━━╇━━━━━━━━━━┩
│ curiosity_led_move_rate               │ 0.554305 │
│ consume_under_curiosity_pressure_rate │ 0.019903 │
│ movement_step_rate                    │ 0.943250 │
│ consume_step_rate                     │ 0.056750 │
└───────────────────────────────────────┴──────────┘
