Run run-0000
  Experiment: 143d80fe332046e39fb6d99806aabaee
  Status: completed
  Output form: point
  Variation: baseline
  Created: 2026-05-01T09:46:47.664042+00:00
  Trace mode: delta
  Base seed: 42
  Episodes: 50

Summary
  mean_steps=166.1  death_rate=0.50  mean_final_vitality=0.296

Behavioral Metrics
            Standard Metrics            
┏━━━━━━━━━━━━━━━━━━━━━━━━━┳━━━━━━━━━━━━┓
┃ Metric                  ┃      Value ┃
┡━━━━━━━━━━━━━━━━━━━━━━━━━╇━━━━━━━━━━━━┩
│ resource_gain_per_step  │   0.475731 │
│ net_energy_efficiency   │   0.489320 │
│ successful_consume_rate │   0.840000 │
│ failed_movement_rate    │   0.000000 │
│ action_entropy          │   1.477017 │
│ policy_sharpness        │   0.387436 │
│ unique_cells_visited    │ 121.700000 │
│ coverage_efficiency     │   0.762218 │
│ revisit_rate            │   0.228762 │
└─────────────────────────┴────────────┘
      Mean values across the run.       

System Metrics
         system_aw_arbitration         
┏━━━━━━━━━━━━━━━━━━━━━━━━━━┳━━━━━━━━━━┓
┃ Metric                   ┃    Value ┃
┡━━━━━━━━━━━━━━━━━━━━━━━━━━╇━━━━━━━━━━┩
│ curiosity_dominance_rate │ 0.221794 │
│ mean_curiosity_weight    │ 0.323121 │
│ mean_hunger_weight       │ 0.551036 │
│ arbitrated_step_count    │     8305 │
└──────────────────────────┴──────────┘
          system_aw_curiosity           
┏━━━━━━━━━━━━━━━━━━━━━━━━━━━┳━━━━━━━━━━┓
┃ Metric                    ┃    Value ┃
┡━━━━━━━━━━━━━━━━━━━━━━━━━━━╇━━━━━━━━━━┩
│ mean_curiosity_activation │ 0.414679 │
│ mean_spatial_novelty      │ 0.667597 │
│ mean_sensory_novelty      │ 0.105754 │
│ mean_composite_novelty    │ 0.611413 │
│ curiosity_pressure_rate   │ 0.356773 │
└───────────────────────────┴──────────┘
           system_aw_world_model            
┏━━━━━━━━━━━━━━━━━━━━━━━━━━━━━┳━━━━━━━━━━━━┓
┃ Metric                      ┃      Value ┃
┡━━━━━━━━━━━━━━━━━━━━━━━━━━━━━╇━━━━━━━━━━━━┩
│ world_model_unique_cells    │ 121.700000 │
│ mean_visit_count_at_current │   1.406502 │
│ world_model_revisit_ratio   │   0.257054 │
└─────────────────────────────┴────────────┘
                 system_aw_behavior                 
┏━━━━━━━━━━━━━━━━━━━━━━━━━━━━━━━━━━━━━━━┳━━━━━━━━━━┓
┃ Metric                                ┃    Value ┃
┡━━━━━━━━━━━━━━━━━━━━━━━━━━━━━━━━━━━━━━━╇━━━━━━━━━━┩
│ curiosity_led_move_rate               │ 0.354485 │
│ consume_under_curiosity_pressure_rate │ 0.006412 │
│ movement_step_rate                    │ 0.954846 │
│ consume_step_rate                     │ 0.045154 │
└───────────────────────────────────────┴──────────┘
