Run run-0000
  Experiment: 296a62b63b8348a4964fcafa0302066c
  Status: completed
  Output form: point
  Variation: baseline
  Created: 2026-05-04T10:30:04.007177+00:00
  Trace mode: full
  Base seed: 42
  Episodes: 50

Summary
  mean_steps=280.3  death_rate=0.60  mean_final_vitality=0.286

Behavioral Metrics
            Standard Metrics            
┏━━━━━━━━━━━━━━━━━━━━━━━━━┳━━━━━━━━━━━━┓
┃ Metric                  ┃      Value ┃
┡━━━━━━━━━━━━━━━━━━━━━━━━━╇━━━━━━━━━━━━┩
│ resource_gain_per_step  │   0.579105 │
│ net_energy_efficiency   │   0.596915 │
│ successful_consume_rate │   0.860000 │
│ failed_movement_rate    │   0.000000 │
│ action_entropy          │   1.490426 │
│ policy_sharpness        │   0.333887 │
│ unique_cells_visited    │ 158.600000 │
│ coverage_efficiency     │   0.639224 │
│ revisit_rate            │   0.350718 │
└─────────────────────────┴────────────┘
      Mean values across the run.       

System Metrics
         system_aw_arbitration         
┏━━━━━━━━━━━━━━━━━━━━━━━━━━┳━━━━━━━━━━┓
┃ Metric                   ┃    Value ┃
┡━━━━━━━━━━━━━━━━━━━━━━━━━━╇━━━━━━━━━━┩
│ curiosity_dominance_rate │ 0.158604 │
│ mean_curiosity_weight    │ 0.253248 │
│ mean_hunger_weight       │ 0.491535 │
│ arbitrated_step_count    │    14016 │
└──────────────────────────┴──────────┘
          system_aw_curiosity           
┏━━━━━━━━━━━━━━━━━━━━━━━━━━━┳━━━━━━━━━━┓
┃ Metric                    ┃    Value ┃
┡━━━━━━━━━━━━━━━━━━━━━━━━━━━╇━━━━━━━━━━┩
│ mean_curiosity_activation │ 0.453590 │
│ mean_spatial_novelty      │ 0.622582 │
│ mean_sensory_novelty      │ 0.135906 │
│ mean_composite_novelty    │ 0.403578 │
│ curiosity_pressure_rate   │ 0.405037 │
└───────────────────────────┴──────────┘
           system_aw_world_model            
┏━━━━━━━━━━━━━━━━━━━━━━━━━━━━━┳━━━━━━━━━━━━┓
┃ Metric                      ┃      Value ┃
┡━━━━━━━━━━━━━━━━━━━━━━━━━━━━━╇━━━━━━━━━━━━┩
│ world_model_unique_cells    │ 158.600000 │
│ mean_visit_count_at_current │   2.456978 │
│ world_model_revisit_ratio   │   0.377427 │
└─────────────────────────────┴────────────┘
                 system_aw_behavior                 
┏━━━━━━━━━━━━━━━━━━━━━━━━━━━━━━━━━━━━━━━┳━━━━━━━━━━┓
┃ Metric                                ┃    Value ┃
┡━━━━━━━━━━━━━━━━━━━━━━━━━━━━━━━━━━━━━━━╇━━━━━━━━━━┩
│ curiosity_led_move_rate               │ 0.399472 │
│ consume_under_curiosity_pressure_rate │ 0.013740 │
│ movement_step_rate                    │ 0.944064 │
│ consume_step_rate                     │ 0.055936 │
└───────────────────────────────────────┴──────────┘
