Comparison #4
  Timestamp: 2026-05-04T10:31:47.710937+00:00
Run Comparison
  Reference: system_a  experiment=d626c1cd37bc47eaa32b684d7c55bc56  run=run-0000
  Candidate: system_aw  experiment=296a62b63b8348a4964fcafa0302066c  run=run-0000
  Episodes: 50 compared, 50 valid, 0 invalid

Per-episode Results
                      Per-episode Results                       
┏━━━━━━━━━┳━━━━━━━━━━┳━━━━━━━━━┳━━━━━━━━━━━┳━━━━━━━━━━━┳━━━━━━━┓
┃ Episode ┃ Mismatch ┃ Pos div ┃ Steps r/c ┃ Survivor  ┃ Notes ┃
┡━━━━━━━━━╇━━━━━━━━━━╇━━━━━━━━━╇━━━━━━━━━━━╇━━━━━━━━━━━╇━━━━━━━┩
│ 1       │    78.9% │   10.02 │   400/394 │ reference │       │
│ 2       │    81.2% │   10.70 │   400/272 │ reference │       │
│ 3       │    75.0% │    8.29 │   100/319 │ candidate │       │
│ 4       │    78.4% │   10.97 │   400/232 │ reference │       │
│ 5       │    79.3% │   13.74 │   270/400 │ candidate │       │
│ 6       │    80.9% │    9.69 │   115/400 │ candidate │       │
│ 7       │    76.4% │   12.50 │   191/400 │ candidate │       │
│ 8       │    63.0% │    8.82 │   400/100 │ reference │       │
│ 9       │    73.3% │    7.34 │   101/125 │ candidate │       │
│ 10      │    81.9% │    6.39 │   293/138 │ reference │       │
│ 11      │    78.9% │   12.47 │   128/400 │ candidate │       │
│ 12      │    74.3% │   10.88 │   101/400 │ candidate │       │
│ 13      │    75.1% │   11.41 │   387/169 │ reference │       │
│ 14      │    81.2% │   11.96 │   400/186 │ reference │       │
│ 15      │    83.0% │   10.18 │   400/400 │ equal     │       │
│ 16      │    78.0% │   16.18 │   396/100 │ reference │       │
│ 17      │    75.7% │    9.11 │   265/214 │ reference │       │
│ 18      │    77.2% │    8.39 │   307/395 │ candidate │       │
│ 19      │    78.6% │   10.05 │   103/114 │ candidate │       │
│ 20      │    83.3% │   12.01 │   213/114 │ reference │       │
│ 21      │    79.5% │    8.51 │   400/400 │ equal     │       │
│ 22      │    74.0% │    7.17 │   100/400 │ candidate │       │
│ 23      │    75.0% │    8.35 │   100/167 │ candidate │       │
│ 24      │    70.0% │    9.89 │   115/100 │ reference │       │
│ 25      │    76.2% │   14.68 │   101/400 │ candidate │       │
│ 26      │    78.0% │   10.80 │   400/400 │ equal     │       │
│ 27      │    93.0% │   16.79 │   400/100 │ reference │       │
│ 28      │    83.6% │    9.16 │   335/400 │ candidate │       │
│ 29      │    81.9% │   12.48 │   400/259 │ reference │       │
│ 30      │    78.6% │    9.42 │   299/400 │ candidate │       │
│ 31      │    77.0% │   13.11 │   400/100 │ reference │       │
│ 32      │    80.2% │   15.08 │   101/400 │ candidate │       │
│ 33      │    67.0% │   13.84 │   400/100 │ reference │       │
│ 34      │    83.0% │   13.97 │   100/131 │ candidate │       │
│ 35      │    77.8% │   14.31 │   189/400 │ candidate │       │
│ 36      │    80.0% │   18.02 │   400/400 │ equal     │       │
│ 37      │    80.3% │   12.38 │   400/193 │ reference │       │
│ 38      │    71.1% │   18.60 │   194/280 │ candidate │       │
│ 39      │    71.3% │    7.45 │   101/293 │ candidate │       │
│ 40      │    82.0% │   11.66 │   400/100 │ reference │       │
│ 41      │    80.4% │    9.69 │   400/275 │ reference │       │
│ 42      │    81.5% │   13.86 │   168/400 │ candidate │       │
│ 43      │    81.0% │   11.99 │   237/400 │ candidate │       │
│ 44      │    77.2% │   14.44 │   232/400 │ candidate │       │
│ 45      │    82.7% │   10.86 │   225/286 │ candidate │       │
│ 46      │    81.6% │   11.85 │   201/400 │ candidate │       │
│ 47      │    80.5% │   12.00 │   400/400 │ equal     │       │
│ 48      │    76.2% │   18.83 │   101/198 │ candidate │       │
│ 49      │    81.3% │   15.45 │   400/267 │ reference │       │
│ 50      │    79.1% │   11.04 │   182/295 │ candidate │       │
└─────────┴──────────┴─────────┴───────────┴───────────┴───────┘
   Aligned run-level comparison across matched episode pairs.   

Statistical Summary
                              Statistical Summary                              
┏━━━━━━━━━━━━━━━━━━━━━━━━━━┳━━━━━━━━━━┳━━━━━━━━━━┳━━━━━━━━━━━┳━━━━━━━━━━━┳━━━━┓
┃ Metric                   ┃     Mean ┃      Std ┃       Min ┃       Max ┃  N ┃
┡━━━━━━━━━━━━━━━━━━━━━━━━━━╇━━━━━━━━━━╇━━━━━━━━━━╇━━━━━━━━━━━╇━━━━━━━━━━━╇━━━━┩
│ Action mismatch rate     │   0.7829 │   0.0474 │    0.6300 │    0.9300 │ 50 │
│ Mean trajectory distance │  11.7351 │   2.9839 │    6.3913 │   18.8317 │ 50 │
│ Mean vitality difference │   0.2351 │   0.1069 │    0.0060 │    0.4827 │ 50 │
│ Final vitality delta     │  +0.0085 │   0.6195 │   -1.0000 │   +0.8990 │ 50 │
│ Total steps delta        │ +15.3000 │ 186.7958 │ -300.0000 │ +300.0000 │ 50 │
└──────────────────────────┴──────────┴──────────┴───────────┴───────────┴────┘
              Descriptive statistics across valid episode pairs.               
  Hint: How often the two agents chose different actions at the same timestep.
  Hint: Average Manhattan distance between the two agents per episode.
  Hint: Average absolute difference in vitality between the two agents.
  Hint: Candidate final vitality minus reference final vitality.
  Hint: Candidate episode length minus reference episode length.
  Survival rates: reference=36%  candidate=40%
  Longer survivor: candidate=26  reference=19  equal=5

Configurations
  Hint: Differing config values are highlighted when terminal styling is enabled.
  Reference config: system_type=system_a
    system_type: system_a
    experiment_type: single_run
    general.seed: 42
    execution.max_steps: 400
    execution.trace_mode: full
    execution.parallelism_mode: episodes
    execution.max_workers: 6
    world.world_type: grid_2d
    world.grid_width: 20
    world.grid_height: 20
    world.obstacle_density: 0.2
    world.resource_regen_rate: 0.01
    world.resource_regen_cooldown_steps: 10
    world.topology: bounded
    world.regeneration_mode: clustered
    world.num_clusters: 3
    world.regen_eligible_ratio: 0.1
    system.agent.initial_energy: 100.0
    system.agent.max_energy: 100.0
    system.agent.buffer_capacity: 30
    system.policy.selection_mode: argmax
    system.policy.temperature: 10.0
    system.policy.stay_suppression: 0.1
    system.policy.consume_weight: 2.5
    system.transition.move_cost: 1.0
    system.transition.consume_cost: 0.5
    system.transition.stay_cost: 0.3
    system.transition.max_consume: 1.0
    system.transition.energy_gain_factor: 15.0
    num_episodes_per_run: 50
    agent_start_position.x: 10
    agent_start_position.y: 10
  Candidate config: system_type=system_aw
    system_type: system_aw
    experiment_type: single_run
    general.seed: 42
    execution.max_steps: 400
    execution.trace_mode: full
    execution.parallelism_mode: episodes
    execution.max_workers: 6
    world.world_type: grid_2d
    world.grid_width: 20
    world.grid_height: 20
    world.obstacle_density: 0.2
    world.resource_regen_rate: 0.01
    world.resource_regen_cooldown_steps: 10
    world.topology: bounded
    world.regeneration_mode: clustered
    world.num_clusters: 3
    world.regen_eligible_ratio: 0.1
    system.agent.initial_energy: 100.0
    system.agent.max_energy: 100.0
    system.agent.buffer_capacity: 30
    system.policy.selection_mode: argmax
    system.policy.temperature: 10.0
    system.policy.stay_suppression: 0.1
    system.policy.consume_weight: 2.5
    system.transition.move_cost: 1.0
    system.transition.consume_cost: 0.5
    system.transition.stay_cost: 0.3
    system.transition.max_consume: 1.0
    system.transition.energy_gain_factor: 15.0
    system.curiosity.base_curiosity: 0.52
    system.curiosity.spatial_sensory_balance: 0.55
    system.curiosity.explore_suppression: 0.24
    system.curiosity.novelty_sharpness: 1.6
    system.arbitration.hunger_weight_base: 0.45
    system.arbitration.curiosity_weight_base: 0.95
    system.arbitration.gating_sharpness: 4.0
    num_episodes_per_run: 50
    agent_start_position.x: 10
    agent_start_position.y: 10
