Comparison #1
  Timestamp: 2026-05-04T10:56:56.795424+00:00
Run Comparison
  Reference: system_a  experiment=f0524efb4f54402db9cdea0db8b629d6  run=run-0000
  Candidate: system_aw  experiment=b63099bd666444c4ae03db4d16963398  run=run-0000
  Episodes: 50 compared, 50 valid, 0 invalid

Per-episode Results
                      Per-episode Results                       
┏━━━━━━━━━┳━━━━━━━━━━┳━━━━━━━━━┳━━━━━━━━━━━┳━━━━━━━━━━━┳━━━━━━━┓
┃ Episode ┃ Mismatch ┃ Pos div ┃ Steps r/c ┃ Survivor  ┃ Notes ┃
┡━━━━━━━━━╇━━━━━━━━━━╇━━━━━━━━━╇━━━━━━━━━━━╇━━━━━━━━━━━╇━━━━━━━┩
│ 1       │    79.0% │    9.12 │   400/400 │ equal     │       │
│ 2       │    83.5% │    7.75 │   400/400 │ equal     │       │
│ 3       │    74.0% │   13.41 │   100/400 │ candidate │       │
│ 4       │    81.0% │    6.17 │   400/400 │ equal     │       │
│ 5       │    80.7% │   10.76 │   270/400 │ candidate │       │
│ 6       │    80.9% │    9.08 │   115/209 │ candidate │       │
│ 7       │    76.4% │   12.96 │   191/400 │ candidate │       │
│ 8       │    63.0% │    8.82 │   400/100 │ reference │       │
│ 9       │    73.3% │    7.34 │   101/125 │ candidate │       │
│ 10      │    80.2% │   12.44 │   293/400 │ candidate │       │
│ 11      │    82.0% │   15.30 │   128/400 │ candidate │       │
│ 12      │    77.2% │   11.76 │   101/195 │ candidate │       │
│ 13      │    76.2% │    7.87 │   387/400 │ candidate │       │
│ 14      │    83.2% │    6.96 │   400/400 │ equal     │       │
│ 15      │    84.2% │    9.09 │   400/400 │ equal     │       │
│ 16      │    78.0% │   16.18 │   396/100 │ reference │       │
│ 17      │    77.0% │    6.83 │   265/400 │ candidate │       │
│ 18      │    82.4% │    8.99 │   307/187 │ reference │       │
│ 19      │    77.7% │   19.30 │   103/400 │ candidate │       │
│ 20      │    83.3% │   12.01 │   213/114 │ reference │       │
│ 21      │    77.0% │   10.05 │   400/400 │ equal     │       │
│ 22      │    82.0% │    6.50 │   100/400 │ candidate │       │
│ 23      │    74.0% │   11.72 │   100/131 │ candidate │       │
│ 24      │    73.0% │   10.96 │   115/385 │ candidate │       │
│ 25      │    66.3% │   10.76 │   101/400 │ candidate │       │
│ 26      │    78.2% │    9.54 │   400/400 │ equal     │       │
│ 27      │    93.0% │   16.79 │   400/100 │ reference │       │
│ 28      │    78.5% │    7.37 │   335/400 │ candidate │       │
│ 29      │    82.5% │   10.96 │   400/400 │ equal     │       │
│ 30      │    85.6% │   14.77 │   299/400 │ candidate │       │
│ 31      │    79.0% │   11.65 │   400/105 │ reference │       │
│ 32      │    76.2% │   15.82 │   101/400 │ candidate │       │
│ 33      │    67.0% │   13.84 │   400/100 │ reference │       │
│ 34      │    83.0% │    9.62 │   100/225 │ candidate │       │
│ 35      │    79.9% │   12.87 │   189/400 │ candidate │       │
│ 36      │    76.2% │    5.59 │   400/400 │ equal     │       │
│ 37      │    83.2% │    5.39 │   400/400 │ equal     │       │
│ 38      │    75.3% │   19.45 │   194/400 │ candidate │       │
│ 39      │    75.2% │    7.33 │   101/400 │ candidate │       │
│ 40      │    78.0% │    8.29 │   400/400 │ equal     │       │
│ 41      │    84.2% │    5.22 │   400/400 │ equal     │       │
│ 42      │    85.1% │    9.14 │   168/400 │ candidate │       │
│ 43      │    80.6% │   10.83 │   237/400 │ candidate │       │
│ 44      │    75.0% │   12.56 │   232/395 │ candidate │       │
│ 45      │    78.7% │   10.03 │   225/400 │ candidate │       │
│ 46      │    75.6% │   11.27 │   201/400 │ candidate │       │
│ 47      │    78.0% │    6.62 │   400/400 │ equal     │       │
│ 48      │    76.2% │   13.87 │   101/400 │ candidate │       │
│ 49      │    80.8% │   11.40 │   400/120 │ reference │       │
│ 50      │    78.6% │   17.90 │   182/338 │ candidate │       │
└─────────┴──────────┴─────────┴───────────┴───────────┴───────┘
   Aligned run-level comparison across matched episode pairs.   

Statistical Summary
                              Statistical Summary                              
┏━━━━━━━━━━━━━━━━━━━━━━━━━━┳━━━━━━━━━━┳━━━━━━━━━━┳━━━━━━━━━━━┳━━━━━━━━━━━┳━━━━┓
┃ Metric                   ┃     Mean ┃      Std ┃       Min ┃       Max ┃  N ┃
┡━━━━━━━━━━━━━━━━━━━━━━━━━━╇━━━━━━━━━━╇━━━━━━━━━━╇━━━━━━━━━━━╇━━━━━━━━━━━╇━━━━┩
│ Action mismatch rate     │   0.7859 │   0.0508 │    0.6300 │    0.9300 │ 50 │
│ Mean trajectory distance │  10.8054 │   3.5758 │    5.2200 │   19.4485 │ 50 │
│ Mean vitality difference │   0.2357 │   0.0927 │    0.0060 │    0.4827 │ 50 │
│ Final vitality delta     │  +0.2433 │   0.5625 │   -1.0000 │   +0.9395 │ 50 │
│ Total steps delta        │ +65.5600 │ 176.8891 │ -300.0000 │ +300.0000 │ 50 │
└──────────────────────────┴──────────┴──────────┴───────────┴───────────┴────┘
              Descriptive statistics across valid episode pairs.               
  Hint: How often the two agents chose different actions at the same timestep.
  Hint: Average Manhattan distance between the two agents per episode.
  Hint: Average absolute difference in vitality between the two agents.
  Hint: Candidate final vitality minus reference final vitality.
  Hint: Candidate episode length minus reference episode length.
  Survival rates: reference=36%  candidate=68%
  Longer survivor: candidate=29  reference=8  equal=13

Configurations
  Hint: Differing config values are highlighted when terminal styling is enabled.
  Reference config: system_type=system_a
    system_type: system_a
    experiment_type: single_run
    general.seed: 42
    execution.max_steps: 400
    execution.trace_mode: full
    execution.parallelism_mode: episodes
    execution.max_workers: 6
    world.world_type: grid_2d
    world.grid_width: 20
    world.grid_height: 20
    world.obstacle_density: 0.2
    world.resource_regen_rate: 0.01
    world.resource_regen_cooldown_steps: 10
    world.topology: bounded
    world.regeneration_mode: clustered
    world.num_clusters: 3
    world.regen_eligible_ratio: 0.1
    system.agent.initial_energy: 100.0
    system.agent.max_energy: 100.0
    system.agent.buffer_capacity: 30
    system.policy.selection_mode: argmax
    system.policy.temperature: 10.0
    system.policy.stay_suppression: 0.1
    system.policy.consume_weight: 2.5
    system.transition.move_cost: 1.0
    system.transition.consume_cost: 0.5
    system.transition.stay_cost: 0.3
    system.transition.max_consume: 1.0
    system.transition.energy_gain_factor: 15.0
    num_episodes_per_run: 50
    agent_start_position.x: 10
    agent_start_position.y: 10
  Candidate config: system_type=system_aw
    system_type: system_aw
    experiment_type: single_run
    general.seed: 42
    execution.max_steps: 400
    execution.trace_mode: full
    execution.parallelism_mode: episodes
    execution.max_workers: 6
    world.world_type: grid_2d
    world.grid_width: 20
    world.grid_height: 20
    world.obstacle_density: 0.2
    world.resource_regen_rate: 0.01
    world.resource_regen_cooldown_steps: 10
    world.topology: bounded
    world.regeneration_mode: clustered
    world.num_clusters: 3
    world.regen_eligible_ratio: 0.1
    system.agent.initial_energy: 100.0
    system.agent.max_energy: 100.0
    system.agent.buffer_capacity: 30
    system.policy.selection_mode: argmax
    system.policy.temperature: 10.0
    system.policy.stay_suppression: 0.1
    system.policy.consume_weight: 2.5
    system.transition.move_cost: 1.0
    system.transition.consume_cost: 0.5
    system.transition.stay_cost: 0.3
    system.transition.max_consume: 1.0
    system.transition.energy_gain_factor: 15.0
    system.curiosity.base_curiosity: 0.42
    system.curiosity.spatial_sensory_balance: 0.2
    system.curiosity.explore_suppression: 0.16
    system.curiosity.novelty_sharpness: 1.3
    system.arbitration.hunger_weight_base: 0.5
    system.arbitration.curiosity_weight_base: 0.72
    system.arbitration.gating_sharpness: 2.0
    num_episodes_per_run: 50
    agent_start_position.x: 10
    agent_start_position.y: 10
