Run run-0000
  Experiment: b63099bd666444c4ae03db4d16963398
  Status: completed
  Output form: point
  Variation: baseline
  Created: 2026-05-04T10:53:58.604940+00:00
  Trace mode: full
  Base seed: 42
  Episodes: 50

Summary
  mean_steps=330.6  death_rate=0.32  mean_final_vitality=0.520

Behavioral Metrics
            Standard Metrics            
┏━━━━━━━━━━━━━━━━━━━━━━━━━┳━━━━━━━━━━━━┓
┃ Metric                  ┃      Value ┃
┡━━━━━━━━━━━━━━━━━━━━━━━━━╇━━━━━━━━━━━━┩
│ resource_gain_per_step  │   0.710048 │
│ net_energy_efficiency   │   0.735375 │
│ successful_consume_rate │   0.920000 │
│ failed_movement_rate    │   0.000000 │
│ action_entropy          │   1.506409 │
│ policy_sharpness        │   0.310938 │
│ unique_cells_visited    │ 109.080000 │
│ coverage_efficiency     │   0.406156 │
│ revisit_rate            │   0.586932 │
└─────────────────────────┴────────────┘
      Mean values across the run.       

System Metrics
         system_aw_arbitration         
┏━━━━━━━━━━━━━━━━━━━━━━━━━━┳━━━━━━━━━━┓
┃ Metric                   ┃    Value ┃
┡━━━━━━━━━━━━━━━━━━━━━━━━━━╇━━━━━━━━━━┩
│ curiosity_dominance_rate │ 0.214230 │
│ mean_curiosity_weight    │ 0.409285 │
│ mean_hunger_weight       │ 0.548552 │
│ arbitrated_step_count    │    16529 │
└──────────────────────────┴──────────┘
          system_aw_curiosity           
┏━━━━━━━━━━━━━━━━━━━━━━━━━━━┳━━━━━━━━━━┓
┃ Metric                    ┃    Value ┃
┡━━━━━━━━━━━━━━━━━━━━━━━━━━━╇━━━━━━━━━━┩
│ mean_curiosity_activation │ 0.341415 │
│ mean_spatial_novelty      │ 0.563257 │
│ mean_sensory_novelty      │ 0.202371 │
│ mean_composite_novelty    │ 0.274549 │
│ curiosity_pressure_rate   │ 0.566217 │
└───────────────────────────┴──────────┘
           system_aw_world_model            
┏━━━━━━━━━━━━━━━━━━━━━━━━━━━━━┳━━━━━━━━━━━━┓
┃ Metric                      ┃      Value ┃
┡━━━━━━━━━━━━━━━━━━━━━━━━━━━━━╇━━━━━━━━━━━━┩
│ world_model_unique_cells    │ 109.080000 │
│ mean_visit_count_at_current │   6.801742 │
│ world_model_revisit_ratio   │   0.605511 │
└─────────────────────────────┴────────────┘
                 system_aw_behavior                 
┏━━━━━━━━━━━━━━━━━━━━━━━━━━━━━━━━━━━━━━━┳━━━━━━━━━━┓
┃ Metric                                ┃    Value ┃
┡━━━━━━━━━━━━━━━━━━━━━━━━━━━━━━━━━━━━━━━╇━━━━━━━━━━┩
│ curiosity_led_move_rate               │ 0.552786 │
│ consume_under_curiosity_pressure_rate │ 0.023720 │
│ movement_step_rate                    │ 0.933813 │
│ consume_step_rate                     │ 0.066187 │
└───────────────────────────────────────┴──────────┘
