Comparison #3
  Timestamp: 2026-05-04T07:43:26.447875+00:00
Run Comparison
  Reference: system_aw  experiment=d399e549ce624851ad46de2b8aa6ae84  run=run-0000
  Candidate: system_aw  experiment=b9dd7afa48f04cf5be38754a7792b713  run=run-0000
  Episodes: 50 compared, 50 valid, 0 invalid

Per-episode Results
                      Per-episode Results                       
┏━━━━━━━━━┳━━━━━━━━━━┳━━━━━━━━━┳━━━━━━━━━━━┳━━━━━━━━━━━┳━━━━━━━┓
┃ Episode ┃ Mismatch ┃ Pos div ┃ Steps r/c ┃ Survivor  ┃ Notes ┃
┡━━━━━━━━━╇━━━━━━━━━━╇━━━━━━━━━╇━━━━━━━━━━━╇━━━━━━━━━━━╇━━━━━━━┩
│ 1       │    81.0% │    9.77 │   400/400 │ equal     │       │
│ 2       │    82.6% │    9.42 │   232/115 │ reference │       │
│ 3       │    75.0% │    9.15 │   100/199 │ candidate │       │
│ 4       │    78.8% │   10.24 │   400/193 │ reference │       │
│ 5       │    80.5% │    7.23 │   400/400 │ equal     │       │
│ 6       │    77.4% │   10.22 │   115/400 │ candidate │       │
│ 7       │    83.2% │   11.74 │   191/400 │ candidate │       │
│ 8       │    63.0% │    8.82 │   400/100 │ reference │       │
│ 9       │    67.3% │   11.06 │   101/257 │ candidate │       │
│ 10      │    76.0% │    7.84 │   289/100 │ reference │       │
│ 11      │    82.8% │   12.62 │   128/400 │ candidate │       │
│ 12      │    77.2% │   11.08 │   101/400 │ candidate │       │
│ 13      │    78.2% │    8.76 │   400/400 │ equal     │       │
│ 14      │    82.2% │   11.40 │   400/163 │ reference │       │
│ 15      │    78.5% │    8.92 │   400/400 │ equal     │       │
│ 16      │    78.0% │   16.18 │   396/100 │ reference │       │
│ 17      │    79.6% │   13.96 │   285/400 │ candidate │       │
│ 18      │    78.2% │    9.66 │   299/124 │ reference │       │
│ 19      │    78.6% │   18.05 │   103/347 │ candidate │       │
│ 20      │    85.7% │   10.35 │   213/119 │ reference │       │
│ 21      │    82.7% │   10.53 │   400/162 │ reference │       │
│ 22      │    75.0% │    8.68 │   100/400 │ candidate │       │
│ 23      │    74.0% │   11.24 │   100/132 │ candidate │       │
│ 24      │    78.3% │   13.90 │   115/400 │ candidate │       │
│ 25      │    72.3% │   11.10 │   101/400 │ candidate │       │
│ 26      │    76.9% │    8.39 │   121/400 │ candidate │       │
│ 27      │    93.0% │   16.79 │   400/100 │ reference │       │
│ 28      │    77.5% │    9.82 │   347/400 │ candidate │       │
│ 29      │    78.9% │    5.94 │   400/199 │ reference │       │
│ 30      │    80.8% │   12.90 │   400/400 │ equal     │       │
│ 31      │    81.0% │    9.19 │   400/100 │ reference │       │
│ 32      │    79.2% │   17.56 │   101/136 │ candidate │       │
│ 33      │    67.0% │   13.84 │   400/100 │ reference │       │
│ 34      │    82.0% │    9.72 │   100/193 │ candidate │       │
│ 35      │    84.1% │   15.88 │   189/239 │ candidate │       │
│ 36      │    85.0% │   11.76 │   400/100 │ reference │       │
│ 37      │    83.4% │   12.72 │   400/283 │ reference │       │
│ 38      │    75.8% │   18.54 │   194/400 │ candidate │       │
│ 39      │    66.3% │    7.43 │   101/179 │ candidate │       │
│ 40      │    77.0% │   11.52 │   400/100 │ reference │       │
│ 41      │    79.0% │    8.07 │   400/252 │ reference │       │
│ 42      │    79.8% │   11.69 │   168/305 │ candidate │       │
│ 43      │    82.1% │   11.08 │   235/400 │ candidate │       │
│ 44      │    75.0% │   12.85 │   232/400 │ candidate │       │
│ 45      │    83.1% │   12.08 │   225/400 │ candidate │       │
│ 46      │    79.7% │    9.38 │   400/222 │ reference │       │
│ 47      │    82.5% │   18.54 │   400/400 │ equal     │       │
│ 48      │    72.3% │   18.59 │   101/190 │ candidate │       │
│ 49      │    80.4% │   12.30 │   347/400 │ candidate │       │
│ 50      │    83.0% │   13.11 │   182/400 │ candidate │       │
└─────────┴──────────┴─────────┴───────────┴───────────┴───────┘
   Aligned run-level comparison across matched episode pairs.   

Statistical Summary
                             Statistical Summary                              
┏━━━━━━━━━━━━━━━━━━━━━━━━━━┳━━━━━━━━━┳━━━━━━━━━━┳━━━━━━━━━━━┳━━━━━━━━━━━┳━━━━┓
┃ Metric                   ┃    Mean ┃      Std ┃       Min ┃       Max ┃  N ┃
┡━━━━━━━━━━━━━━━━━━━━━━━━━━╇━━━━━━━━━╇━━━━━━━━━━╇━━━━━━━━━━━╇━━━━━━━━━━━╇━━━━┩
│ Action mismatch rate     │  0.7862 │   0.0528 │    0.6300 │    0.9300 │ 50 │
│ Mean trajectory distance │ 11.6321 │   3.1717 │    5.9447 │   18.5941 │ 50 │
│ Mean vitality difference │  0.2494 │   0.1355 │    0.0060 │    0.5300 │ 50 │
│ Final vitality delta     │ -0.0563 │   0.5167 │   -1.0000 │   +0.6860 │ 50 │
│ Total steps delta        │ +7.9400 │ 198.8823 │ -300.0000 │ +300.0000 │ 50 │
└──────────────────────────┴─────────┴──────────┴───────────┴───────────┴────┘
              Descriptive statistics across valid episode pairs.              
  Hint: How often the two agents chose different actions at the same timestep.
  Hint: Average Manhattan distance between the two agents per episode.
  Hint: Average absolute difference in vitality between the two agents.
  Hint: Candidate final vitality minus reference final vitality.
  Hint: Candidate episode length minus reference episode length.
  Survival rates: reference=38%  candidate=44%
  Longer survivor: candidate=26  reference=18  equal=6

Configurations
  Hint: Differing config values are highlighted when terminal styling is enabled.
  Reference config: system_type=system_aw
    system_type: system_aw
    experiment_type: single_run
    general.seed: 42
    execution.max_steps: 400
    execution.trace_mode: full
    execution.parallelism_mode: episodes
    execution.max_workers: 8
    world.world_type: grid_2d
    world.grid_width: 20
    world.grid_height: 20
    world.obstacle_density: 0.2
    world.resource_regen_rate: 0.01
    world.resource_regen_cooldown_steps: 10
    world.topology: bounded
    world.regeneration_mode: clustered
    world.num_clusters: 3
    world.regen_eligible_ratio: 0.1
    system.agent.initial_energy: 100.0
    system.agent.max_energy: 100.0
    system.agent.buffer_capacity: 50
    system.policy.selection_mode: argmax
    system.policy.temperature: 10.0
    system.policy.stay_suppression: 0.1
    system.policy.consume_weight: 2.0
    system.transition.move_cost: 1.0
    system.transition.consume_cost: 0.5
    system.transition.stay_cost: 0.3
    system.transition.max_consume: 1.0
    system.transition.energy_gain_factor: 15.0
    system.curiosity.base_curiosity: 0.0
    system.curiosity.spatial_sensory_balance: 0.7
    system.curiosity.explore_suppression: 0.35
    system.curiosity.novelty_sharpness: 1.5
    system.arbitration.hunger_weight_base: 1.0
    system.arbitration.curiosity_weight_base: 1.0
    system.arbitration.gating_sharpness: 2.0
    num_episodes_per_run: 50
    agent_start_position.x: 10
    agent_start_position.y: 10
  Candidate config: system_type=system_aw
    system_type: system_aw
    experiment_type: single_run
    general.seed: 42
    execution.max_steps: 400
    execution.trace_mode: full
    execution.parallelism_mode: episodes
    execution.max_workers: 8
    world.world_type: grid_2d
    world.grid_width: 20
    world.grid_height: 20
    world.obstacle_density: 0.2
    world.resource_regen_rate: 0.01
    world.resource_regen_cooldown_steps: 10
    world.topology: bounded
    world.regeneration_mode: clustered
    world.num_clusters: 3
    world.regen_eligible_ratio: 0.1
    system.agent.initial_energy: 100.0
    system.agent.max_energy: 100.0
    system.agent.buffer_capacity: 50
    system.policy.selection_mode: argmax
    system.policy.temperature: 10.0
    system.policy.stay_suppression: 0.1
    system.policy.consume_weight: 2.0
    system.transition.move_cost: 1.0
    system.transition.consume_cost: 0.5
    system.transition.stay_cost: 0.3
    system.transition.max_consume: 1.0
    system.transition.energy_gain_factor: 15.0
    system.curiosity.base_curiosity: 0.7
    system.curiosity.spatial_sensory_balance: 0.5
    system.curiosity.explore_suppression: 0.45
    system.curiosity.novelty_sharpness: 1.8
    system.arbitration.hunger_weight_base: 0.2
    system.arbitration.curiosity_weight_base: 1.4
    system.arbitration.gating_sharpness: 2.0
    num_episodes_per_run: 50
    agent_start_position.x: 10
    agent_start_position.y: 10
