Comparison #2
  Timestamp: 2026-05-04T07:40:45.799410+00:00
Run Comparison
  Reference: system_aw  experiment=d399e549ce624851ad46de2b8aa6ae84  run=run-0000
  Candidate: system_aw  experiment=f6007c77281445359cd80f28805f8f35  run=run-0000
  Episodes: 50 compared, 50 valid, 0 invalid

Per-episode Results
                      Per-episode Results                       
┏━━━━━━━━━┳━━━━━━━━━━┳━━━━━━━━━┳━━━━━━━━━━━┳━━━━━━━━━━━┳━━━━━━━┓
┃ Episode ┃ Mismatch ┃ Pos div ┃ Steps r/c ┃ Survivor  ┃ Notes ┃
┡━━━━━━━━━╇━━━━━━━━━━╇━━━━━━━━━╇━━━━━━━━━━━╇━━━━━━━━━━━╇━━━━━━━┩
│ 1       │    76.5% │   11.14 │   400/170 │ reference │       │
│ 2       │    82.6% │    9.42 │   232/115 │ reference │       │
│ 3       │    75.0% │    8.53 │   100/198 │ candidate │       │
│ 4       │    77.5% │    6.83 │   400/400 │ equal     │       │
│ 5       │    83.0% │   13.40 │   400/400 │ equal     │       │
│ 6       │    80.9% │   12.95 │   115/173 │ candidate │       │
│ 7       │    78.5% │   14.20 │   191/388 │ candidate │       │
│ 8       │    63.0% │    8.82 │   400/100 │ reference │       │
│ 9       │    67.3% │   10.37 │   101/400 │ candidate │       │
│ 10      │    76.5% │    8.54 │   289/179 │ reference │       │
│ 11      │    76.6% │   18.52 │   128/367 │ candidate │       │
│ 12      │    77.2% │   10.72 │   101/294 │ candidate │       │
│ 13      │    81.5% │    6.74 │   400/400 │ equal     │       │
│ 14      │    80.9% │    7.79 │   400/251 │ reference │       │
│ 15      │    84.5% │    9.03 │   400/400 │ equal     │       │
│ 16      │    78.0% │   16.18 │   396/100 │ reference │       │
│ 17      │    82.1% │    9.13 │   285/156 │ reference │       │
│ 18      │    77.4% │    8.16 │   299/248 │ reference │       │
│ 19      │    83.5% │   15.04 │   103/400 │ candidate │       │
│ 20      │    73.3% │    8.59 │   213/206 │ reference │       │
│ 21      │    80.2% │    8.06 │   400/172 │ reference │       │
│ 22      │    75.0% │    6.01 │   100/372 │ candidate │       │
│ 23      │    80.0% │    8.53 │   100/387 │ candidate │       │
│ 24      │    75.7% │   13.99 │   115/318 │ candidate │       │
│ 25      │    76.2% │   10.36 │   101/169 │ candidate │       │
│ 26      │    77.7% │    7.60 │   121/400 │ candidate │       │
│ 27      │    93.0% │   16.79 │   400/100 │ reference │       │
│ 28      │    81.6% │    7.17 │   347/375 │ candidate │       │
│ 29      │    80.8% │    5.14 │   400/400 │ equal     │       │
│ 30      │    85.3% │   12.01 │   400/177 │ reference │       │
│ 31      │    81.0% │    9.19 │   400/100 │ reference │       │
│ 32      │    73.3% │   17.47 │   101/400 │ candidate │       │
│ 33      │    67.0% │   13.84 │   400/100 │ reference │       │
│ 34      │    87.0% │   10.33 │   100/222 │ candidate │       │
│ 35      │    75.1% │   16.17 │   189/400 │ candidate │       │
│ 36      │    80.0% │   16.07 │   400/400 │ equal     │       │
│ 37      │    78.8% │   12.06 │   400/400 │ equal     │       │
│ 38      │    74.7% │   17.79 │   194/400 │ candidate │       │
│ 39      │    71.3% │    7.39 │   101/349 │ candidate │       │
│ 40      │    77.0% │   11.52 │   400/100 │ reference │       │
│ 41      │    78.6% │    7.89 │   400/238 │ reference │       │
│ 42      │    78.0% │   10.37 │   168/400 │ candidate │       │
│ 43      │    81.3% │   11.89 │   235/377 │ candidate │       │
│ 44      │    73.3% │   12.80 │   232/400 │ candidate │       │
│ 45      │    81.8% │    9.86 │   225/400 │ candidate │       │
│ 46      │    79.5% │    7.60 │   400/400 │ equal     │       │
│ 47      │    82.8% │   14.10 │   400/400 │ equal     │       │
│ 48      │    70.3% │   17.69 │   101/310 │ candidate │       │
│ 49      │    82.2% │    9.69 │   347/247 │ reference │       │
│ 50      │    81.3% │    8.81 │   182/400 │ candidate │       │
└─────────┴──────────┴─────────┴───────────┴───────────┴───────┘
   Aligned run-level comparison across matched episode pairs.   

Statistical Summary
                              Statistical Summary                              
┏━━━━━━━━━━━━━━━━━━━━━━━━━━┳━━━━━━━━━━┳━━━━━━━━━━┳━━━━━━━━━━━┳━━━━━━━━━━━┳━━━━┓
┃ Metric                   ┃     Mean ┃      Std ┃       Min ┃       Max ┃  N ┃
┡━━━━━━━━━━━━━━━━━━━━━━━━━━╇━━━━━━━━━━╇━━━━━━━━━━╇━━━━━━━━━━━╇━━━━━━━━━━━╇━━━━┩
│ Action mismatch rate     │   0.7831 │   0.0520 │    0.6300 │    0.9300 │ 50 │
│ Mean trajectory distance │  11.0450 │   3.5138 │    5.1400 │   18.5156 │ 50 │
│ Mean vitality difference │   0.2423 │   0.1087 │    0.0060 │    0.5358 │ 50 │
│ Final vitality delta     │  -0.0381 │   0.5244 │   -1.0000 │   +0.8740 │ 50 │
│ Total steps delta        │ +28.9200 │ 193.5328 │ -300.0000 │ +299.0000 │ 50 │
└──────────────────────────┴──────────┴──────────┴───────────┴───────────┴────┘
              Descriptive statistics across valid episode pairs.               
  Hint: How often the two agents chose different actions at the same timestep.
  Hint: Average Manhattan distance between the two agents per episode.
  Hint: Average absolute difference in vitality between the two agents.
  Hint: Candidate final vitality minus reference final vitality.
  Hint: Candidate episode length minus reference episode length.
  Survival rates: reference=38%  candidate=38%
  Longer survivor: candidate=24  reference=17  equal=9

Configurations
  Hint: Differing config values are highlighted when terminal styling is enabled.
  Reference config: system_type=system_aw
    system_type: system_aw
    experiment_type: single_run
    general.seed: 42
    execution.max_steps: 400
    execution.trace_mode: full
    execution.parallelism_mode: episodes
    execution.max_workers: 8
    world.world_type: grid_2d
    world.grid_width: 20
    world.grid_height: 20
    world.obstacle_density: 0.2
    world.resource_regen_rate: 0.01
    world.resource_regen_cooldown_steps: 10
    world.topology: bounded
    world.regeneration_mode: clustered
    world.num_clusters: 3
    world.regen_eligible_ratio: 0.1
    system.agent.initial_energy: 100.0
    system.agent.max_energy: 100.0
    system.agent.buffer_capacity: 50
    system.policy.selection_mode: argmax
    system.policy.temperature: 10.0
    system.policy.stay_suppression: 0.1
    system.policy.consume_weight: 2.0
    system.transition.move_cost: 1.0
    system.transition.consume_cost: 0.5
    system.transition.stay_cost: 0.3
    system.transition.max_consume: 1.0
    system.transition.energy_gain_factor: 15.0
    system.curiosity.base_curiosity: 0.0
    system.curiosity.spatial_sensory_balance: 0.7
    system.curiosity.explore_suppression: 0.35
    system.curiosity.novelty_sharpness: 1.5
    system.arbitration.hunger_weight_base: 1.0
    system.arbitration.curiosity_weight_base: 1.0
    system.arbitration.gating_sharpness: 2.0
    num_episodes_per_run: 50
    agent_start_position.x: 10
    agent_start_position.y: 10
  Candidate config: system_type=system_aw
    system_type: system_aw
    experiment_type: single_run
    general.seed: 42
    execution.max_steps: 400
    execution.trace_mode: full
    execution.parallelism_mode: episodes
    execution.max_workers: 8
    world.world_type: grid_2d
    world.grid_width: 20
    world.grid_height: 20
    world.obstacle_density: 0.2
    world.resource_regen_rate: 0.01
    world.resource_regen_cooldown_steps: 10
    world.topology: bounded
    world.regeneration_mode: clustered
    world.num_clusters: 3
    world.regen_eligible_ratio: 0.1
    system.agent.initial_energy: 100.0
    system.agent.max_energy: 100.0
    system.agent.buffer_capacity: 50
    system.policy.selection_mode: argmax
    system.policy.temperature: 10.0
    system.policy.stay_suppression: 0.1
    system.policy.consume_weight: 2.0
    system.transition.move_cost: 1.0
    system.transition.consume_cost: 0.5
    system.transition.stay_cost: 0.3
    system.transition.max_consume: 1.0
    system.transition.energy_gain_factor: 15.0
    system.curiosity.base_curiosity: 0.5
    system.curiosity.spatial_sensory_balance: 0.5
    system.curiosity.explore_suppression: 0.35
    system.curiosity.novelty_sharpness: 1.5
    system.arbitration.hunger_weight_base: 0.5
    system.arbitration.curiosity_weight_base: 0.5
    system.arbitration.gating_sharpness: 2.0
    num_episodes_per_run: 50
    agent_start_position.x: 10
    agent_start_position.y: 10
